
RAxML-NG v. 1.2.2 released on 30.04.2024 by The Exelixis Lab.
Developed by: Alexey M. Kozlov and Alexandros Stamatakis.
Contributors: Diego Darriba, Tomas Flouri, Benoit Morel, Sarah Lutteropp, Ben Bettisworth, Julia Haag, Anastasis Togkousidis.
Latest version: https://github.com/amkozlov/raxml-ng
Questions/problems/suggestions? Please visit: https://groups.google.com/forum/#!forum/raxml

System: Apple M2, 8 cores, 8 GB RAM

RAxML-NG was called at 25-Nov-2025 23:19:28 as follows:

raxml-ng --all --msa nt_tree/nt_alligned.trimal.fasta --model GTR+G --prefix nt_tree/raxml/nt_tree --bs-trees autoMRE --threads 8 --seed 2

Analysis options:
  run mode: ML tree search + bootstrapping (Felsenstein Bootstrap)
  start tree(s): random (10) + parsimony (10)
  bootstrap replicates: parsimony (max: 1000) + bootstopping (autoMRE, cutoff: 0.030000)
  random seed: 2
  tip-inner: OFF
  pattern compression: ON
  per-rate scalers: OFF
  site repeats: ON
  logLH epsilon: general: 10.000000, brlen-triplet: 1000.000000
  fast spr radius: AUTO
  spr subtree cutoff: 1.000000
  fast CLV updates: ON
  branch lengths: proportional (ML estimate, algorithm: NR-FAST)
  SIMD kernels: SSE3
  parallelization: coarse-grained (auto), PTHREADS (8 threads), thread pinning: OFF

[00:00:00] Reading alignment from file: nt_tree/nt_alligned.trimal.fasta
[00:00:00] Loaded alignment with 91 taxa and 1530 sites

WARNING: Sequences ENJ2135865.1/1-1530 and MCI7296858.1/1-1530 are exactly identical!
WARNING: Sequences EEW4813662.1/1-1530 and HBK9204701.1/1-1530 are exactly identical!
WARNING: Sequences EOY4627736.1/1-1530 and ENB6026857.1/1-1530 are exactly identical!
WARNING: Sequences PHL26444.1/1-1530 and ELT8056872.1/1-1530 are exactly identical!
WARNING: Sequences PHL26444.1/1-1530 and EGD7494482.1/1-1530 are exactly identical!
WARNING: Sequences PHL26444.1/1-1530 and EFW0658533.1/1-1530 are exactly identical!
WARNING: Duplicate sequences found: 6

NOTE: Reduced alignment (with duplicates and gap-only sites/taxa removed) 
NOTE: was saved to: /Users/lachlanblack/Documents/GitHub/EspY3-protein-evolution/fresh_wd/nt_tree/raxml/nt_tree.raxml.reduced.phy

Alignment comprises 1 partitions and 471 patterns

Partition 0: noname
Model: GTR+FO+G4m
Alignment sites / patterns: 1530 / 471
Gaps: 2.69 %
Invariant sites: 50.00 %


NOTE: Binary MSA file created: nt_tree/raxml/nt_tree.raxml.rba

Parallelization scheme autoconfig: 8 worker(s) x 1 thread(s)

[00:00:00] Generating 10 random starting tree(s) with 91 taxa
[00:00:00] Generating 10 parsimony starting tree(s) with 91 taxa
Parallel parsimony with 8 threads
Parallel reduction/worker buffer size: 1 KB  / 0 KB

[00:00:00] Data distribution: max. partitions/sites/weight per thread: 1 / 471 / 7536
[00:00:00] Data distribution: max. searches per worker: 128

Starting ML tree search with 20 distinct starting trees

[00:00:19] [worker #1] ML tree search #2, logLikelihood: -9035.125170
[00:00:20] [worker #7] ML tree search #8, logLikelihood: -9020.594311
[00:00:20] [worker #3] ML tree search #4, logLikelihood: -9026.914351
[00:00:21] [worker #5] ML tree search #6, logLikelihood: -9041.320917
[00:00:21] [worker #2] ML tree search #3, logLikelihood: -9028.411004
[00:00:24] [worker #0] ML tree search #1, logLikelihood: -9034.221933
[00:00:26] [worker #4] ML tree search #5, logLikelihood: -9034.681476
[00:00:30] [worker #6] ML tree search #7, logLikelihood: -9085.993795
[00:00:34] [worker #7] ML tree search #16, logLikelihood: -9047.167553
[00:00:35] [worker #5] ML tree search #14, logLikelihood: -9052.120740
[00:00:35] [worker #2] ML tree search #11, logLikelihood: -9021.645171
[00:00:38] [worker #4] ML tree search #13, logLikelihood: -9025.004986
[00:00:43] [worker #3] ML tree search #12, logLikelihood: -9042.640859
[00:00:43] [worker #1] ML tree search #10, logLikelihood: -9054.121958
[00:00:45] [worker #6] ML tree search #15, logLikelihood: -9025.336373
[00:00:48] [worker #0] ML tree search #9, logLikelihood: -9038.185777
[00:00:49] [worker #2] ML tree search #19, logLikelihood: -9019.739612
[00:00:56] [worker #3] ML tree search #20, logLikelihood: -9047.997711
[00:00:57] [worker #1] ML tree search #18, logLikelihood: -9021.649628
[00:01:03] [worker #0] ML tree search #17, logLikelihood: -9024.934299

[00:01:03] ML tree search completed, best tree logLH: -9019.739612

[00:01:03] Starting bootstrapping analysis with 1000 replicates.

[00:01:14] [worker #6] Bootstrap tree #7, logLikelihood: -8892.783299
[00:01:14] [worker #0] Bootstrap tree #1, logLikelihood: -8614.193244
[00:01:14] [worker #5] Bootstrap tree #6, logLikelihood: -8323.478613
[00:01:15] [worker #3] Bootstrap tree #4, logLikelihood: -8464.441705
[00:01:16] [worker #1] Bootstrap tree #2, logLikelihood: -9063.537249
[00:01:16] [worker #4] Bootstrap tree #5, logLikelihood: -8711.101765
[00:01:18] [worker #7] Bootstrap tree #8, logLikelihood: -8465.901641
[00:01:24] [worker #2] Bootstrap tree #3, logLikelihood: -8301.950350
[00:01:25] [worker #0] Bootstrap tree #9, logLikelihood: -9209.302826
[00:01:25] [worker #5] Bootstrap tree #14, logLikelihood: -8317.092877
[00:01:26] [worker #6] Bootstrap tree #15, logLikelihood: -8516.179661
[00:01:28] [worker #1] Bootstrap tree #10, logLikelihood: -9283.163243
[00:01:28] [worker #3] Bootstrap tree #12, logLikelihood: -8755.145923
[00:01:29] [worker #4] Bootstrap tree #13, logLikelihood: -8600.530480
[00:01:30] [worker #7] Bootstrap tree #16, logLikelihood: -8797.922003
[00:01:40] [worker #2] Bootstrap tree #11, logLikelihood: -8504.389329
[00:01:42] [worker #6] Bootstrap tree #23, logLikelihood: -8896.281316
[00:01:43] [worker #5] Bootstrap tree #22, logLikelihood: -9084.398666
[00:01:45] [worker #0] Bootstrap tree #17, logLikelihood: -9282.373846
[00:01:47] [worker #1] Bootstrap tree #18, logLikelihood: -8732.237218
[00:01:47] [worker #4] Bootstrap tree #21, logLikelihood: -8867.591329
[00:01:48] [worker #3] Bootstrap tree #20, logLikelihood: -8612.403889
[00:01:50] [worker #7] Bootstrap tree #24, logLikelihood: -8997.331268
[00:01:54] [worker #6] Bootstrap tree #31, logLikelihood: -8984.576054
[00:01:57] [worker #5] Bootstrap tree #30, logLikelihood: -9139.553654
[00:01:58] [worker #4] Bootstrap tree #29, logLikelihood: -9388.815662
[00:02:00] [worker #1] Bootstrap tree #26, logLikelihood: -8661.024775
[00:02:01] [worker #2] Bootstrap tree #19, logLikelihood: -8578.780602
[00:02:01] [worker #3] Bootstrap tree #28, logLikelihood: -8774.058764
[00:02:02] [worker #7] Bootstrap tree #32, logLikelihood: -8918.624906
[00:02:05] [worker #0] Bootstrap tree #25, logLikelihood: -8950.656438
[00:02:05] [worker #6] Bootstrap tree #39, logLikelihood: -8926.692195
[00:02:09] [worker #5] Bootstrap tree #38, logLikelihood: -8893.150943
[00:02:12] [worker #4] Bootstrap tree #37, logLikelihood: -8466.930025
[00:02:13] [worker #1] Bootstrap tree #34, logLikelihood: -8648.920171
[00:02:13] [worker #2] Bootstrap tree #27, logLikelihood: -9022.690058
[00:02:14] [worker #3] Bootstrap tree #36, logLikelihood: -8659.730850
[00:02:14] [worker #7] Bootstrap tree #40, logLikelihood: -8993.096275
[00:02:19] [worker #0] Bootstrap tree #33, logLikelihood: -9552.409503
[00:02:24] [worker #6] Bootstrap tree #47, logLikelihood: -8627.234695
[00:02:24] [worker #5] Bootstrap tree #46, logLikelihood: -8969.068032
[00:02:24] [worker #1] Bootstrap tree #42, logLikelihood: -8817.632465
[00:02:25] [worker #4] Bootstrap tree #45, logLikelihood: -8570.256650
[00:02:26] [worker #2] Bootstrap tree #35, logLikelihood: -9518.585961
[00:02:31] [worker #7] Bootstrap tree #48, logLikelihood: -8669.936795
[00:02:32] [worker #0] Bootstrap tree #41, logLikelihood: -8633.825592
[00:02:34] [worker #3] Bootstrap tree #44, logLikelihood: -9168.123198
[00:02:36] [worker #1] Bootstrap tree #50, logLikelihood: -8611.838999
[00:02:38] [worker #2] Bootstrap tree #43, logLikelihood: -9058.319692
[00:02:51] [worker #0] Bootstrap tree #49, logLikelihood: -9235.489756
[00:03:03] [worker #6] Bootstrap tree #55, logLikelihood: -9551.434577
[00:03:04] [worker #3] Bootstrap tree #52, logLikelihood: -8436.844875
[00:03:05] [worker #1] Bootstrap tree #58, logLikelihood: -8763.340280
[00:03:05] [worker #7] Bootstrap tree #56, logLikelihood: -9241.357382
[00:03:05] [worker #2] Bootstrap tree #51, logLikelihood: -9261.283919
[00:03:05] [worker #4] Bootstrap tree #53, logLikelihood: -8718.550269
[00:03:06] [worker #5] Bootstrap tree #54, logLikelihood: -9252.514838
[00:03:07] [worker #0] Bootstrap tree #57, logLikelihood: -8546.297910
[00:03:16] [worker #3] Bootstrap tree #60, logLikelihood: -8595.080921
[00:03:16] [worker #2] Bootstrap tree #59, logLikelihood: -8404.669727
[00:03:17] [worker #6] Bootstrap tree #63, logLikelihood: -9169.995384
[00:03:17] [worker #1] Bootstrap tree #66, logLikelihood: -8312.267936
[00:03:19] [worker #4] Bootstrap tree #61, logLikelihood: -8551.180926
[00:03:19] [worker #5] Bootstrap tree #62, logLikelihood: -8548.120327
[00:03:20] [worker #0] Bootstrap tree #65, logLikelihood: -8670.481447
[00:03:24] [worker #7] Bootstrap tree #64, logLikelihood: -8834.349115
[00:03:28] [worker #2] Bootstrap tree #67, logLikelihood: -8379.887224
[00:03:31] [worker #1] Bootstrap tree #74, logLikelihood: -8950.848642
[00:03:32] [worker #0] Bootstrap tree #73, logLikelihood: -8752.476919
[00:03:32] [worker #3] Bootstrap tree #68, logLikelihood: -8655.556876
[00:03:32] [worker #5] Bootstrap tree #70, logLikelihood: -8362.314660
[00:03:34] [worker #6] Bootstrap tree #71, logLikelihood: -8986.316927
[00:03:35] [worker #4] Bootstrap tree #69, logLikelihood: -8706.011793
[00:03:36] [worker #7] Bootstrap tree #72, logLikelihood: -8812.096164
[00:03:40] [worker #2] Bootstrap tree #75, logLikelihood: -8900.692262
[00:03:44] [worker #3] Bootstrap tree #76, logLikelihood: -8904.543639
[00:03:45] [worker #5] Bootstrap tree #78, logLikelihood: -8784.076863
[00:03:45] [worker #0] Bootstrap tree #81, logLikelihood: -9020.487918
[00:03:47] [worker #4] Bootstrap tree #77, logLikelihood: -8666.759927
[00:03:48] [worker #7] Bootstrap tree #80, logLikelihood: -8618.328975
[00:03:50] [worker #6] Bootstrap tree #79, logLikelihood: -9450.897093
[00:03:50] [worker #1] Bootstrap tree #82, logLikelihood: -9279.643726
[00:03:54] [worker #2] Bootstrap tree #83, logLikelihood: -8445.461085
[00:03:56] [worker #3] Bootstrap tree #84, logLikelihood: -8790.145023
[00:03:57] [worker #0] Bootstrap tree #89, logLikelihood: -8818.686092
[00:04:01] [worker #4] Bootstrap tree #85, logLikelihood: -9165.696519
[00:04:01] [worker #5] Bootstrap tree #86, logLikelihood: -8795.258537
[00:04:02] [worker #7] Bootstrap tree #88, logLikelihood: -9335.676510
[00:04:02] [worker #6] Bootstrap tree #87, logLikelihood: -8587.883055
[00:04:04] [worker #1] Bootstrap tree #90, logLikelihood: -9211.691786
[00:04:06] [worker #2] Bootstrap tree #91, logLikelihood: -8577.508603
[00:04:11] [worker #3] Bootstrap tree #92, logLikelihood: -8844.718812
[00:04:11] [worker #0] Bootstrap tree #97, logLikelihood: -8895.256331
[00:04:14] [worker #6] Bootstrap tree #95, logLikelihood: -8295.633548
[00:04:14] [worker #4] Bootstrap tree #93, logLikelihood: -8969.833327
[00:04:17] [worker #1] Bootstrap tree #98, logLikelihood: -8897.682824
[00:04:20] [worker #7] Bootstrap tree #96, logLikelihood: -8823.557935
[00:04:21] [worker #5] Bootstrap tree #94, logLikelihood: -9254.123725
[00:04:24] [worker #3] Bootstrap tree #100, logLikelihood: -8871.966587
[00:04:25] [worker #2] Bootstrap tree #99, logLikelihood: -8291.373330
[00:04:37] [worker #3] Bootstrap tree #108, logLikelihood: -9033.065250
[00:04:37] [worker #4] Bootstrap tree #101, logLikelihood: -9294.863652
[00:04:38] [worker #0] Bootstrap tree #105, logLikelihood: -8869.261863
[00:04:39] [worker #6] Bootstrap tree #103, logLikelihood: -8536.304028
[00:04:39] [worker #7] Bootstrap tree #104, logLikelihood: -9173.781893
[00:04:39] [worker #5] Bootstrap tree #102, logLikelihood: -9311.728178
[00:04:42] [worker #2] Bootstrap tree #107, logLikelihood: -9160.696187
[00:04:43] [worker #1] Bootstrap tree #106, logLikelihood: -9131.786898
[00:04:48] [worker #3] Bootstrap tree #116, logLikelihood: -8139.329578
[00:04:52] [worker #5] Bootstrap tree #110, logLikelihood: -8868.018607
[00:04:53] [worker #7] Bootstrap tree #112, logLikelihood: -8704.756834
[00:04:53] [worker #6] Bootstrap tree #111, logLikelihood: -8415.034742
[00:04:53] [worker #2] Bootstrap tree #115, logLikelihood: -9099.213467
[00:04:55] [worker #1] Bootstrap tree #114, logLikelihood: -9125.481267
[00:04:56] [worker #0] Bootstrap tree #113, logLikelihood: -8811.839214
[00:04:59] [worker #3] Bootstrap tree #124, logLikelihood: -8644.304317
[00:05:05] [worker #4] Bootstrap tree #109, logLikelihood: -8752.555857
[00:05:05] [worker #5] Bootstrap tree #118, logLikelihood: -8308.979398
[00:05:06] [worker #2] Bootstrap tree #123, logLikelihood: -9030.342445
[00:05:07] [worker #6] Bootstrap tree #119, logLikelihood: -8789.808949
[00:05:08] [worker #1] Bootstrap tree #122, logLikelihood: -8670.473724
[00:05:15] [worker #3] Bootstrap tree #132, logLikelihood: -9188.993903
[00:05:17] [worker #4] Bootstrap tree #117, logLikelihood: -9302.559959
[00:05:20] [worker #5] Bootstrap tree #126, logLikelihood: -8326.772537
[00:05:20] [worker #7] Bootstrap tree #120, logLikelihood: -8753.457309
[00:05:21] [worker #1] Bootstrap tree #130, logLikelihood: -8612.785717
[00:05:22] [worker #6] Bootstrap tree #127, logLikelihood: -9159.272543
[00:05:23] [worker #0] Bootstrap tree #121, logLikelihood: -9146.837910
[00:05:24] [worker #2] Bootstrap tree #131, logLikelihood: -8678.402199
[00:05:27] [worker #3] Bootstrap tree #140, logLikelihood: -8493.417842
[00:05:29] [worker #4] Bootstrap tree #125, logLikelihood: -8577.243548
[00:05:32] [worker #5] Bootstrap tree #134, logLikelihood: -8385.201175
[00:05:32] [worker #1] Bootstrap tree #138, logLikelihood: -8418.918688
[00:05:34] [worker #7] Bootstrap tree #128, logLikelihood: -8922.867036
[00:05:34] [worker #6] Bootstrap tree #135, logLikelihood: -9211.947924
[00:05:36] [worker #0] Bootstrap tree #129, logLikelihood: -8414.268496
[00:05:38] [worker #2] Bootstrap tree #139, logLikelihood: -9483.014006
[00:05:45] [worker #3] Bootstrap tree #148, logLikelihood: -9062.544819
[00:05:46] [worker #5] Bootstrap tree #142, logLikelihood: -8612.219640
[00:05:49] [worker #4] Bootstrap tree #133, logLikelihood: -8189.415013
[00:05:50] [worker #6] Bootstrap tree #143, logLikelihood: -8864.354735
[00:05:51] [worker #0] Bootstrap tree #137, logLikelihood: -8914.420451
[00:05:51] [worker #2] Bootstrap tree #147, logLikelihood: -8789.596698
[00:05:53] [worker #1] Bootstrap tree #146, logLikelihood: -8811.973652
[00:05:57] [worker #7] Bootstrap tree #136, logLikelihood: -9247.350503
[00:05:59] [worker #5] Bootstrap tree #150, logLikelihood: -8154.840533
[00:06:01] [worker #4] Bootstrap tree #141, logLikelihood: -9025.817463
[00:06:05] [worker #0] Bootstrap tree #145, logLikelihood: -8986.590925
[00:06:11] [worker #7] Bootstrap tree #144, logLikelihood: -8678.952887
[00:06:12] [worker #4] Bootstrap tree #149, logLikelihood: -9300.614171
[00:06:25] [worker #2] Bootstrap tree #155, logLikelihood: -8668.326706
[00:06:25] [worker #0] Bootstrap tree #153, logLikelihood: -8686.119078
[00:06:26] [worker #7] Bootstrap tree #152, logLikelihood: -8694.025837
[00:06:27] [worker #5] Bootstrap tree #158, logLikelihood: -9598.493846
[00:06:27] [worker #1] Bootstrap tree #154, logLikelihood: -9282.815667
[00:06:27] [worker #6] Bootstrap tree #151, logLikelihood: -8319.447206
[00:06:27] [worker #3] Bootstrap tree #156, logLikelihood: -8722.092290
[00:06:28] [worker #4] Bootstrap tree #157, logLikelihood: -8713.859719
[00:06:37] [worker #2] Bootstrap tree #163, logLikelihood: -8869.956323
[00:06:39] [worker #0] Bootstrap tree #161, logLikelihood: -8840.082663
[00:06:39] [worker #7] Bootstrap tree #160, logLikelihood: -9001.002007
[00:06:39] [worker #5] Bootstrap tree #166, logLikelihood: -8696.113594
[00:06:40] [worker #3] Bootstrap tree #164, logLikelihood: -9009.226875
[00:06:41] [worker #4] Bootstrap tree #165, logLikelihood: -8760.280795
[00:06:46] [worker #1] Bootstrap tree #162, logLikelihood: -9229.743393
[00:06:48] [worker #6] Bootstrap tree #159, logLikelihood: -8461.450840
[00:06:50] [worker #2] Bootstrap tree #171, logLikelihood: -8710.453020
[00:06:52] [worker #3] Bootstrap tree #172, logLikelihood: -8391.008955
[00:06:52] [worker #0] Bootstrap tree #169, logLikelihood: -8421.636790
[00:06:53] [worker #7] Bootstrap tree #168, logLikelihood: -9008.496049
[00:06:54] [worker #4] Bootstrap tree #173, logLikelihood: -8867.946577
[00:06:56] [worker #5] Bootstrap tree #174, logLikelihood: -8916.040954
[00:07:00] [worker #1] Bootstrap tree #170, logLikelihood: -9154.131561
[00:07:02] [worker #6] Bootstrap tree #167, logLikelihood: -8904.763153
[00:07:02] [worker #2] Bootstrap tree #179, logLikelihood: -9506.445570
[00:07:04] [worker #0] Bootstrap tree #177, logLikelihood: -8643.699668
[00:07:06] [worker #3] Bootstrap tree #180, logLikelihood: -8581.665883
[00:07:08] [worker #5] Bootstrap tree #182, logLikelihood: -8520.930365
[00:07:11] [worker #7] Bootstrap tree #176, logLikelihood: -9413.531741
[00:07:13] [worker #4] Bootstrap tree #181, logLikelihood: -9246.151439
[00:07:14] [worker #2] Bootstrap tree #187, logLikelihood: -9067.706476
[00:07:14] [worker #1] Bootstrap tree #178, logLikelihood: -8640.214287
[00:07:14] [worker #6] Bootstrap tree #175, logLikelihood: -8861.879657
[00:07:18] [worker #0] Bootstrap tree #185, logLikelihood: -9048.838487
[00:07:19] [worker #3] Bootstrap tree #188, logLikelihood: -8507.664491
[00:07:20] [worker #5] Bootstrap tree #190, logLikelihood: -8976.145275
[00:07:22] [worker #7] Bootstrap tree #184, logLikelihood: -8533.574897
[00:07:24] [worker #4] Bootstrap tree #189, logLikelihood: -9087.761926
[00:07:25] [worker #1] Bootstrap tree #186, logLikelihood: -9262.237954
[00:07:26] [worker #2] Bootstrap tree #195, logLikelihood: -8969.649089
[00:07:30] [worker #0] Bootstrap tree #193, logLikelihood: -8291.156256
[00:07:32] [worker #6] Bootstrap tree #183, logLikelihood: -8672.993213
[00:07:32] [worker #3] Bootstrap tree #196, logLikelihood: -8808.514941
[00:07:34] [worker #5] Bootstrap tree #198, logLikelihood: -9023.876770
[00:07:36] [worker #7] Bootstrap tree #192, logLikelihood: -8644.245539
[00:07:36] [worker #4] Bootstrap tree #197, logLikelihood: -8910.023525
[00:07:39] [worker #1] Bootstrap tree #194, logLikelihood: -9282.480452
[00:07:44] [worker #6] Bootstrap tree #191, logLikelihood: -8709.985773
[00:07:47] [worker #7] Bootstrap tree #200, logLikelihood: -8951.201802
[00:07:57] [worker #6] Bootstrap tree #199, logLikelihood: -8731.555822
[00:08:10] [worker #7] Bootstrap tree #208, logLikelihood: -9134.472736
[00:08:10] [worker #3] Bootstrap tree #204, logLikelihood: -9063.457134
[00:08:11] [worker #6] Bootstrap tree #207, logLikelihood: -8794.729705
[00:08:11] [worker #1] Bootstrap tree #202, logLikelihood: -9127.945781
[00:08:11] [worker #4] Bootstrap tree #205, logLikelihood: -8747.479746
[00:08:11] [worker #2] Bootstrap tree #203, logLikelihood: -8299.182189
[00:08:12] [worker #0] Bootstrap tree #201, logLikelihood: -8758.837088
[00:08:13] [worker #5] Bootstrap tree #206, logLikelihood: -8916.680923
[00:08:21] [worker #1] Bootstrap tree #210, logLikelihood: -8938.817076
[00:08:21] [worker #3] Bootstrap tree #212, logLikelihood: -8534.861831
[00:08:22] [worker #7] Bootstrap tree #216, logLikelihood: -8802.897017
[00:08:22] [worker #6] Bootstrap tree #215, logLikelihood: -9648.356124
[00:08:25] [worker #2] Bootstrap tree #211, logLikelihood: -9570.430769
[00:08:27] [worker #5] Bootstrap tree #214, logLikelihood: -8910.369375
[00:08:30] [worker #4] Bootstrap tree #213, logLikelihood: -9412.476398
[00:08:32] [worker #0] Bootstrap tree #209, logLikelihood: -8544.443950
[00:08:35] [worker #7] Bootstrap tree #224, logLikelihood: -8809.049526
[00:08:35] [worker #1] Bootstrap tree #218, logLikelihood: -8573.585979
[00:08:36] [worker #3] Bootstrap tree #220, logLikelihood: -8511.560343
[00:08:38] [worker #2] Bootstrap tree #219, logLikelihood: -9193.785455
[00:08:40] [worker #5] Bootstrap tree #222, logLikelihood: -9044.158817
[00:08:42] [worker #6] Bootstrap tree #223, logLikelihood: -9386.944831
[00:08:43] [worker #4] Bootstrap tree #221, logLikelihood: -8842.405606
[00:08:48] [worker #1] Bootstrap tree #226, logLikelihood: -9181.244138
[00:08:49] [worker #0] Bootstrap tree #217, logLikelihood: -8630.502007
[00:08:50] [worker #3] Bootstrap tree #228, logLikelihood: -9249.937398
[00:08:51] [worker #2] Bootstrap tree #227, logLikelihood: -8795.077086
[00:08:51] [worker #5] Bootstrap tree #230, logLikelihood: -8927.107048
[00:08:53] [worker #6] Bootstrap tree #231, logLikelihood: -9069.581657
[00:08:54] [worker #7] Bootstrap tree #232, logLikelihood: -8899.726953
[00:08:56] [worker #4] Bootstrap tree #229, logLikelihood: -9185.713731
[00:09:02] [worker #3] Bootstrap tree #236, logLikelihood: -8297.727810
[00:09:04] [worker #0] Bootstrap tree #225, logLikelihood: -8927.614055
[00:09:05] [worker #2] Bootstrap tree #235, logLikelihood: -8630.633326
[00:09:05] [worker #7] Bootstrap tree #240, logLikelihood: -8828.005719
[00:09:06] [worker #5] Bootstrap tree #238, logLikelihood: -9261.822529
[00:09:07] [worker #6] Bootstrap tree #239, logLikelihood: -8989.238326
[00:09:08] [worker #4] Bootstrap tree #237, logLikelihood: -8509.512385
[00:09:08] [worker #1] Bootstrap tree #234, logLikelihood: -8798.846116
[00:09:15] [worker #3] Bootstrap tree #244, logLikelihood: -9221.088660
[00:09:17] [worker #0] Bootstrap tree #233, logLikelihood: -8376.880063
[00:09:18] [worker #7] Bootstrap tree #248, logLikelihood: -8811.755052
[00:09:19] [worker #2] Bootstrap tree #243, logLikelihood: -8945.644059
[00:09:20] [worker #1] Bootstrap tree #242, logLikelihood: -8614.594676
[00:09:20] [worker #4] Bootstrap tree #245, logLikelihood: -9119.642082
[00:09:21] [worker #6] Bootstrap tree #247, logLikelihood: -8716.767252
[00:09:21] [worker #5] Bootstrap tree #246, logLikelihood: -9244.763509
[00:09:29] [worker #0] Bootstrap tree #241, logLikelihood: -8932.897086
[00:09:31] [worker #1] Bootstrap tree #250, logLikelihood: -8865.133618
[00:09:46] [worker #0] Bootstrap tree #249, logLikelihood: -8657.805371
[00:09:59] [worker #0] Bootstrap tree #257, logLikelihood: -9176.357508
[00:09:59] [worker #2] Bootstrap tree #251, logLikelihood: -9078.514733
[00:10:00] [worker #7] Bootstrap tree #256, logLikelihood: -9328.093177
[00:10:00] [worker #5] Bootstrap tree #254, logLikelihood: -8996.751075
[00:10:01] [worker #3] Bootstrap tree #252, logLikelihood: -9390.238327
[00:10:02] [worker #4] Bootstrap tree #253, logLikelihood: -8306.966829
[00:10:06] [worker #6] Bootstrap tree #255, logLikelihood: -8139.123432
[00:10:10] [worker #1] Bootstrap tree #258, logLikelihood: -8959.356683
[00:10:12] [worker #2] Bootstrap tree #259, logLikelihood: -8687.487204
[00:10:12] [worker #7] Bootstrap tree #264, logLikelihood: -8507.471460
[00:10:13] [worker #5] Bootstrap tree #262, logLikelihood: -9016.201560
[00:10:15] [worker #4] Bootstrap tree #261, logLikelihood: -9000.989008
[00:10:16] [worker #0] Bootstrap tree #265, logLikelihood: -8387.701725
[00:10:16] [worker #3] Bootstrap tree #260, logLikelihood: -9179.488089
[00:10:19] [worker #6] Bootstrap tree #263, logLikelihood: -8258.747154
[00:10:24] [worker #1] Bootstrap tree #266, logLikelihood: -9227.678616
[00:10:24] [worker #5] Bootstrap tree #270, logLikelihood: -8397.391864
[00:10:24] [worker #2] Bootstrap tree #267, logLikelihood: -8668.013535
[00:10:26] [worker #7] Bootstrap tree #272, logLikelihood: -9328.324044
[00:10:28] [worker #4] Bootstrap tree #269, logLikelihood: -8788.007570
[00:10:31] [worker #3] Bootstrap tree #268, logLikelihood: -8822.209652
[00:10:33] [worker #0] Bootstrap tree #273, logLikelihood: -9675.217551
[00:10:34] [worker #6] Bootstrap tree #271, logLikelihood: -8588.204143
[00:10:38] [worker #2] Bootstrap tree #275, logLikelihood: -8416.899248
[00:10:41] [worker #7] Bootstrap tree #280, logLikelihood: -8828.407428
[00:10:42] [worker #4] Bootstrap tree #277, logLikelihood: -8794.429906
[00:10:43] [worker #1] Bootstrap tree #274, logLikelihood: -9398.204210
[00:10:45] [worker #3] Bootstrap tree #276, logLikelihood: -8950.513656
[00:10:45] [worker #5] Bootstrap tree #278, logLikelihood: -8640.365687
[00:10:46] [worker #0] Bootstrap tree #281, logLikelihood: -8230.007522
[00:10:47] [worker #6] Bootstrap tree #279, logLikelihood: -8785.885089
[00:10:50] [worker #2] Bootstrap tree #283, logLikelihood: -9052.860781
[00:10:55] [worker #4] Bootstrap tree #285, logLikelihood: -8944.252462
[00:10:56] [worker #1] Bootstrap tree #282, logLikelihood: -8721.406299
[00:10:57] [worker #0] Bootstrap tree #289, logLikelihood: -9124.085521
[00:10:57] [worker #5] Bootstrap tree #286, logLikelihood: -8424.794214
[00:10:58] [worker #3] Bootstrap tree #284, logLikelihood: -9574.248434
[00:11:00] [worker #6] Bootstrap tree #287, logLikelihood: -9413.493588
[00:11:01] [worker #7] Bootstrap tree #288, logLikelihood: -9051.193777
[00:11:02] [worker #2] Bootstrap tree #291, logLikelihood: -8928.689526
[00:11:07] [worker #4] Bootstrap tree #293, logLikelihood: -8932.987025
[00:11:08] [worker #1] Bootstrap tree #290, logLikelihood: -8968.008858
[00:11:09] [worker #0] Bootstrap tree #297, logLikelihood: -8255.197546
[00:11:11] [worker #6] Bootstrap tree #295, logLikelihood: -8595.015214
[00:11:12] [worker #3] Bootstrap tree #292, logLikelihood: -9278.667538
[00:11:17] [worker #2] Bootstrap tree #299, logLikelihood: -8804.638334
[00:11:19] [worker #5] Bootstrap tree #294, logLikelihood: -9481.648632
[00:11:19] [worker #7] Bootstrap tree #296, logLikelihood: -8902.808410
[00:11:23] [worker #1] Bootstrap tree #298, logLikelihood: -8417.354955
[00:11:23] [worker #3] Bootstrap tree #300, logLikelihood: -8830.771129
[00:11:37] [worker #1] Bootstrap tree #306, logLikelihood: -8456.147070
[00:11:37] [worker #6] Bootstrap tree #303, logLikelihood: -8423.913998
[00:11:38] [worker #0] Bootstrap tree #305, logLikelihood: -8570.860371
[00:11:38] [worker #5] Bootstrap tree #302, logLikelihood: -9455.282344
[00:11:38] [worker #2] Bootstrap tree #307, logLikelihood: -9502.740547
[00:11:39] [worker #7] Bootstrap tree #304, logLikelihood: -8786.701485
[00:11:39] [worker #4] Bootstrap tree #301, logLikelihood: -8723.295701
[00:11:40] [worker #3] Bootstrap tree #308, logLikelihood: -9327.137761
[00:11:49] [worker #6] Bootstrap tree #311, logLikelihood: -9135.685389
[00:11:50] [worker #2] Bootstrap tree #315, logLikelihood: -8381.545055
[00:11:50] [worker #0] Bootstrap tree #313, logLikelihood: -8542.002472
[00:11:50] [worker #5] Bootstrap tree #310, logLikelihood: -8609.104516
[00:11:52] [worker #1] Bootstrap tree #314, logLikelihood: -8748.935855
[00:11:53] [worker #4] Bootstrap tree #309, logLikelihood: -8502.507979
[00:11:55] [worker #3] Bootstrap tree #316, logLikelihood: -9096.291973
[00:11:55] [worker #7] Bootstrap tree #312, logLikelihood: -9171.734084
[00:12:00] [worker #6] Bootstrap tree #319, logLikelihood: -8731.129800
[00:12:00] [worker #2] Bootstrap tree #323, logLikelihood: -8652.995760
[00:12:03] [worker #5] Bootstrap tree #318, logLikelihood: -9130.420206
[00:12:04] [worker #1] Bootstrap tree #322, logLikelihood: -9149.064433
[00:12:08] [worker #0] Bootstrap tree #321, logLikelihood: -9406.096600
[00:12:08] [worker #7] Bootstrap tree #320, logLikelihood: -8905.598437
[00:12:10] [worker #4] Bootstrap tree #317, logLikelihood: -8953.541033
[00:12:12] [worker #2] Bootstrap tree #331, logLikelihood: -8384.214745
[00:12:13] [worker #3] Bootstrap tree #324, logLikelihood: -8704.561012
[00:12:13] [worker #6] Bootstrap tree #327, logLikelihood: -9152.965984
[00:12:16] [worker #1] Bootstrap tree #330, logLikelihood: -9072.516955
[00:12:18] [worker #5] Bootstrap tree #326, logLikelihood: -9399.109692
[00:12:24] [worker #7] Bootstrap tree #328, logLikelihood: -8979.016520
[00:12:28] [worker #6] Bootstrap tree #335, logLikelihood: -8849.165751
[00:12:28] [worker #3] Bootstrap tree #332, logLikelihood: -9723.827981
[00:12:29] [worker #2] Bootstrap tree #339, logLikelihood: -8380.421315
[00:12:31] [worker #0] Bootstrap tree #329, logLikelihood: -9062.358034
[00:12:31] [worker #4] Bootstrap tree #325, logLikelihood: -8693.508374
[00:12:35] [worker #1] Bootstrap tree #338, logLikelihood: -8612.059103
[00:12:41] [worker #7] Bootstrap tree #336, logLikelihood: -8967.199342
[00:12:43] [worker #5] Bootstrap tree #334, logLikelihood: -9385.202338
[00:12:43] [worker #2] Bootstrap tree #347, logLikelihood: -8530.893618
[00:12:45] [worker #3] Bootstrap tree #340, logLikelihood: -9012.534891
[00:12:46] [worker #6] Bootstrap tree #343, logLikelihood: -8759.160754
[00:12:46] [worker #4] Bootstrap tree #333, logLikelihood: -9080.206813
[00:12:47] [worker #0] Bootstrap tree #337, logLikelihood: -9005.242113
[00:12:48] [worker #1] Bootstrap tree #346, logLikelihood: -8830.171267
[00:12:54] [worker #5] Bootstrap tree #342, logLikelihood: -8399.880438
[00:12:56] [worker #3] Bootstrap tree #348, logLikelihood: -8609.158810
[00:12:58] [worker #4] Bootstrap tree #341, logLikelihood: -8880.886625
[00:12:58] [worker #0] Bootstrap tree #345, logLikelihood: -8944.183313
[00:13:00] [worker #7] Bootstrap tree #344, logLikelihood: -8334.760412
[00:13:06] [worker #5] Bootstrap tree #350, logLikelihood: -8466.863765
[00:13:17] [worker #4] Bootstrap tree #349, logLikelihood: -9204.508935
[00:13:31] [worker #6] Bootstrap tree #351, logLikelihood: -8788.089204
[00:13:31] [worker #4] Bootstrap tree #357, logLikelihood: -8776.688381
[00:13:31] [worker #2] Bootstrap tree #355, logLikelihood: -9028.743288
[00:13:32] [worker #5] Bootstrap tree #358, logLikelihood: -9302.491925
[00:13:32] [worker #0] Bootstrap tree #353, logLikelihood: -9340.827955
[00:13:33] [worker #3] Bootstrap tree #356, logLikelihood: -8475.540245
[00:13:33] [worker #1] Bootstrap tree #354, logLikelihood: -8408.008477
[00:13:34] [worker #7] Bootstrap tree #352, logLikelihood: -8473.864530
[00:13:43] [worker #6] Bootstrap tree #359, logLikelihood: -8962.184164
[00:13:44] [worker #4] Bootstrap tree #365, logLikelihood: -8614.251564
[00:13:45] [worker #2] Bootstrap tree #363, logLikelihood: -8706.413912
[00:13:46] [worker #5] Bootstrap tree #366, logLikelihood: -8691.056879
[00:13:46] [worker #3] Bootstrap tree #364, logLikelihood: -9156.401524
[00:13:47] [worker #1] Bootstrap tree #362, logLikelihood: -9095.241392
[00:13:48] [worker #7] Bootstrap tree #360, logLikelihood: -9186.314730
[00:13:54] [worker #0] Bootstrap tree #361, logLikelihood: -8694.740991
[00:13:58] [worker #2] Bootstrap tree #371, logLikelihood: -9275.457153
[00:13:58] [worker #5] Bootstrap tree #374, logLikelihood: -8784.830689
[00:13:59] [worker #6] Bootstrap tree #367, logLikelihood: -8542.048577
[00:14:00] [worker #1] Bootstrap tree #370, logLikelihood: -9099.096569
[00:14:00] [worker #3] Bootstrap tree #372, logLikelihood: -9122.939456
[00:14:00] [worker #7] Bootstrap tree #368, logLikelihood: -8522.560937
[00:14:03] [worker #4] Bootstrap tree #373, logLikelihood: -8787.703330
[00:14:09] [worker #0] Bootstrap tree #369, logLikelihood: -9053.837151
[00:14:09] [worker #2] Bootstrap tree #379, logLikelihood: -9073.842722
[00:14:12] [worker #5] Bootstrap tree #382, logLikelihood: -8791.675831
[00:14:12] [worker #3] Bootstrap tree #380, logLikelihood: -8455.659034
[00:14:13] [worker #7] Bootstrap tree #376, logLikelihood: -8284.647834
[00:14:14] [worker #1] Bootstrap tree #378, logLikelihood: -8484.319104
[00:14:14] [worker #4] Bootstrap tree #381, logLikelihood: -8210.053841
[00:14:15] [worker #6] Bootstrap tree #375, logLikelihood: -8844.866262
[00:14:24] [worker #0] Bootstrap tree #377, logLikelihood: -8421.639335
[00:14:25] [worker #2] Bootstrap tree #387, logLikelihood: -8267.196051
[00:14:25] [worker #7] Bootstrap tree #384, logLikelihood: -8769.561867
[00:14:25] [worker #3] Bootstrap tree #388, logLikelihood: -8193.362989
[00:14:26] [worker #5] Bootstrap tree #390, logLikelihood: -9258.084865
[00:14:28] [worker #1] Bootstrap tree #386, logLikelihood: -8483.109085
[00:14:28] [worker #6] Bootstrap tree #383, logLikelihood: -8988.641861
[00:14:30] [worker #4] Bootstrap tree #389, logLikelihood: -8987.486487
[00:14:37] [worker #3] Bootstrap tree #396, logLikelihood: -8605.087716
[00:14:38] [worker #0] Bootstrap tree #385, logLikelihood: -8568.780038
[00:14:39] [worker #7] Bootstrap tree #392, logLikelihood: -8778.436046
[00:14:40] [worker #2] Bootstrap tree #395, logLikelihood: -9293.621693
[00:14:40] [worker #1] Bootstrap tree #394, logLikelihood: -8895.744159
[00:14:46] [worker #4] Bootstrap tree #397, logLikelihood: -9150.591352
[00:14:46] [worker #5] Bootstrap tree #398, logLikelihood: -8837.372473
[00:14:48] [worker #6] Bootstrap tree #391, logLikelihood: -9016.053288
[00:14:51] [worker #0] Bootstrap tree #393, logLikelihood: -9409.755576
[00:14:52] [worker #7] Bootstrap tree #400, logLikelihood: -8723.767131
[00:15:02] [worker #6] Bootstrap tree #399, logLikelihood: -8848.052048
[00:15:19] [worker #2] Bootstrap tree #403, logLikelihood: -9184.538093
[00:15:19] [worker #5] Bootstrap tree #406, logLikelihood: -9119.087469
[00:15:19] [worker #0] Bootstrap tree #401, logLikelihood: -8532.797954
[00:15:20] [worker #6] Bootstrap tree #407, logLikelihood: -8624.364925
[00:15:20] [worker #3] Bootstrap tree #404, logLikelihood: -8959.231639
[00:15:25] [worker #4] Bootstrap tree #405, logLikelihood: -8358.642359
[00:15:26] [worker #1] Bootstrap tree #402, logLikelihood: -9755.319310
[00:15:31] [worker #0] Bootstrap tree #409, logLikelihood: -9269.784638
[00:15:34] [worker #2] Bootstrap tree #411, logLikelihood: -9044.275153
[00:15:34] [worker #3] Bootstrap tree #412, logLikelihood: -9069.891347
[00:15:34] [worker #5] Bootstrap tree #414, logLikelihood: -8247.004861
[00:15:37] [worker #7] Bootstrap tree #408, logLikelihood: -8918.484389
[00:15:39] [worker #4] Bootstrap tree #413, logLikelihood: -8274.577555
[00:15:42] [worker #6] Bootstrap tree #415, logLikelihood: -8881.270133
[00:15:44] [worker #1] Bootstrap tree #410, logLikelihood: -8895.441131
[00:15:47] [worker #2] Bootstrap tree #419, logLikelihood: -8917.214191
[00:15:48] [worker #3] Bootstrap tree #420, logLikelihood: -9077.710623
[00:15:48] [worker #7] Bootstrap tree #416, logLikelihood: -8404.253673
[00:15:49] [worker #5] Bootstrap tree #422, logLikelihood: -8701.216848
[00:15:52] [worker #0] Bootstrap tree #417, logLikelihood: -8857.454422
[00:15:55] [worker #4] Bootstrap tree #421, logLikelihood: -8812.577556
[00:15:57] [worker #1] Bootstrap tree #418, logLikelihood: -8762.166796
[00:15:59] [worker #7] Bootstrap tree #424, logLikelihood: -8854.190547
[00:16:00] [worker #3] Bootstrap tree #428, logLikelihood: -9369.915957
[00:16:02] [worker #6] Bootstrap tree #423, logLikelihood: -9269.029254
[00:16:03] [worker #5] Bootstrap tree #430, logLikelihood: -8404.213137
[00:16:07] [worker #2] Bootstrap tree #427, logLikelihood: -8596.322844
[00:16:09] [worker #0] Bootstrap tree #425, logLikelihood: -8803.738060
[00:16:12] [worker #1] Bootstrap tree #426, logLikelihood: -8322.252602
[00:16:13] [worker #4] Bootstrap tree #429, logLikelihood: -9140.588257
[00:16:14] [worker #7] Bootstrap tree #432, logLikelihood: -8488.348844
[00:16:14] [worker #3] Bootstrap tree #436, logLikelihood: -8454.480965
[00:16:16] [worker #5] Bootstrap tree #438, logLikelihood: -8489.493073
[00:16:17] [worker #6] Bootstrap tree #431, logLikelihood: -8601.534825
[00:16:21] [worker #2] Bootstrap tree #435, logLikelihood: -8405.862352
[00:16:22] [worker #0] Bootstrap tree #433, logLikelihood: -8842.892933
[00:16:25] [worker #4] Bootstrap tree #437, logLikelihood: -9125.801769
[00:16:27] [worker #7] Bootstrap tree #440, logLikelihood: -8746.111775
[00:16:27] [worker #3] Bootstrap tree #444, logLikelihood: -9216.665212
[00:16:30] [worker #5] Bootstrap tree #446, logLikelihood: -9569.479316
[00:16:31] [worker #6] Bootstrap tree #439, logLikelihood: -9150.559934
[00:16:34] [worker #1] Bootstrap tree #434, logLikelihood: -8785.072691
[00:16:34] [worker #2] Bootstrap tree #443, logLikelihood: -8071.026193
[00:16:38] [worker #7] Bootstrap tree #448, logLikelihood: -8744.290167
[00:16:40] [worker #0] Bootstrap tree #441, logLikelihood: -9123.267194
[00:16:45] [worker #6] Bootstrap tree #447, logLikelihood: -8830.846911
[00:16:46] [worker #1] Bootstrap tree #442, logLikelihood: -8739.386681
[00:16:47] [worker #4] Bootstrap tree #445, logLikelihood: -8886.925639
[00:16:53] [worker #0] Bootstrap tree #449, logLikelihood: -8709.589996
[00:16:57] [worker #1] Bootstrap tree #450, logLikelihood: -8969.138823
[00:17:11] [worker #1] Bootstrap tree #458, logLikelihood: -9180.074232
[00:17:13] [worker #7] Bootstrap tree #456, logLikelihood: -8817.968415
[00:17:13] [worker #5] Bootstrap tree #454, logLikelihood: -9374.978337
[00:17:13] [worker #2] Bootstrap tree #451, logLikelihood: -8969.351764
[00:17:14] [worker #0] Bootstrap tree #457, logLikelihood: -9164.359628
[00:17:14] [worker #4] Bootstrap tree #453, logLikelihood: -9041.611344
[00:17:14] [worker #3] Bootstrap tree #452, logLikelihood: -9040.995152
[00:17:16] [worker #6] Bootstrap tree #455, logLikelihood: -8834.667344
[00:17:24] [worker #1] Bootstrap tree #466, logLikelihood: -8795.750160
[00:17:25] [worker #7] Bootstrap tree #464, logLikelihood: -8314.069841
[00:17:27] [worker #5] Bootstrap tree #462, logLikelihood: -8932.554490
[00:17:28] [worker #4] Bootstrap tree #461, logLikelihood: -9002.263890
[00:17:30] [worker #2] Bootstrap tree #459, logLikelihood: -8743.965779
[00:17:30] [worker #0] Bootstrap tree #465, logLikelihood: -8538.858755
[00:17:30] [worker #3] Bootstrap tree #460, logLikelihood: -9190.671662
[00:17:33] [worker #6] Bootstrap tree #463, logLikelihood: -8966.494161
[00:17:37] [worker #1] Bootstrap tree #474, logLikelihood: -9174.748007
[00:17:43] [worker #0] Bootstrap tree #473, logLikelihood: -8787.560921
[00:17:43] [worker #3] Bootstrap tree #468, logLikelihood: -8419.938381
[00:17:43] [worker #5] Bootstrap tree #470, logLikelihood: -9049.058914
[00:17:43] [worker #4] Bootstrap tree #469, logLikelihood: -8528.611070
[00:17:47] [worker #2] Bootstrap tree #467, logLikelihood: -9000.149906
[00:17:48] [worker #6] Bootstrap tree #471, logLikelihood: -9089.420532
[00:17:51] [worker #1] Bootstrap tree #482, logLikelihood: -7938.133387
[00:17:53] [worker #7] Bootstrap tree #472, logLikelihood: -9034.131297
[00:17:57] [worker #4] Bootstrap tree #477, logLikelihood: -8842.613588
[00:17:58] [worker #0] Bootstrap tree #481, logLikelihood: -8923.778684
[00:17:58] [worker #3] Bootstrap tree #476, logLikelihood: -9444.148941
[00:18:04] [worker #1] Bootstrap tree #490, logLikelihood: -8876.703476
[00:18:04] [worker #2] Bootstrap tree #475, logLikelihood: -9085.777439
[00:18:07] [worker #7] Bootstrap tree #480, logLikelihood: -9397.283083
[00:18:08] [worker #5] Bootstrap tree #478, logLikelihood: -8283.888839
[00:18:08] [worker #6] Bootstrap tree #479, logLikelihood: -8902.010093
[00:18:10] [worker #4] Bootstrap tree #485, logLikelihood: -9115.977128
[00:18:11] [worker #3] Bootstrap tree #484, logLikelihood: -8811.756364
[00:18:13] [worker #0] Bootstrap tree #489, logLikelihood: -8962.041951
[00:18:17] [worker #1] Bootstrap tree #498, logLikelihood: -9361.123072
[00:18:19] [worker #2] Bootstrap tree #483, logLikelihood: -8915.377791
[00:18:22] [worker #5] Bootstrap tree #486, logLikelihood: -8442.772375
[00:18:23] [worker #4] Bootstrap tree #493, logLikelihood: -8668.365843
[00:18:27] [worker #0] Bootstrap tree #497, logLikelihood: -8910.617689
[00:18:27] [worker #7] Bootstrap tree #488, logLikelihood: -9302.468156
[00:18:27] [worker #3] Bootstrap tree #492, logLikelihood: -9268.422726
[00:18:27] [worker #6] Bootstrap tree #487, logLikelihood: -9043.712429
[00:18:33] [worker #2] Bootstrap tree #491, logLikelihood: -8932.268892
[00:18:35] [worker #5] Bootstrap tree #494, logLikelihood: -9340.626272
[00:18:38] [worker #3] Bootstrap tree #500, logLikelihood: -9065.331166
[00:18:39] [worker #7] Bootstrap tree #496, logLikelihood: -8793.973978
[00:18:40] [worker #6] Bootstrap tree #495, logLikelihood: -8648.995964
[00:18:44] [worker #2] Bootstrap tree #499, logLikelihood: -9004.025094
[00:19:01] [worker #1] Bootstrap tree #506, logLikelihood: -9002.941628
[00:19:02] [worker #3] Bootstrap tree #508, logLikelihood: -8749.654295
[00:19:02] [worker #5] Bootstrap tree #502, logLikelihood: -8569.337295
[00:19:02] [worker #2] Bootstrap tree #507, logLikelihood: -9163.045255
[00:19:02] [worker #0] Bootstrap tree #505, logLikelihood: -8600.805307
[00:19:03] [worker #6] Bootstrap tree #503, logLikelihood: -8657.988365
[00:19:04] [worker #7] Bootstrap tree #504, logLikelihood: -9385.179941
[00:19:04] [worker #4] Bootstrap tree #501, logLikelihood: -8762.110749
[00:19:16] [worker #0] Bootstrap tree #513, logLikelihood: -8688.633883
[00:19:17] [worker #2] Bootstrap tree #515, logLikelihood: -9086.661152
[00:19:18] [worker #5] Bootstrap tree #510, logLikelihood: -8887.376786
[00:19:19] [worker #7] Bootstrap tree #512, logLikelihood: -8399.906778
[00:19:20] [worker #4] Bootstrap tree #509, logLikelihood: -9421.062185
[00:19:20] [worker #1] Bootstrap tree #514, logLikelihood: -9273.573237
[00:19:21] [worker #3] Bootstrap tree #516, logLikelihood: -9042.846691
[00:19:26] [worker #6] Bootstrap tree #511, logLikelihood: -9156.396467
[00:19:29] [worker #0] Bootstrap tree #521, logLikelihood: -9067.345032
[00:19:31] [worker #2] Bootstrap tree #523, logLikelihood: -8886.726641
[00:19:32] [worker #7] Bootstrap tree #520, logLikelihood: -9039.285587
[00:19:33] [worker #1] Bootstrap tree #522, logLikelihood: -8623.511976
[00:19:33] [worker #3] Bootstrap tree #524, logLikelihood: -8239.134940
[00:19:34] [worker #4] Bootstrap tree #517, logLikelihood: -8867.705989
[00:19:34] [worker #5] Bootstrap tree #518, logLikelihood: -8516.525173
[00:19:41] [worker #6] Bootstrap tree #519, logLikelihood: -8799.639596
[00:19:43] [worker #0] Bootstrap tree #529, logLikelihood: -8287.014529
[00:19:45] [worker #2] Bootstrap tree #531, logLikelihood: -8507.950689
[00:19:46] [worker #7] Bootstrap tree #528, logLikelihood: -8217.198919
[00:19:47] [worker #3] Bootstrap tree #532, logLikelihood: -8719.980673
[00:19:47] [worker #5] Bootstrap tree #526, logLikelihood: -8577.997456
[00:19:48] [worker #4] Bootstrap tree #525, logLikelihood: -8899.797114
[00:19:56] [worker #0] Bootstrap tree #537, logLikelihood: -9245.146491
[00:19:59] [worker #1] Bootstrap tree #530, logLikelihood: -8814.599962
[00:20:00] [worker #2] Bootstrap tree #539, logLikelihood: -9196.778471
[00:20:00] [worker #5] Bootstrap tree #534, logLikelihood: -8705.179353
[00:20:01] [worker #4] Bootstrap tree #533, logLikelihood: -8523.259135
[00:20:02] [worker #3] Bootstrap tree #540, logLikelihood: -8778.703547
[00:20:08] [worker #6] Bootstrap tree #527, logLikelihood: -8635.655858
[00:20:08] [worker #7] Bootstrap tree #536, logLikelihood: -9056.588002
[00:20:12] [worker #5] Bootstrap tree #542, logLikelihood: -8808.523870
[00:20:13] [worker #1] Bootstrap tree #538, logLikelihood: -8611.701518
[00:20:13] [worker #0] Bootstrap tree #545, logLikelihood: -9387.188776
[00:20:13] [worker #2] Bootstrap tree #547, logLikelihood: -8818.214187
[00:20:16] [worker #3] Bootstrap tree #548, logLikelihood: -9104.732774
[00:20:18] [worker #4] Bootstrap tree #541, logLikelihood: -9630.432854
[00:20:20] [worker #6] Bootstrap tree #535, logLikelihood: -9222.668567
[00:20:22] [worker #7] Bootstrap tree #544, logLikelihood: -9017.097397
[00:20:29] [worker #1] Bootstrap tree #546, logLikelihood: -8654.305811
[00:20:30] [worker #5] Bootstrap tree #550, logLikelihood: -8353.141259
[00:20:31] [worker #4] Bootstrap tree #549, logLikelihood: -8766.865460
[00:20:33] [worker #6] Bootstrap tree #543, logLikelihood: -9155.113715
[00:20:50] [worker #4] Bootstrap tree #557, logLikelihood: -8939.845033
[00:20:52] [worker #2] Bootstrap tree #555, logLikelihood: -8942.370605
[00:20:53] [worker #0] Bootstrap tree #553, logLikelihood: -9281.228752
[00:20:53] [worker #3] Bootstrap tree #556, logLikelihood: -8946.637650
[00:20:54] [worker #6] Bootstrap tree #551, logLikelihood: -9180.804284
[00:20:55] [worker #1] Bootstrap tree #554, logLikelihood: -8875.449055
[00:20:57] [worker #7] Bootstrap tree #552, logLikelihood: -8712.886469
[00:21:02] [worker #4] Bootstrap tree #565, logLikelihood: -9101.901020
[00:21:05] [worker #5] Bootstrap tree #558, logLikelihood: -9335.346426
[00:21:07] [worker #2] Bootstrap tree #563, logLikelihood: -9152.479198
[00:21:09] [worker #0] Bootstrap tree #561, logLikelihood: -8228.619549
[00:21:09] [worker #6] Bootstrap tree #559, logLikelihood: -8493.629374
[00:21:10] [worker #1] Bootstrap tree #562, logLikelihood: -9173.625684
[00:21:11] [worker #3] Bootstrap tree #564, logLikelihood: -9257.659503
[00:21:14] [worker #7] Bootstrap tree #560, logLikelihood: -9670.008268
[00:21:15] [worker #4] Bootstrap tree #573, logLikelihood: -8683.154453
[00:21:18] [worker #5] Bootstrap tree #566, logLikelihood: -8794.746517
[00:21:23] [worker #6] Bootstrap tree #567, logLikelihood: -8279.070155
[00:21:24] [worker #1] Bootstrap tree #570, logLikelihood: -8975.874330
[00:21:24] [worker #0] Bootstrap tree #569, logLikelihood: -8760.301901
[00:21:24] [worker #2] Bootstrap tree #571, logLikelihood: -8986.497099
[00:21:26] [worker #3] Bootstrap tree #572, logLikelihood: -8648.141913
[00:21:30] [worker #4] Bootstrap tree #581, logLikelihood: -8890.239283
[00:21:31] [worker #7] Bootstrap tree #568, logLikelihood: -9001.873211
[00:21:38] [worker #6] Bootstrap tree #575, logLikelihood: -9196.397678
[00:21:38] [worker #5] Bootstrap tree #574, logLikelihood: -9022.884376
[00:21:39] [worker #1] Bootstrap tree #578, logLikelihood: -8700.368164
[00:21:39] [worker #3] Bootstrap tree #580, logLikelihood: -9310.283187
[00:21:40] [worker #0] Bootstrap tree #577, logLikelihood: -8804.330674
[00:21:41] [worker #2] Bootstrap tree #579, logLikelihood: -8470.825053
[00:21:44] [worker #4] Bootstrap tree #589, logLikelihood: -9096.152723
[00:21:48] [worker #7] Bootstrap tree #576, logLikelihood: -8598.268918
[00:21:52] [worker #3] Bootstrap tree #588, logLikelihood: -8810.406733
[00:21:52] [worker #5] Bootstrap tree #582, logLikelihood: -9465.497121
[00:21:56] [worker #1] Bootstrap tree #586, logLikelihood: -8833.955956
[00:21:57] [worker #0] Bootstrap tree #585, logLikelihood: -9342.879952
[00:21:59] [worker #4] Bootstrap tree #597, logLikelihood: -8753.414220
[00:21:59] [worker #6] Bootstrap tree #583, logLikelihood: -9461.452533
[00:22:00] [worker #2] Bootstrap tree #587, logLikelihood: -9086.099906
[00:22:02] [worker #7] Bootstrap tree #584, logLikelihood: -8572.710123
[00:22:06] [worker #5] Bootstrap tree #590, logLikelihood: -8133.377215
[00:22:09] [worker #3] Bootstrap tree #596, logLikelihood: -8683.476016
[00:22:14] [worker #6] Bootstrap tree #591, logLikelihood: -8653.718596
[00:22:15] [worker #2] Bootstrap tree #595, logLikelihood: -9152.532132
[00:22:17] [worker #7] Bootstrap tree #592, logLikelihood: -9229.234604
[00:22:18] [worker #1] Bootstrap tree #594, logLikelihood: -8614.859913
[00:22:27] [worker #0] Bootstrap tree #593, logLikelihood: -9031.233187
[00:22:28] [worker #6] Bootstrap tree #599, logLikelihood: -8939.567340
[00:22:29] [worker #5] Bootstrap tree #598, logLikelihood: -8749.736516
[00:22:32] [worker #7] Bootstrap tree #600, logLikelihood: -8902.446298
[00:22:50] [worker #6] Bootstrap tree #607, logLikelihood: -9219.646856
[00:22:51] [worker #3] Bootstrap tree #604, logLikelihood: -8979.832864
[00:22:51] [worker #5] Bootstrap tree #606, logLikelihood: -8509.678542
[00:22:51] [worker #0] Bootstrap tree #601, logLikelihood: -8391.331286
[00:22:54] [worker #1] Bootstrap tree #602, logLikelihood: -8777.154415
[00:22:58] [worker #7] Bootstrap tree #608, logLikelihood: -8605.379869
[00:22:59] [worker #4] Bootstrap tree #605, logLikelihood: -8958.777239
[00:23:04] [worker #2] Bootstrap tree #603, logLikelihood: -8605.321723
[00:23:07] [worker #6] Bootstrap tree #615, logLikelihood: -8865.119291
[00:23:09] [worker #3] Bootstrap tree #612, logLikelihood: -8642.502712
[00:23:09] [worker #5] Bootstrap tree #614, logLikelihood: -9130.206054
[00:23:09] [worker #0] Bootstrap tree #609, logLikelihood: -8463.985387
[00:23:14] [worker #1] Bootstrap tree #610, logLikelihood: -8928.550622
[00:23:14] [worker #4] Bootstrap tree #613, logLikelihood: -8776.750229
[00:23:16] [worker #7] Bootstrap tree #616, logLikelihood: -8586.607157
[00:23:25] [worker #3] Bootstrap tree #620, logLikelihood: -8410.721076
[00:23:26] [worker #6] Bootstrap tree #623, logLikelihood: -8328.880029
[00:23:27] [worker #5] Bootstrap tree #622, logLikelihood: -8788.740211
[00:23:27] [worker #0] Bootstrap tree #617, logLikelihood: -9050.463303
[00:23:27] [worker #2] Bootstrap tree #611, logLikelihood: -8792.996045
[00:23:31] [worker #4] Bootstrap tree #621, logLikelihood: -8854.793053
[00:23:31] [worker #7] Bootstrap tree #624, logLikelihood: -8604.580287
[00:23:33] [worker #1] Bootstrap tree #618, logLikelihood: -8933.569796
[00:23:39] [worker #3] Bootstrap tree #628, logLikelihood: -9158.412012
[00:23:41] [worker #0] Bootstrap tree #625, logLikelihood: -8800.383890
[00:23:42] [worker #5] Bootstrap tree #630, logLikelihood: -8556.041781
[00:23:42] [worker #6] Bootstrap tree #631, logLikelihood: -8475.972416
[00:23:43] [worker #2] Bootstrap tree #619, logLikelihood: -8796.190465
[00:23:46] [worker #7] Bootstrap tree #632, logLikelihood: -8875.403904
[00:23:47] [worker #4] Bootstrap tree #629, logLikelihood: -8855.451496
[00:23:48] [worker #1] Bootstrap tree #626, logLikelihood: -8368.254127
[00:23:52] [worker #3] Bootstrap tree #636, logLikelihood: -8536.976482
[00:23:56] [worker #2] Bootstrap tree #627, logLikelihood: -8889.179184
[00:23:58] [worker #0] Bootstrap tree #633, logLikelihood: -8801.627156
[00:23:58] [worker #5] Bootstrap tree #638, logLikelihood: -8493.180864
[00:23:59] [worker #4] Bootstrap tree #637, logLikelihood: -9259.871639
[00:24:01] [worker #6] Bootstrap tree #639, logLikelihood: -9255.175319
[00:24:03] [worker #7] Bootstrap tree #640, logLikelihood: -8714.616467
[00:24:08] [worker #1] Bootstrap tree #634, logLikelihood: -9138.929562
[00:24:11] [worker #2] Bootstrap tree #635, logLikelihood: -8723.678917
[00:24:12] [worker #0] Bootstrap tree #641, logLikelihood: -8803.582196
[00:24:13] [worker #5] Bootstrap tree #646, logLikelihood: -9183.570801
[00:24:15] [worker #4] Bootstrap tree #645, logLikelihood: -9402.988814
[00:24:15] [worker #3] Bootstrap tree #644, logLikelihood: -9057.100128
[00:24:20] [worker #7] Bootstrap tree #648, logLikelihood: -9546.145292
[00:24:23] [worker #6] Bootstrap tree #647, logLikelihood: -8273.112133
[00:24:24] [worker #1] Bootstrap tree #642, logLikelihood: -9024.381016
[00:24:25] [worker #0] Bootstrap tree #649, logLikelihood: -8969.041311
[00:24:26] [worker #2] Bootstrap tree #643, logLikelihood: -8896.919006
[00:24:37] [worker #1] Bootstrap tree #650, logLikelihood: -8860.309502
[00:40:34] [worker #0] Bootstrap tree #657, logLikelihood: -8808.180598
[00:40:35] [worker #2] Bootstrap tree #651, logLikelihood: -8762.337035
[00:40:36] [worker #7] Bootstrap tree #656, logLikelihood: -9275.430891
[00:40:36] [worker #4] Bootstrap tree #653, logLikelihood: -8420.945889
[00:40:37] [worker #1] Bootstrap tree #658, logLikelihood: -8611.466077
[00:40:37] [worker #3] Bootstrap tree #652, logLikelihood: -9381.726907
[00:40:39] [worker #6] Bootstrap tree #655, logLikelihood: -8781.353959
[00:40:42] [worker #5] Bootstrap tree #654, logLikelihood: -9073.165384
[00:40:47] [worker #0] Bootstrap tree #665, logLikelihood: -8584.157686
[00:40:49] [worker #2] Bootstrap tree #659, logLikelihood: -8898.426833
[00:40:50] [worker #7] Bootstrap tree #664, logLikelihood: -8943.438851
[00:40:50] [worker #4] Bootstrap tree #661, logLikelihood: -8502.010444
[00:40:51] [worker #1] Bootstrap tree #666, logLikelihood: -8941.409251
[00:40:54] [worker #3] Bootstrap tree #660, logLikelihood: -8874.054410
[00:41:00] [worker #5] Bootstrap tree #662, logLikelihood: -8873.599628
[00:41:01] [worker #6] Bootstrap tree #663, logLikelihood: -9685.719151
[00:41:05] [worker #4] Bootstrap tree #669, logLikelihood: -8571.908900
[00:41:06] [worker #2] Bootstrap tree #667, logLikelihood: -8526.044997
[00:41:08] [worker #0] Bootstrap tree #673, logLikelihood: -8875.640916
[00:41:08] [worker #7] Bootstrap tree #672, logLikelihood: -8847.566297
[00:41:09] [worker #1] Bootstrap tree #674, logLikelihood: -8425.958279
[00:41:12] [worker #3] Bootstrap tree #668, logLikelihood: -8804.916143
[00:41:16] [worker #5] Bootstrap tree #670, logLikelihood: -8851.182021
[00:41:17] [worker #6] Bootstrap tree #671, logLikelihood: -8691.627213
[00:41:18] [worker #4] Bootstrap tree #677, logLikelihood: -8272.057073
[00:41:22] [worker #1] Bootstrap tree #682, logLikelihood: -9440.841038
[00:41:23] [worker #2] Bootstrap tree #675, logLikelihood: -8960.632160
[00:41:23] [worker #0] Bootstrap tree #681, logLikelihood: -8738.927999
[00:41:24] [worker #3] Bootstrap tree #676, logLikelihood: -9202.563187
[00:41:26] [worker #7] Bootstrap tree #680, logLikelihood: -8975.113111
[00:41:31] [worker #5] Bootstrap tree #678, logLikelihood: -9457.299877
[00:41:32] [worker #6] Bootstrap tree #679, logLikelihood: -8793.262869
[00:41:33] [worker #4] Bootstrap tree #685, logLikelihood: -8646.552605
[00:41:36] [worker #1] Bootstrap tree #690, logLikelihood: -8095.130935
[00:41:39] [worker #2] Bootstrap tree #683, logLikelihood: -8855.840122
[00:41:39] [worker #3] Bootstrap tree #684, logLikelihood: -8892.623990
[00:41:40] [worker #0] Bootstrap tree #689, logLikelihood: -8837.213082
[00:41:42] [worker #7] Bootstrap tree #688, logLikelihood: -8678.435624
[00:41:47] [worker #6] Bootstrap tree #687, logLikelihood: -9114.191970
[00:41:50] [worker #4] Bootstrap tree #693, logLikelihood: -9150.540140
[00:41:50] [worker #5] Bootstrap tree #686, logLikelihood: -8469.978278
[00:41:54] [worker #1] Bootstrap tree #698, logLikelihood: -9132.027870
[00:41:55] [worker #3] Bootstrap tree #692, logLikelihood: -8570.548134
[00:41:55] [worker #2] Bootstrap tree #691, logLikelihood: -9152.889942
[00:41:57] [worker #7] Bootstrap tree #696, logLikelihood: -8925.096697
[00:42:03] [worker #6] Bootstrap tree #695, logLikelihood: -8839.426800
[00:42:06] [worker #0] Bootstrap tree #697, logLikelihood: -8551.737894
[00:42:06] [worker #5] Bootstrap tree #694, logLikelihood: -8780.522915
[00:42:08] [worker #3] Bootstrap tree #700, logLikelihood: -8799.484579
[00:42:12] [worker #2] Bootstrap tree #699, logLikelihood: -9063.360118
[00:42:33] [worker #5] Bootstrap tree #702, logLikelihood: -8286.911395
[00:42:35] [worker #6] Bootstrap tree #703, logLikelihood: -8901.743758
[00:42:35] [worker #3] Bootstrap tree #708, logLikelihood: -8594.430105
[00:42:37] [worker #2] Bootstrap tree #707, logLikelihood: -9066.249347
[00:42:38] [worker #1] Bootstrap tree #706, logLikelihood: -9040.469935
[00:42:38] [worker #0] Bootstrap tree #705, logLikelihood: -8560.777290
[00:42:39] [worker #4] Bootstrap tree #701, logLikelihood: -8873.310218
[00:42:42] [worker #7] Bootstrap tree #704, logLikelihood: -9077.391349
[00:42:48] [worker #5] Bootstrap tree #710, logLikelihood: -8672.673822
[00:42:51] [worker #3] Bootstrap tree #716, logLikelihood: -9047.502027
[00:42:51] [worker #6] Bootstrap tree #711, logLikelihood: -8831.700006
[00:42:53] [worker #1] Bootstrap tree #714, logLikelihood: -8455.353032
[00:42:54] [worker #0] Bootstrap tree #713, logLikelihood: -8683.512743
[00:42:56] [worker #7] Bootstrap tree #712, logLikelihood: -8945.487638
[00:42:57] [worker #4] Bootstrap tree #709, logLikelihood: -8879.799538
[00:43:02] [worker #2] Bootstrap tree #715, logLikelihood: -8835.238712
[00:43:06] [worker #5] Bootstrap tree #718, logLikelihood: -9103.186592
[00:43:09] [worker #6] Bootstrap tree #719, logLikelihood: -8320.841688
[00:43:09] [worker #0] Bootstrap tree #721, logLikelihood: -8629.785532
[00:43:10] [worker #1] Bootstrap tree #722, logLikelihood: -9104.077053
[00:43:12] [worker #3] Bootstrap tree #724, logLikelihood: -8913.547329
[00:43:13] [worker #7] Bootstrap tree #720, logLikelihood: -8362.716750
[00:43:15] [worker #4] Bootstrap tree #717, logLikelihood: -8974.229722
[00:43:18] [worker #2] Bootstrap tree #723, logLikelihood: -8539.657192
[00:43:24] [worker #0] Bootstrap tree #729, logLikelihood: -9216.746411
[00:43:24] [worker #5] Bootstrap tree #726, logLikelihood: -8570.394675
[00:43:26] [worker #6] Bootstrap tree #727, logLikelihood: -9095.179446
[00:43:27] [worker #1] Bootstrap tree #730, logLikelihood: -8939.444839
[00:43:30] [worker #3] Bootstrap tree #732, logLikelihood: -8968.573426
[00:43:31] [worker #4] Bootstrap tree #725, logLikelihood: -8679.113669
[00:43:35] [worker #2] Bootstrap tree #731, logLikelihood: -8554.492665
[00:43:36] [worker #7] Bootstrap tree #728, logLikelihood: -8959.259553
[00:43:39] [worker #5] Bootstrap tree #734, logLikelihood: -9200.257290
[00:43:41] [worker #0] Bootstrap tree #737, logLikelihood: -8974.340467
[00:43:43] [worker #6] Bootstrap tree #735, logLikelihood: -8666.151491
[00:43:44] [worker #1] Bootstrap tree #738, logLikelihood: -8835.536968
[00:43:47] [worker #3] Bootstrap tree #740, logLikelihood: -8842.637633
[00:43:50] [worker #2] Bootstrap tree #739, logLikelihood: -8500.302345
[00:43:53] [worker #4] Bootstrap tree #733, logLikelihood: -8969.133568
[00:43:56] [worker #5] Bootstrap tree #742, logLikelihood: -8467.331043
[00:43:58] [worker #0] Bootstrap tree #745, logLikelihood: -9067.995323
[00:43:58] [worker #7] Bootstrap tree #736, logLikelihood: -9400.076820
[00:44:00] [worker #1] Bootstrap tree #746, logLikelihood: -8494.317734
[00:44:01] [worker #6] Bootstrap tree #743, logLikelihood: -9063.943764
[00:44:05] [worker #3] Bootstrap tree #748, logLikelihood: -9198.722439
[00:44:08] [worker #4] Bootstrap tree #741, logLikelihood: -8419.226385
[00:44:08] [worker #2] Bootstrap tree #747, logLikelihood: -8816.984170
[00:44:10] [worker #5] Bootstrap tree #750, logLikelihood: -8481.896307
[00:44:13] [worker #7] Bootstrap tree #744, logLikelihood: -9053.375444
[00:44:32] [worker #4] Bootstrap tree #749, logLikelihood: -8974.761572
[00:44:56] [worker #7] Bootstrap tree #752, logLikelihood: -8472.396350
[00:44:56] [worker #6] Bootstrap tree #751, logLikelihood: -8004.712679
[00:44:58] [worker #5] Bootstrap tree #758, logLikelihood: -8550.158153
[00:44:59] [worker #2] Bootstrap tree #755, logLikelihood: -9646.713349
[00:45:00] [worker #0] Bootstrap tree #753, logLikelihood: -9163.492077
[00:45:00] [worker #3] Bootstrap tree #756, logLikelihood: -8574.003319
[00:45:01] [worker #1] Bootstrap tree #754, logLikelihood: -8873.732154
[00:45:09] [worker #4] Bootstrap tree #757, logLikelihood: -8992.192893
[00:45:12] [worker #5] Bootstrap tree #766, logLikelihood: -8651.809574
[00:45:12] [worker #7] Bootstrap tree #760, logLikelihood: -8825.531455
[00:45:13] [worker #6] Bootstrap tree #759, logLikelihood: -9252.475618
[00:45:14] [worker #1] Bootstrap tree #762, logLikelihood: -8677.586905
[00:45:16] [worker #2] Bootstrap tree #763, logLikelihood: -8760.342998
[00:45:16] [worker #3] Bootstrap tree #764, logLikelihood: -8748.785757
[00:45:19] [worker #0] Bootstrap tree #761, logLikelihood: -8508.643277
[00:45:24] [worker #4] Bootstrap tree #765, logLikelihood: -8587.820409
[00:45:28] [worker #7] Bootstrap tree #768, logLikelihood: -8736.694943
[00:45:29] [worker #1] Bootstrap tree #770, logLikelihood: -8937.213886
[00:45:31] [worker #2] Bootstrap tree #771, logLikelihood: -8962.550568
[00:45:32] [worker #6] Bootstrap tree #767, logLikelihood: -9089.780132
[00:45:34] [worker #0] Bootstrap tree #769, logLikelihood: -8964.707856
[00:45:36] [worker #5] Bootstrap tree #774, logLikelihood: -8927.478309
[00:45:38] [worker #3] Bootstrap tree #772, logLikelihood: -9245.580983
[00:45:40] [worker #4] Bootstrap tree #773, logLikelihood: -8900.711265
[00:45:46] [worker #1] Bootstrap tree #778, logLikelihood: -8936.683138
[00:45:48] [worker #7] Bootstrap tree #776, logLikelihood: -8921.080410
[00:45:49] [worker #2] Bootstrap tree #779, logLikelihood: -8147.346041
[00:45:51] [worker #0] Bootstrap tree #777, logLikelihood: -8833.955209
[00:45:54] [worker #6] Bootstrap tree #775, logLikelihood: -8713.615538
[00:45:55] [worker #3] Bootstrap tree #780, logLikelihood: -9435.301592
[00:45:58] [worker #4] Bootstrap tree #781, logLikelihood: -9531.706185
[00:46:01] [worker #5] Bootstrap tree #782, logLikelihood: -8859.692363
[00:46:04] [worker #1] Bootstrap tree #786, logLikelihood: -9111.961511
[00:46:08] [worker #7] Bootstrap tree #784, logLikelihood: -9485.070544
[00:46:08] [worker #0] Bootstrap tree #785, logLikelihood: -8735.380081
[00:46:11] [worker #6] Bootstrap tree #783, logLikelihood: -8656.569409
[00:46:12] [worker #2] Bootstrap tree #787, logLikelihood: -9011.883027
[00:46:12] [worker #3] Bootstrap tree #788, logLikelihood: -8630.431294
[00:46:14] [worker #4] Bootstrap tree #789, logLikelihood: -9143.832312
[00:46:19] [worker #1] Bootstrap tree #794, logLikelihood: -8745.704716
[00:46:23] [worker #5] Bootstrap tree #790, logLikelihood: -8771.632284
[00:46:25] [worker #0] Bootstrap tree #793, logLikelihood: -9643.648225
[00:46:28] [worker #7] Bootstrap tree #792, logLikelihood: -8709.049293
[00:46:30] [worker #2] Bootstrap tree #795, logLikelihood: -8650.862525
[00:46:31] [worker #3] Bootstrap tree #796, logLikelihood: -8810.305561
[00:46:34] [worker #6] Bootstrap tree #791, logLikelihood: -9158.597809
[00:46:35] [worker #4] Bootstrap tree #797, logLikelihood: -8187.094075
[00:46:40] [worker #5] Bootstrap tree #798, logLikelihood: -8709.337458
[00:46:45] [worker #7] Bootstrap tree #800, logLikelihood: -9008.696519
[00:46:48] [worker #6] Bootstrap tree #799, logLikelihood: -8779.198896
[00:47:14] [worker #5] Bootstrap tree #806, logLikelihood: -9622.934359
[00:47:15] [worker #3] Bootstrap tree #804, logLikelihood: -8789.645577
[00:47:15] [worker #1] Bootstrap tree #802, logLikelihood: -9072.756449
[00:47:16] [worker #2] Bootstrap tree #803, logLikelihood: -8876.212077
[00:47:16] [worker #7] Bootstrap tree #808, logLikelihood: -8470.101318
[00:47:17] [worker #6] Bootstrap tree #807, logLikelihood: -8493.197945
[00:47:18] [worker #4] Bootstrap tree #805, logLikelihood: -8513.323602
[00:47:21] [worker #0] Bootstrap tree #801, logLikelihood: -8638.535777
[00:47:29] [worker #3] Bootstrap tree #812, logLikelihood: -9178.518021
[00:47:30] [worker #5] Bootstrap tree #814, logLikelihood: -8482.872266
[00:47:32] [worker #1] Bootstrap tree #810, logLikelihood: -9020.295790
[00:47:34] [worker #6] Bootstrap tree #815, logLikelihood: -8742.813711
[00:47:35] [worker #7] Bootstrap tree #816, logLikelihood: -8925.318143
[00:47:39] [worker #0] Bootstrap tree #809, logLikelihood: -8741.952036
[00:47:40] [worker #2] Bootstrap tree #811, logLikelihood: -9055.924969
[00:47:41] [worker #4] Bootstrap tree #813, logLikelihood: -8648.629891
[00:47:46] [worker #5] Bootstrap tree #822, logLikelihood: -9213.425653
[00:47:48] [worker #3] Bootstrap tree #820, logLikelihood: -8649.254228
[00:47:50] [worker #1] Bootstrap tree #818, logLikelihood: -8563.906117
[00:47:53] [worker #7] Bootstrap tree #824, logLikelihood: -9359.208383
[00:47:54] [worker #6] Bootstrap tree #823, logLikelihood: -9413.027282
[00:47:56] [worker #0] Bootstrap tree #817, logLikelihood: -8433.758198
[00:47:56] [worker #4] Bootstrap tree #821, logLikelihood: -8410.756086
[00:47:59] [worker #2] Bootstrap tree #819, logLikelihood: -9077.231079
[00:48:03] [worker #5] Bootstrap tree #830, logLikelihood: -8524.554781
[00:48:07] [worker #1] Bootstrap tree #826, logLikelihood: -8468.190763
[00:48:10] [worker #6] Bootstrap tree #831, logLikelihood: -8956.158986
[00:48:14] [worker #3] Bootstrap tree #828, logLikelihood: -9098.212931
[00:48:14] [worker #4] Bootstrap tree #829, logLikelihood: -8773.241444
[00:48:17] [worker #2] Bootstrap tree #827, logLikelihood: -8957.710839
[00:48:20] [worker #7] Bootstrap tree #832, logLikelihood: -8071.685449
[00:48:21] [worker #5] Bootstrap tree #838, logLikelihood: -8899.964500
[00:48:21] [worker #0] Bootstrap tree #825, logLikelihood: -8621.486764
[00:48:30] [worker #4] Bootstrap tree #837, logLikelihood: -8713.438908
[00:48:32] [worker #1] Bootstrap tree #834, logLikelihood: -8619.559021
[00:48:34] [worker #2] Bootstrap tree #835, logLikelihood: -8752.527547
[00:48:36] [worker #5] Bootstrap tree #846, logLikelihood: -9080.233176
[00:48:36] [worker #7] Bootstrap tree #840, logLikelihood: -9075.810629
[00:48:37] [worker #0] Bootstrap tree #833, logLikelihood: -8837.393293
[00:48:38] [worker #6] Bootstrap tree #839, logLikelihood: -9013.723743
[00:48:39] [worker #3] Bootstrap tree #836, logLikelihood: -8689.348208
[00:48:46] [worker #4] Bootstrap tree #845, logLikelihood: -8994.428382
[00:48:50] [worker #2] Bootstrap tree #843, logLikelihood: -8442.174825
[00:48:51] [worker #1] Bootstrap tree #842, logLikelihood: -8831.664910
[00:48:52] [worker #0] Bootstrap tree #841, logLikelihood: -8493.484374
[00:48:54] [worker #7] Bootstrap tree #848, logLikelihood: -9484.691485
[00:48:57] [worker #3] Bootstrap tree #844, logLikelihood: -8581.576618
[00:48:57] [worker #6] Bootstrap tree #847, logLikelihood: -9121.940965
[00:49:02] [worker #1] Bootstrap tree #850, logLikelihood: -8776.598203
[00:49:03] [worker #0] Bootstrap tree #849, logLikelihood: -8789.574933
[00:49:22] [worker #4] Bootstrap tree #853, logLikelihood: -8138.944758
[00:49:24] [worker #5] Bootstrap tree #854, logLikelihood: -9193.754087
[00:49:24] [worker #7] Bootstrap tree #856, logLikelihood: -8960.066852
[00:49:26] [worker #0] Bootstrap tree #857, logLikelihood: -9156.951863
[00:49:26] [worker #3] Bootstrap tree #852, logLikelihood: -8870.952310
[00:49:26] [worker #2] Bootstrap tree #851, logLikelihood: -9137.771627
[00:49:30] [worker #1] Bootstrap tree #858, logLikelihood: -8924.967610
[00:49:31] [worker #6] Bootstrap tree #855, logLikelihood: -8098.388849
[00:49:33] [worker #4] Bootstrap tree #861, logLikelihood: -8910.593859
[00:49:35] [worker #7] Bootstrap tree #864, logLikelihood: -8919.655268
[00:49:37] [worker #3] Bootstrap tree #860, logLikelihood: -8942.880264
[00:49:38] [worker #0] Bootstrap tree #865, logLikelihood: -9367.367592
[00:49:41] [worker #5] Bootstrap tree #862, logLikelihood: -9260.784761
[00:49:41] [worker #2] Bootstrap tree #859, logLikelihood: -8636.742945
[00:49:44] [worker #1] Bootstrap tree #866, logLikelihood: -9329.807375
[00:49:46] [worker #4] Bootstrap tree #869, logLikelihood: -8776.283454
[00:49:48] [worker #7] Bootstrap tree #872, logLikelihood: -8610.137346
[00:49:48] [worker #3] Bootstrap tree #868, logLikelihood: -8796.385488
[00:49:48] [worker #6] Bootstrap tree #863, logLikelihood: -9698.182594
[00:49:50] [worker #0] Bootstrap tree #873, logLikelihood: -8746.509348
[00:49:54] [worker #2] Bootstrap tree #867, logLikelihood: -8845.917774
[00:49:55] [worker #5] Bootstrap tree #870, logLikelihood: -8256.317779
[00:49:57] [worker #4] Bootstrap tree #877, logLikelihood: -8575.553876
[00:49:58] [worker #1] Bootstrap tree #874, logLikelihood: -8660.886373
[00:50:00] [worker #7] Bootstrap tree #880, logLikelihood: -9901.416789
[01:06:21] [worker #6] Bootstrap tree #871, logLikelihood: -9051.859735
[01:06:22] [worker #0] Bootstrap tree #881, logLikelihood: -8901.424847
[01:06:25] [worker #3] Bootstrap tree #876, logLikelihood: -9015.449571
[01:06:26] [worker #5] Bootstrap tree #878, logLikelihood: -8428.118388
[01:06:27] [worker #2] Bootstrap tree #875, logLikelihood: -8977.067216
[01:06:29] [worker #4] Bootstrap tree #885, logLikelihood: -8507.755151
[01:06:29] [worker #1] Bootstrap tree #882, logLikelihood: -8363.961433
[01:06:32] [worker #6] Bootstrap tree #879, logLikelihood: -9123.201862
[01:06:32] [worker #0] Bootstrap tree #889, logLikelihood: -8899.435972
[01:06:33] [worker #7] Bootstrap tree #888, logLikelihood: -9374.952180
[01:06:37] [worker #3] Bootstrap tree #884, logLikelihood: -8932.886629
[01:06:38] [worker #2] Bootstrap tree #883, logLikelihood: -8727.255550
[01:06:39] [worker #5] Bootstrap tree #886, logLikelihood: -8937.248637
[01:06:40] [worker #4] Bootstrap tree #893, logLikelihood: -9869.205940
[01:06:42] [worker #1] Bootstrap tree #890, logLikelihood: -9087.456169
[01:06:46] [worker #6] Bootstrap tree #887, logLikelihood: -9127.496453
[01:06:46] [worker #7] Bootstrap tree #896, logLikelihood: -8788.495560
[01:06:48] [worker #3] Bootstrap tree #892, logLikelihood: -8641.232818
[01:06:48] [worker #0] Bootstrap tree #897, logLikelihood: -8820.505762
[01:06:50] [worker #2] Bootstrap tree #891, logLikelihood: -9482.107891
[01:06:50] [worker #5] Bootstrap tree #894, logLikelihood: -8911.958170
[01:06:52] [worker #1] Bootstrap tree #898, logLikelihood: -8442.592148
[01:06:58] [worker #6] Bootstrap tree #895, logLikelihood: -8681.236231
[01:07:02] [worker #3] Bootstrap tree #900, logLikelihood: -8602.134533
[01:07:07] [worker #2] Bootstrap tree #899, logLikelihood: -8243.714938
[01:07:30] [worker #1] Bootstrap tree #906, logLikelihood: -8549.064020
[01:07:30] [worker #0] Bootstrap tree #905, logLikelihood: -8713.625509
[01:07:31] [worker #3] Bootstrap tree #908, logLikelihood: -9337.754301
[01:07:31] [worker #4] Bootstrap tree #901, logLikelihood: -9429.800861
[01:07:33] [worker #2] Bootstrap tree #907, logLikelihood: -8953.797016
[01:07:34] [worker #6] Bootstrap tree #903, logLikelihood: -9015.270679
[01:07:35] [worker #5] Bootstrap tree #902, logLikelihood: -8904.877430
[01:07:36] [worker #7] Bootstrap tree #904, logLikelihood: -8855.722716
[01:07:43] [worker #4] Bootstrap tree #909, logLikelihood: -8620.361838
[01:07:46] [worker #1] Bootstrap tree #914, logLikelihood: -8697.324456
[01:07:47] [worker #2] Bootstrap tree #915, logLikelihood: -8519.325310
[01:07:49] [worker #3] Bootstrap tree #916, logLikelihood: -8883.685254
[01:07:49] [worker #0] Bootstrap tree #913, logLikelihood: -9537.748390
[01:07:49] [worker #5] Bootstrap tree #910, logLikelihood: -8420.797946
[01:07:50] [worker #6] Bootstrap tree #911, logLikelihood: -9166.695493
[01:07:50] [worker #7] Bootstrap tree #912, logLikelihood: -8512.629293
[01:08:01] [worker #4] Bootstrap tree #917, logLikelihood: -8600.094151
[01:08:02] [worker #2] Bootstrap tree #923, logLikelihood: -8990.088225
[01:08:02] [worker #1] Bootstrap tree #922, logLikelihood: -8752.864088
[01:08:03] [worker #5] Bootstrap tree #918, logLikelihood: -8651.727190
[01:08:05] [worker #0] Bootstrap tree #921, logLikelihood: -9283.126576
[01:08:05] [worker #3] Bootstrap tree #924, logLikelihood: -9008.685700
[01:08:07] [worker #6] Bootstrap tree #919, logLikelihood: -8525.621212
[01:08:08] [worker #7] Bootstrap tree #920, logLikelihood: -9193.241530
[01:08:16] [worker #2] Bootstrap tree #931, logLikelihood: -8575.771761
[01:08:18] [worker #1] Bootstrap tree #930, logLikelihood: -9024.574156
[01:08:19] [worker #5] Bootstrap tree #926, logLikelihood: -8682.695481
[01:08:21] [worker #0] Bootstrap tree #929, logLikelihood: -8965.112484
[01:08:23] [worker #6] Bootstrap tree #927, logLikelihood: -8470.038211
[01:08:24] [worker #7] Bootstrap tree #928, logLikelihood: -9268.987431
[01:08:24] [worker #3] Bootstrap tree #932, logLikelihood: -8666.165762
[01:08:25] [worker #4] Bootstrap tree #925, logLikelihood: -9471.524325
[01:08:30] [worker #2] Bootstrap tree #939, logLikelihood: -8896.381797
[01:08:34] [worker #1] Bootstrap tree #938, logLikelihood: -8762.153122
[01:08:35] [worker #5] Bootstrap tree #934, logLikelihood: -8941.085567
[01:08:39] [worker #7] Bootstrap tree #936, logLikelihood: -8867.015928
[01:08:39] [worker #0] Bootstrap tree #937, logLikelihood: -9132.140226
[01:08:41] [worker #4] Bootstrap tree #933, logLikelihood: -8388.337600
[01:08:41] [worker #3] Bootstrap tree #940, logLikelihood: -8612.815508
[01:08:41] [worker #6] Bootstrap tree #935, logLikelihood: -8498.773925
[01:08:45] [worker #2] Bootstrap tree #947, logLikelihood: -8892.540407
[01:08:48] [worker #1] Bootstrap tree #946, logLikelihood: -9053.424925
[01:08:49] [worker #5] Bootstrap tree #942, logLikelihood: -8640.457442
[01:08:55] [worker #7] Bootstrap tree #944, logLikelihood: -8744.423535
[01:08:55] [worker #0] Bootstrap tree #945, logLikelihood: -9231.798339
[01:08:56] [worker #3] Bootstrap tree #948, logLikelihood: -9005.276288
[01:08:56] [worker #4] Bootstrap tree #941, logLikelihood: -8989.811255
[01:08:57] [worker #6] Bootstrap tree #943, logLikelihood: -8779.098706
[01:09:04] [worker #5] Bootstrap tree #950, logLikelihood: -9115.513418
[01:09:10] [worker #4] Bootstrap tree #949, logLikelihood: -8485.972331
[01:09:36] [worker #5] Bootstrap tree #958, logLikelihood: -8912.319278
[01:09:36] [worker #7] Bootstrap tree #952, logLikelihood: -9159.644230
[01:09:37] [worker #6] Bootstrap tree #951, logLikelihood: -8790.305917
[01:09:38] [worker #0] Bootstrap tree #953, logLikelihood: -7661.737998
[01:09:38] [worker #2] Bootstrap tree #955, logLikelihood: -8977.180761
[01:09:39] [worker #4] Bootstrap tree #957, logLikelihood: -8282.138457
[01:09:40] [worker #3] Bootstrap tree #956, logLikelihood: -9361.650415
[01:09:40] [worker #1] Bootstrap tree #954, logLikelihood: -8582.520406
[01:09:53] [worker #2] Bootstrap tree #963, logLikelihood: -8520.607066
[01:09:53] [worker #6] Bootstrap tree #959, logLikelihood: -8772.550771
[01:09:55] [worker #0] Bootstrap tree #961, logLikelihood: -8429.288995
[01:09:55] [worker #5] Bootstrap tree #966, logLikelihood: -9275.011708
[01:09:56] [worker #1] Bootstrap tree #962, logLikelihood: -8668.417642
[01:09:57] [worker #3] Bootstrap tree #964, logLikelihood: -9601.357650
[01:09:59] [worker #4] Bootstrap tree #965, logLikelihood: -9205.338648
[01:09:59] [worker #7] Bootstrap tree #960, logLikelihood: -8843.853645
[01:10:07] [worker #2] Bootstrap tree #971, logLikelihood: -8554.302952
[01:10:09] [worker #6] Bootstrap tree #967, logLikelihood: -8419.538277
[01:10:13] [worker #1] Bootstrap tree #970, logLikelihood: -8785.884679
[01:10:13] [worker #5] Bootstrap tree #974, logLikelihood: -8641.973617
[01:10:14] [worker #3] Bootstrap tree #972, logLikelihood: -8205.326768
[01:10:14] [worker #0] Bootstrap tree #969, logLikelihood: -8964.608449
[01:10:15] [worker #4] Bootstrap tree #973, logLikelihood: -8837.127900
[01:10:20] [worker #7] Bootstrap tree #968, logLikelihood: -8994.804424
[01:10:26] [worker #6] Bootstrap tree #975, logLikelihood: -9129.763405
[01:10:29] [worker #0] Bootstrap tree #977, logLikelihood: -8543.777178
[01:10:29] [worker #1] Bootstrap tree #978, logLikelihood: -9103.154678
[01:10:29] [worker #4] Bootstrap tree #981, logLikelihood: -9002.572313
[01:10:32] [worker #3] Bootstrap tree #980, logLikelihood: -8552.292673
[01:10:36] [worker #5] Bootstrap tree #982, logLikelihood: -9060.979122
[01:10:38] [worker #7] Bootstrap tree #976, logLikelihood: -8666.600825
[01:10:38] [worker #2] Bootstrap tree #979, logLikelihood: -8979.178320
[01:10:42] [worker #6] Bootstrap tree #983, logLikelihood: -9184.222708
[01:10:44] [worker #1] Bootstrap tree #986, logLikelihood: -8717.541118
[01:10:46] [worker #4] Bootstrap tree #989, logLikelihood: -9025.343311
[01:10:47] [worker #0] Bootstrap tree #985, logLikelihood: -8776.228193
[01:10:49] [worker #5] Bootstrap tree #990, logLikelihood: -8978.211682
[01:10:53] [worker #2] Bootstrap tree #987, logLikelihood: -8810.431780
[01:10:54] [worker #7] Bootstrap tree #984, logLikelihood: -8607.852096
[01:10:56] [worker #3] Bootstrap tree #988, logLikelihood: -8323.673127
[01:11:04] [worker #0] Bootstrap tree #993, logLikelihood: -8576.857281
[01:11:05] [worker #5] Bootstrap tree #998, logLikelihood: -8691.016489
[01:11:06] [worker #6] Bootstrap tree #991, logLikelihood: -8532.394611
[01:11:09] [worker #1] Bootstrap tree #994, logLikelihood: -9235.317367
[01:11:10] [worker #7] Bootstrap tree #992, logLikelihood: -8746.806956
[01:11:11] [worker #3] Bootstrap tree #996, logLikelihood: -8453.405476
[01:11:11] [worker #4] Bootstrap tree #997, logLikelihood: -8476.894198
[01:11:11] [worker #2] Bootstrap tree #995, logLikelihood: -8784.007826
[01:11:19] [worker #6] Bootstrap tree #999, logLikelihood: -8797.008160
[01:11:24] [worker #7] Bootstrap tree #1000, logLikelihood: -8842.678681

Optimized model parameters:

   Partition 0: noname
   Rate heterogeneity: GAMMA (4 cats, mean),  alpha: 0.184797 (ML),  weights&rates: (0.250000,0.000301) (0.250000,0.025491) (0.250000,0.342830) (0.250000,3.631378) 
   Base frequencies (ML): 0.397904 0.166901 0.156018 0.279177 
   Substitution rates (ML): 1.092424 2.465691 0.527636 1.025235 2.536767 1.000000 


Final LogLikelihood: -9019.739612

AIC score: 18415.479225 / AICc score: 18468.472513 / BIC score: 19418.087552
Free parameters (model + branch lengths): 188

WARNING: Best ML tree contains 11 near-zero branches!

Best ML tree with collapsed near-zero branches saved to: /Users/lachlanblack/Documents/GitHub/EspY3-protein-evolution/fresh_wd/nt_tree/raxml/nt_tree.raxml.bestTreeCollapsed
Best ML tree saved to: /Users/lachlanblack/Documents/GitHub/EspY3-protein-evolution/fresh_wd/nt_tree/raxml/nt_tree.raxml.bestTree
All ML trees saved to: /Users/lachlanblack/Documents/GitHub/EspY3-protein-evolution/fresh_wd/nt_tree/raxml/nt_tree.raxml.mlTrees
Best ML tree with Felsenstein bootstrap (FBP) support values saved to: /Users/lachlanblack/Documents/GitHub/EspY3-protein-evolution/fresh_wd/nt_tree/raxml/nt_tree.raxml.support
Optimized model saved to: /Users/lachlanblack/Documents/GitHub/EspY3-protein-evolution/fresh_wd/nt_tree/raxml/nt_tree.raxml.bestModel
Bootstrap trees saved to: /Users/lachlanblack/Documents/GitHub/EspY3-protein-evolution/fresh_wd/nt_tree/raxml/nt_tree.raxml.bootstraps

Execution log saved to: /Users/lachlanblack/Documents/GitHub/EspY3-protein-evolution/fresh_wd/nt_tree/raxml/nt_tree.raxml.log

Analysis started: 25-Nov-2025 23:19:28 / finished: 26-Nov-2025 00:31:05

Elapsed time: 4296.935 seconds

