
RAxML-NG v. 1.2.2 released on 30.04.2024 by The Exelixis Lab.
Developed by: Alexey M. Kozlov and Alexandros Stamatakis.
Contributors: Diego Darriba, Tomas Flouri, Benoit Morel, Sarah Lutteropp, Ben Bettisworth, Julia Haag, Anastasis Togkousidis.
Latest version: https://github.com/amkozlov/raxml-ng
Questions/problems/suggestions? Please visit: https://groups.google.com/forum/#!forum/raxml

System: Apple M2, 8 cores, 8 GB RAM

RAxML-NG was called at 31-Oct-2025 13:13:55 as follows:

./raxml-ng --search --msa ../../data/cleaned/trimal/espy3-50.mafft.r07s08.trim.fasta --model Blosum62+G4 --prefix mytree --threads auto

Analysis options:
  run mode: ML tree search
  start tree(s): random (10) + parsimony (10)
  random seed: 1761916435
  tip-inner: OFF
  pattern compression: ON
  per-rate scalers: OFF
  site repeats: ON
  logLH epsilon: general: 10.000000, brlen-triplet: 1000.000000
  fast spr radius: AUTO
  spr subtree cutoff: 1.000000
  fast CLV updates: ON
  branch lengths: proportional (ML estimate, algorithm: NR-FAST)
  SIMD kernels: SSE3
  parallelization: coarse-grained (auto), PTHREADS (auto)

[00:00:00] Reading alignment from file: ../../data/cleaned/trimal/espy3-50.mafft.r07s08.trim.fasta
[00:00:00] Loaded alignment with 44 taxa and 524 sites

WARNING: Sequences tr|A0A0D8WGH1|A0A0D8WGH1_ECOLX/1-523 and tr|A0A377DGX1|A0A377DGX1_ECOLX/1-523 are exactly identical!
WARNING: Sequences tr|A0A1Q5ZEH3|A0A1Q5ZEH3_ECOLX/1-523 and tr|A0A3R8KSB7|A0A3R8KSB7_ECOLX/1-523 are exactly identical!
WARNING: Sequences tr|A0AAW5Z1M4|A0AAW5Z1M4_ECOLX/1-523 and tr|A0AAW6W494|A0AAW6W494_ECOLX/1-523 are exactly identical!
WARNING: Sequences tr|A0A0X5K2I6|A0A0X5K2I6_ECOLX/1-523 and tr|W1X2U4|W1X2U4_ECOLX/1-523 are exactly identical!
WARNING: Sequences tr|A0A0X5K2I6|A0A0X5K2I6_ECOLX/1-523 and tr|A0A376VQ42|A0A376VQ42_ECOLX/1-523 are exactly identical!
WARNING: Sequences tr|A0A0X5K2I6|A0A0X5K2I6_ECOLX/1-523 and tr|W1XNK9|W1XNK9_9ZZZZ/1-523 are exactly identical!
WARNING: Sequences tr|A0A0X5K2I6|A0A0X5K2I6_ECOLX/1-523 and tr|A0A6D1PLN0|A0A6D1PLN0_ECOLX/1-523 are exactly identical!
WARNING: Sequences tr|A0A0X5K2I6|A0A0X5K2I6_ECOLX/1-523 and tr|A0A8S7N1T2|A0A8S7N1T2_ECOLX/1-523 are exactly identical!
WARNING: Sequences tr|A0A0X5K2I6|A0A0X5K2I6_ECOLX/1-523 and tr|A0AAW5ZB89|A0AAW5ZB89_ECOLX/1-523 are exactly identical!
WARNING: Sequences tr|W1YEN7|W1YEN7_9ZZZZ/1-523 and tr|A0A0H3PZQ4|A0A0H3PZQ4_ECO5C/1-523 are exactly identical!
WARNING: Sequences tr|A0A767FIQ4|A0A767FIQ4_ECOLX/1-520 and tr|A0A793GC28|A0A793GC28_ECOLX/1-520 are exactly identical!
WARNING: Sequences tr|A0A767FIQ4|A0A767FIQ4_ECOLX/1-520 and tr|A0A9P2PS47|A0A9P2PS47_ECOLX/1-520 are exactly identical!
WARNING: Sequences tr|A0A767FIQ4|A0A767FIQ4_ECOLX/1-520 and tr|A0A9Q6ZFC8|A0A9Q6ZFC8_ECO57/1-520 are exactly identical!
WARNING: Sequences tr|Q8XE85|Q8XE85_ECO57/1-518 and tr|A0A793GH32|A0A793GH32_ECOLX/1-518 are exactly identical!
WARNING: Duplicate sequences found: 14

NOTE: Reduced alignment (with duplicates and gap-only sites/taxa removed) 
NOTE: was saved to: /Users/lachlanblack/Documents/GitHub/EspY3-protein-evolution/tools/raxml-ng_v1/mytree.raxml.reduced.phy

Alignment comprises 1 partitions and 185 patterns

Partition 0: noname
Model: BLOSUM62+G4m
Alignment sites / patterns: 524 / 185
Gaps: 0.61 %
Invariant sites: 71.37 %


NOTE: Binary MSA file created: mytree.raxml.rba

Parallelization scheme autoconfig: 8 worker(s) x 1 thread(s)

[00:00:00] Generating 10 random starting tree(s) with 44 taxa
[00:00:00] Generating 10 parsimony starting tree(s) with 44 taxa
Parallel parsimony with 8 threads
Parallel reduction/worker buffer size: 1 KB  / 0 KB

[00:00:00] Data distribution: max. partitions/sites/weight per thread: 1 / 185 / 14800
[00:00:00] Data distribution: max. searches per worker: 3

Starting ML tree search with 20 distinct starting trees

[00:00:00 -7937.440236] Initial branch length optimization
[00:00:00 -6830.031740] Model parameter optimization (eps = 10.000000)
[00:00:00 -6277.387049] AUTODETECT spr round 1 (radius: 5)
[00:00:01 -3648.410521] AUTODETECT spr round 2 (radius: 10)
[00:00:03 -3532.245710] AUTODETECT spr round 3 (radius: 15)
[00:00:04 -3532.114710] AUTODETECT spr round 4 (radius: 20)
[00:00:04 -3522.587279] AUTODETECT spr round 5 (radius: 25)
[00:00:04 -3495.301561] SPR radius for FAST iterations: 25 (autodetect)
[00:00:04 -3495.301561] Model parameter optimization (eps = 3.000000)
[00:00:04 -3481.078463] FAST spr round 1 (radius: 25)
[00:00:06 -3210.403868] FAST spr round 2 (radius: 25)
[00:00:07 -3205.437235] Model parameter optimization (eps = 1.000000)
[00:00:07 -3204.349757] SLOW spr round 1 (radius: 5)
[00:00:09 -3202.050176] SLOW spr round 2 (radius: 10)
[00:00:12 -3202.050155] SLOW spr round 3 (radius: 15)
[00:00:12] [worker #2] ML tree search #3, logLikelihood: -3200.654330
[00:00:13] [worker #6] ML tree search #7, logLikelihood: -3202.047984
[00:00:13 -3202.050155] SLOW spr round 4 (radius: 20)
[00:00:13] [worker #7] ML tree search #8, logLikelihood: -3202.048140
[00:00:14 -3202.050155] SLOW spr round 5 (radius: 25)
[00:00:14 -3202.050155] Model parameter optimization (eps = 0.100000)

[00:00:14] [worker #0] ML tree search #1, logLikelihood: -3202.048146

[00:00:14 -7735.538524] Initial branch length optimization
[00:00:14 -6561.049614] Model parameter optimization (eps = 10.000000)
[00:00:14] [worker #1] ML tree search #2, logLikelihood: -3203.258589
[00:00:14 -6122.453059] AUTODETECT spr round 1 (radius: 5)
[00:00:14] [worker #5] ML tree search #6, logLikelihood: -3202.047984
[00:00:14] [worker #3] ML tree search #4, logLikelihood: -3201.143356
[00:00:15] [worker #4] ML tree search #5, logLikelihood: -3200.654329
[00:00:15 -3780.692481] AUTODETECT spr round 2 (radius: 10)
[00:00:17 -3316.154826] AUTODETECT spr round 3 (radius: 15)
[00:00:18 -3316.094022] SPR radius for FAST iterations: 10 (autodetect)
[00:00:18 -3316.094022] Model parameter optimization (eps = 3.000000)
[00:00:18 -3307.390935] FAST spr round 1 (radius: 10)
[00:00:19 -3218.397171] FAST spr round 2 (radius: 10)
[00:00:21 -3203.625760] FAST spr round 3 (radius: 10)
[00:00:21] [worker #6] ML tree search #15, logLikelihood: -3203.258593
[00:00:22 -3203.625698] Model parameter optimization (eps = 1.000000)
[00:00:22 -3203.000233] SLOW spr round 1 (radius: 5)
[00:00:22] [worker #7] ML tree search #16, logLikelihood: -3205.178825
[00:00:22] [worker #2] ML tree search #11, logLikelihood: -3202.996667
[00:00:24 -3202.997865] SLOW spr round 2 (radius: 10)
[00:00:25] [worker #5] ML tree search #14, logLikelihood: -3202.047987
[00:00:25] [worker #3] ML tree search #12, logLikelihood: -3202.047984
[00:00:26] [worker #4] ML tree search #13, logLikelihood: -3202.047984
[00:00:26 -3202.997861] SLOW spr round 3 (radius: 15)
[00:00:28 -3202.997861] SLOW spr round 4 (radius: 20)
[00:00:29 -3202.997861] SLOW spr round 5 (radius: 25)
[00:00:29 -3202.997861] Model parameter optimization (eps = 0.100000)

[00:00:29] [worker #0] ML tree search #9, logLikelihood: -3202.996669

[00:00:29 -4439.020157] Initial branch length optimization
[00:00:29 -3230.709469] Model parameter optimization (eps = 10.000000)
[00:00:29 -3217.190427] AUTODETECT spr round 1 (radius: 5)
[00:00:30 -3204.205930] AUTODETECT spr round 2 (radius: 10)
[00:00:31] [worker #1] ML tree search #10, logLikelihood: -3202.048102
[00:00:32 -3204.197688] SPR radius for FAST iterations: 5 (autodetect)
[00:00:32 -3204.197688] Model parameter optimization (eps = 3.000000)
[00:00:32 -3204.197596] FAST spr round 1 (radius: 5)
[00:00:33 -3204.197225] Model parameter optimization (eps = 1.000000)
[00:00:33 -3204.197225] SLOW spr round 1 (radius: 5)
[00:00:33] [worker #2] ML tree search #19, logLikelihood: -3204.197290
[00:00:35 -3204.197060] SLOW spr round 2 (radius: 10)
[00:00:37] [worker #3] ML tree search #20, logLikelihood: -3201.604028
[00:00:37 -3204.197060] SLOW spr round 3 (radius: 15)
[00:00:38 -3204.197060] SLOW spr round 4 (radius: 20)
[00:00:39 -3204.197060] SLOW spr round 5 (radius: 25)
[00:00:39 -3204.197060] Model parameter optimization (eps = 0.100000)

[00:00:39] [worker #0] ML tree search #17, logLikelihood: -3204.197060

[00:00:39] [worker #1] ML tree search #18, logLikelihood: -3207.777406

Optimized model parameters:

   Partition 0: noname
   Rate heterogeneity: GAMMA (4 cats, mean),  alpha: 0.323559 (ML),  weights&rates: (0.250000,0.007400) (0.250000,0.122903) (0.250000,0.633326) (0.250000,3.236371) 
   Base frequencies (model): 0.074000 0.052000 0.045000 0.054000 0.025000 0.034000 0.054000 0.074000 0.026000 0.068000 0.099000 0.058000 0.025000 0.047000 0.039000 0.057000 0.051000 0.013000 0.032000 0.073000 
   Substitution rates (model): 0.735790 0.485391 0.543162 1.459995 1.199706 1.170949 1.955884 0.716241 0.605899 0.800017 1.295201 1.253758 0.492965 1.173276 4.325093 1.729178 0.465839 0.718207 2.187775 1.297447 0.500964 0.227827 3.020834 1.360574 0.418763 1.456141 0.232036 0.622712 5.411115 0.983693 0.371645 0.448134 1.122783 0.914666 0.426382 0.720517 0.438388 3.180100 0.397359 1.839216 1.240489 1.355872 2.414501 0.283017 0.211888 1.593137 0.648441 0.354861 0.494887 2.904102 1.898174 0.191482 0.538223 0.312859 0.240837 1.190946 3.761625 0.798473 0.778143 0.418556 0.218132 1.032448 0.222622 0.281731 0.730628 1.582754 0.934188 0.145345 0.261422 0.258129 0.329802 0.140749 0.418203 0.354058 0.774894 0.831843 0.285079 0.767689 0.441337 0.356008 1.197188 1.119831 0.527664 0.470238 1.116352 5.528919 0.609846 2.435341 0.236202 0.580737 3.945278 2.494896 0.144357 0.858571 1.934871 1.277480 0.758654 0.958990 0.530786 0.423580 1.626891 0.186848 0.372625 2.802427 0.555415 0.291409 0.926564 1.769893 1.071097 0.407636 0.596719 0.524254 0.539859 0.189296 0.217721 0.752042 0.459436 0.368166 0.504087 1.509326 0.641436 0.508359 0.308056 0.253341 0.252718 0.348072 1.022507 0.984312 0.714534 0.527007 1.117030 0.585407 0.301249 4.218954 0.201556 3.890964 0.406194 3.364798 1.517359 0.388355 0.357544 1.179091 0.341986 0.674617 8.311839 0.445570 6.030559 2.064840 0.374556 0.352969 0.915260 0.691475 0.811246 2.231406 1.073061 0.266925 1.047383 1.752166 1.303875 0.332243 0.717993 0.498138 1.773855 0.454124 0.918723 1.488548 0.888101 0.951682 2.575851 0.233598 0.540028 0.488206 2.074325 6.747260 0.838120 1.169130 1.005452 0.252215 0.369405 0.496908 5.151556 0.387926 0.796752 0.561925 0.513128 0.801010 2.253074 4.054419 0.266509 1.000000 


Final LogLikelihood: -3200.654329

AIC score: 6573.308658 / AICc score: 6607.551221 / BIC score: 6939.796943
Free parameters (model + branch lengths): 86

WARNING: Best ML tree contains 18 near-zero branches!

Best ML tree with collapsed near-zero branches saved to: /Users/lachlanblack/Documents/GitHub/EspY3-protein-evolution/tools/raxml-ng_v1/mytree.raxml.bestTreeCollapsed
Best ML tree saved to: /Users/lachlanblack/Documents/GitHub/EspY3-protein-evolution/tools/raxml-ng_v1/mytree.raxml.bestTree
All ML trees saved to: /Users/lachlanblack/Documents/GitHub/EspY3-protein-evolution/tools/raxml-ng_v1/mytree.raxml.mlTrees
Optimized model saved to: /Users/lachlanblack/Documents/GitHub/EspY3-protein-evolution/tools/raxml-ng_v1/mytree.raxml.bestModel

Execution log saved to: /Users/lachlanblack/Documents/GitHub/EspY3-protein-evolution/tools/raxml-ng_v1/mytree.raxml.log

Analysis started: 31-Oct-2025 13:13:55 / finished: 31-Oct-2025 13:14:35

Elapsed time: 39.994 seconds

