
RAxML-NG v. 1.2.2 released on 30.04.2024 by The Exelixis Lab.
Developed by: Alexey M. Kozlov and Alexandros Stamatakis.
Contributors: Diego Darriba, Tomas Flouri, Benoit Morel, Sarah Lutteropp, Ben Bettisworth, Julia Haag, Anastasis Togkousidis.
Latest version: https://github.com/amkozlov/raxml-ng
Questions/problems/suggestions? Please visit: https://groups.google.com/forum/#!forum/raxml

System: Apple M2, 8 cores, 8 GB RAM

RAxML-NG was called at 21-Dec-2025 21:42:10 as follows:

raxml-ng --all --msa trimal/trimal.auto1.fasta --model FLU+G4 --prefix raxml/newtree_aa2 --bs-trees 1000 --threads 8 --seed 2

Analysis options:
  run mode: ML tree search + bootstrapping (Felsenstein Bootstrap)
  start tree(s): random (10) + parsimony (10)
  bootstrap replicates: parsimony (1000)
  random seed: 2
  tip-inner: OFF
  pattern compression: ON
  per-rate scalers: OFF
  site repeats: ON
  logLH epsilon: general: 10.000000, brlen-triplet: 1000.000000
  fast spr radius: AUTO
  spr subtree cutoff: 1.000000
  fast CLV updates: ON
  branch lengths: proportional (ML estimate, algorithm: NR-FAST)
  SIMD kernels: SSE3
  parallelization: coarse-grained (auto), PTHREADS (8 threads), thread pinning: OFF

[00:00:00] Reading alignment from file: trimal/trimal.auto1.fasta
[00:00:00] Loaded alignment with 79 taxa and 510 sites

WARNING: Sequences PHL26444.1 and EJV4778219.1 are exactly identical!
WARNING: Sequences PHL26444.1 and ELT8056872.1 are exactly identical!
WARNING: Sequences EEW4813662.1 and HBK9204701.1 are exactly identical!
WARNING: Duplicate sequences found: 3

NOTE: Reduced alignment (with duplicates and gap-only sites/taxa removed) 
NOTE: was saved to: /Users/lachlanblack/Documents/GitHub/EspY3-protein-evolution/new_wd/raxml/newtree_aa2.raxml.reduced.phy

Alignment comprises 1 partitions and 475 patterns

Partition 0: noname
Model: FLU+G4m
Alignment sites / patterns: 510 / 475
Gaps: 3.52 %
Invariant sites: 15.29 %


NOTE: Binary MSA file created: raxml/newtree_aa2.raxml.rba

Parallelization scheme autoconfig: 4 worker(s) x 2 thread(s)

[00:00:00] Generating 10 random starting tree(s) with 79 taxa
[00:00:00] Generating 10 parsimony starting tree(s) with 79 taxa
Parallel parsimony with 8 threads
Parallel reduction/worker buffer size: 1 KB  / 0 KB

[00:00:00] Data distribution: max. partitions/sites/weight per thread: 1 / 238 / 19040
[00:00:00] Data distribution: max. searches per worker: 255

Starting ML tree search with 20 distinct starting trees

[00:01:33] [worker #2] ML tree search #3, logLikelihood: -7722.597554
[00:01:49] [worker #1] ML tree search #2, logLikelihood: -7705.409395
[00:01:52] [worker #3] ML tree search #4, logLikelihood: -7721.707956
[00:02:19] [worker #0] ML tree search #1, logLikelihood: -7733.012366
[00:03:13] [worker #2] ML tree search #7, logLikelihood: -7730.984680
[00:03:55] [worker #1] ML tree search #6, logLikelihood: -7719.665588
[00:04:14] [worker #3] ML tree search #8, logLikelihood: -7707.208252
[00:04:36] [worker #0] ML tree search #5, logLikelihood: -7797.047376
[00:04:38] [worker #2] ML tree search #11, logLikelihood: -7705.898995
[00:05:34] [worker #1] ML tree search #10, logLikelihood: -7730.613856
[00:05:36] [worker #3] ML tree search #12, logLikelihood: -7726.091334
[00:05:49] [worker #2] ML tree search #15, logLikelihood: -7729.164404
[00:06:21] [worker #0] ML tree search #9, logLikelihood: -7727.969617
[00:06:51] [worker #1] ML tree search #14, logLikelihood: -7752.497470
[00:07:06] [worker #3] ML tree search #16, logLikelihood: -7720.270925
[00:07:12] [worker #2] ML tree search #19, logLikelihood: -7718.343046
[00:07:41] [worker #0] ML tree search #13, logLikelihood: -7720.918367
[00:08:19] [worker #1] ML tree search #18, logLikelihood: -7706.528790
[00:08:23] [worker #3] ML tree search #20, logLikelihood: -7714.000727
[00:09:00] [worker #0] ML tree search #17, logLikelihood: -7714.108101

[00:09:00] ML tree search completed, best tree logLH: -7705.409395

[00:09:00] Starting bootstrapping analysis with 1000 replicates.

[00:09:52] [worker #2] Bootstrap tree #3, logLikelihood: -7297.921000
[00:09:55] [worker #3] Bootstrap tree #4, logLikelihood: -7468.222332
[00:09:55] [worker #0] Bootstrap tree #1, logLikelihood: -7706.693057
[00:09:58] [worker #1] Bootstrap tree #2, logLikelihood: -7523.738000
[00:10:54] [worker #3] Bootstrap tree #8, logLikelihood: -7019.805376
[00:10:55] [worker #2] Bootstrap tree #7, logLikelihood: -7292.696557
[00:10:58] [worker #0] Bootstrap tree #5, logLikelihood: -7461.150133
[00:11:02] [worker #1] Bootstrap tree #6, logLikelihood: -7148.304129
[00:11:52] [worker #0] Bootstrap tree #9, logLikelihood: -7390.844810
[00:17:00] [worker #3] Bootstrap tree #12, logLikelihood: -7201.953689
[00:17:03] [worker #1] Bootstrap tree #10, logLikelihood: -8188.955775
[00:17:36] [worker #2] Bootstrap tree #11, logLikelihood: -7169.338851
[00:18:02] [worker #0] Bootstrap tree #13, logLikelihood: -7061.996515
[00:18:10] [worker #3] Bootstrap tree #16, logLikelihood: -7272.779701
[00:18:17] [worker #1] Bootstrap tree #14, logLikelihood: -7263.655431
[00:18:31] [worker #2] Bootstrap tree #15, logLikelihood: -8097.836624
[00:18:59] [worker #3] Bootstrap tree #20, logLikelihood: -7093.070567
[00:19:00] [worker #0] Bootstrap tree #17, logLikelihood: -7356.040142
[00:19:07] [worker #1] Bootstrap tree #18, logLikelihood: -7043.228541
[00:19:23] [worker #2] Bootstrap tree #19, logLikelihood: -7614.420213
[00:19:51] [worker #3] Bootstrap tree #24, logLikelihood: -7548.843140
[00:19:54] [worker #0] Bootstrap tree #21, logLikelihood: -7925.149167
[00:20:13] [worker #1] Bootstrap tree #22, logLikelihood: -7343.525271
[00:20:27] [worker #2] Bootstrap tree #23, logLikelihood: -7284.867815
[00:20:49] [worker #3] Bootstrap tree #28, logLikelihood: -7693.870703
[00:20:54] [worker #0] Bootstrap tree #25, logLikelihood: -7658.259299
[00:21:23] [worker #2] Bootstrap tree #27, logLikelihood: -7668.293740
[00:21:32] [worker #1] Bootstrap tree #26, logLikelihood: -8042.599557
[00:21:45] [worker #3] Bootstrap tree #32, logLikelihood: -7639.445761
[00:21:50] [worker #0] Bootstrap tree #29, logLikelihood: -8506.470908
[00:22:22] [worker #2] Bootstrap tree #31, logLikelihood: -8357.227933
[00:22:35] [worker #1] Bootstrap tree #30, logLikelihood: -6977.778147
[00:22:42] [worker #3] Bootstrap tree #36, logLikelihood: -7761.234145
[00:22:47] [worker #0] Bootstrap tree #33, logLikelihood: -7841.624368
[00:23:16] [worker #2] Bootstrap tree #35, logLikelihood: -7517.648556
[00:23:32] [worker #0] Bootstrap tree #37, logLikelihood: -7552.657788
[00:23:35] [worker #1] Bootstrap tree #34, logLikelihood: -7407.706976
[00:23:49] [worker #3] Bootstrap tree #40, logLikelihood: -7604.291611
[00:24:21] [worker #2] Bootstrap tree #39, logLikelihood: -8135.123495
[00:24:30] [worker #0] Bootstrap tree #41, logLikelihood: -7306.633297
[00:24:32] [worker #1] Bootstrap tree #38, logLikelihood: -7952.880633
[00:24:48] [worker #3] Bootstrap tree #44, logLikelihood: -7980.189089
[00:25:20] [worker #1] Bootstrap tree #42, logLikelihood: -8084.841899
[00:25:20] [worker #2] Bootstrap tree #43, logLikelihood: -7429.307980
[00:25:35] [worker #0] Bootstrap tree #45, logLikelihood: -7767.509637
[00:25:57] [worker #3] Bootstrap tree #48, logLikelihood: -7919.493664
[00:26:22] [worker #2] Bootstrap tree #47, logLikelihood: -7412.005075
[00:26:27] [worker #1] Bootstrap tree #46, logLikelihood: -8068.360933
[00:26:41] [worker #0] Bootstrap tree #49, logLikelihood: -8003.517355
[00:27:22] [worker #1] Bootstrap tree #50, logLikelihood: -8308.462416
[00:46:10] [worker #1] Bootstrap tree #54, logLikelihood: -7045.457196
[00:46:18] [worker #0] Bootstrap tree #53, logLikelihood: -7737.511227
[01:02:12] [worker #3] Bootstrap tree #52, logLikelihood: -7742.160892
[01:17:35] [worker #1] Bootstrap tree #58, logLikelihood: -7372.866815
[01:17:36] [worker #0] Bootstrap tree #57, logLikelihood: -7694.487892
[01:17:44] [worker #2] Bootstrap tree #51, logLikelihood: -7736.058113
[01:18:19] [worker #1] Bootstrap tree #62, logLikelihood: -7229.535064
[01:18:26] [worker #3] Bootstrap tree #56, logLikelihood: -7875.389019
[01:18:34] [worker #0] Bootstrap tree #61, logLikelihood: -7861.089881
[01:18:45] [worker #2] Bootstrap tree #55, logLikelihood: -7996.012365
[01:34:27] [worker #1] Bootstrap tree #66, logLikelihood: -7899.177844
[01:34:32] [worker #3] Bootstrap tree #60, logLikelihood: -7028.131428
[01:50:46] [worker #2] Bootstrap tree #59, logLikelihood: -7849.767944
[01:50:46] [worker #0] Bootstrap tree #65, logLikelihood: -7403.731815
[01:51:28] [worker #1] Bootstrap tree #70, logLikelihood: -8074.405346
[02:07:00] [worker #2] Bootstrap tree #63, logLikelihood: -8608.098693
[02:07:00] [worker #3] Bootstrap tree #64, logLikelihood: -7809.244739
[02:07:08] [worker #0] Bootstrap tree #69, logLikelihood: -7595.647470
[02:23:38] [worker #2] Bootstrap tree #67, logLikelihood: -7562.262732
[02:23:43] [worker #3] Bootstrap tree #68, logLikelihood: -8262.460945
[02:23:47] [worker #1] Bootstrap tree #74, logLikelihood: -7292.745645
[02:23:52] [worker #0] Bootstrap tree #73, logLikelihood: -7490.463255
[02:40:06] [worker #2] Bootstrap tree #71, logLikelihood: -7895.499467
[02:40:07] [worker #3] Bootstrap tree #72, logLikelihood: -7411.512075
[02:40:17] [worker #1] Bootstrap tree #78, logLikelihood: -7602.421787
[02:40:23] [worker #0] Bootstrap tree #77, logLikelihood: -7150.979271
[02:57:28] [worker #1] Bootstrap tree #82, logLikelihood: -7620.506785
[02:57:28] [worker #3] Bootstrap tree #76, logLikelihood: -7531.042456
[02:57:30] [worker #2] Bootstrap tree #75, logLikelihood: -7580.651509
[02:57:38] [worker #0] Bootstrap tree #81, logLikelihood: -7644.498036
[03:14:55] [worker #1] Bootstrap tree #86, logLikelihood: -7110.281320
[03:14:57] [worker #3] Bootstrap tree #80, logLikelihood: -7151.799341
[03:15:00] [worker #2] Bootstrap tree #79, logLikelihood: -7841.901678
[03:24:40] [worker #0] Bootstrap tree #85, logLikelihood: -7375.888269
[03:33:20] [worker #1] Bootstrap tree #90, logLikelihood: -6766.520274
[03:33:21] [worker #2] Bootstrap tree #83, logLikelihood: -7729.540161
[03:33:25] [worker #3] Bootstrap tree #84, logLikelihood: -7017.190864
[03:33:51] [worker #0] Bootstrap tree #89, logLikelihood: -7514.411456
[03:50:30] [worker #3] Bootstrap tree #88, logLikelihood: -7388.226648
[03:50:37] [worker #2] Bootstrap tree #87, logLikelihood: -7493.921906
[03:50:38] [worker #1] Bootstrap tree #94, logLikelihood: -7048.525513
[04:07:48] [worker #0] Bootstrap tree #93, logLikelihood: -7597.477651
[04:07:56] [worker #3] Bootstrap tree #92, logLikelihood: -7329.153148
[04:08:13] [worker #1] Bootstrap tree #98, logLikelihood: -7270.264709
[04:08:15] [worker #2] Bootstrap tree #91, logLikelihood: -7851.166353
[04:24:39] [worker #0] Bootstrap tree #97, logLikelihood: -7410.136400
[04:24:48] [worker #3] Bootstrap tree #96, logLikelihood: -7756.463603
[04:25:01] [worker #2] Bootstrap tree #95, logLikelihood: -7065.440581
[04:26:02] [worker #3] Bootstrap tree #100, logLikelihood: -7507.768696
[04:26:15] [worker #2] Bootstrap tree #99, logLikelihood: -7398.260598
[04:27:14] [worker #3] Bootstrap tree #104, logLikelihood: -7277.493517
[04:27:20] [worker #0] Bootstrap tree #101, logLikelihood: -7777.116681
[04:27:22] [worker #1] Bootstrap tree #102, logLikelihood: -7016.462674
[04:27:37] [worker #2] Bootstrap tree #103, logLikelihood: -7202.611671
[04:28:04] [worker #3] Bootstrap tree #108, logLikelihood: -7608.893912
[04:28:25] [worker #1] Bootstrap tree #106, logLikelihood: -7703.772865
[04:28:30] [worker #0] Bootstrap tree #105, logLikelihood: -8143.289434
[04:28:39] [worker #2] Bootstrap tree #107, logLikelihood: -7511.451057
[04:29:14] [worker #3] Bootstrap tree #112, logLikelihood: -7969.449313
[04:29:25] [worker #1] Bootstrap tree #110, logLikelihood: -7476.964089
[04:29:35] [worker #0] Bootstrap tree #109, logLikelihood: -7544.477016
[04:30:05] [worker #2] Bootstrap tree #111, logLikelihood: -7672.570598
[04:30:32] [worker #3] Bootstrap tree #116, logLikelihood: -7924.363139
[04:30:34] [worker #1] Bootstrap tree #114, logLikelihood: -7944.054421
[04:30:43] [worker #0] Bootstrap tree #113, logLikelihood: -7505.686697
[04:31:12] [worker #2] Bootstrap tree #115, logLikelihood: -7387.045132
[04:31:46] [worker #3] Bootstrap tree #120, logLikelihood: -6836.907064
[04:31:47] [worker #1] Bootstrap tree #118, logLikelihood: -7418.362007
[04:31:58] [worker #0] Bootstrap tree #117, logLikelihood: -7479.539602
[04:32:17] [worker #2] Bootstrap tree #119, logLikelihood: -7630.710391
[04:32:50] [worker #3] Bootstrap tree #124, logLikelihood: -7303.179987
[04:33:10] [worker #0] Bootstrap tree #121, logLikelihood: -7572.883007
[04:33:16] [worker #2] Bootstrap tree #123, logLikelihood: -8137.406043
[04:33:17] [worker #1] Bootstrap tree #122, logLikelihood: -7733.653968
[04:33:59] [worker #3] Bootstrap tree #128, logLikelihood: -7186.165557
[04:34:12] [worker #0] Bootstrap tree #125, logLikelihood: -7339.033611
[04:34:20] [worker #2] Bootstrap tree #127, logLikelihood: -6840.544466
[04:34:27] [worker #1] Bootstrap tree #126, logLikelihood: -7405.750630
[04:35:03] [worker #3] Bootstrap tree #132, logLikelihood: -8254.275413
[04:35:20] [worker #2] Bootstrap tree #131, logLikelihood: -7743.153146
[04:35:21] [worker #0] Bootstrap tree #129, logLikelihood: -7669.500844
[04:35:30] [worker #1] Bootstrap tree #130, logLikelihood: -7114.198776
[04:36:13] [worker #3] Bootstrap tree #136, logLikelihood: -7356.751821
[04:36:30] [worker #2] Bootstrap tree #135, logLikelihood: -7239.724630
[04:36:34] [worker #0] Bootstrap tree #133, logLikelihood: -7387.932086
[04:36:35] [worker #1] Bootstrap tree #134, logLikelihood: -7296.631729
[04:37:06] [worker #3] Bootstrap tree #140, logLikelihood: -7281.597387
[04:37:40] [worker #1] Bootstrap tree #138, logLikelihood: -7203.583312
[04:37:43] [worker #2] Bootstrap tree #139, logLikelihood: -8301.861592
[04:37:44] [worker #0] Bootstrap tree #137, logLikelihood: -7494.979290
[04:38:14] [worker #3] Bootstrap tree #144, logLikelihood: -7627.674819
[04:38:43] [worker #1] Bootstrap tree #142, logLikelihood: -7615.779710
[04:38:48] [worker #2] Bootstrap tree #143, logLikelihood: -7628.585270
[04:38:51] [worker #0] Bootstrap tree #141, logLikelihood: -7777.027581
[04:39:20] [worker #3] Bootstrap tree #148, logLikelihood: -6989.485583
[04:39:56] [worker #1] Bootstrap tree #146, logLikelihood: -7714.860918
[04:39:59] [worker #2] Bootstrap tree #147, logLikelihood: -6723.533958
[04:40:59] [worker #0] Bootstrap tree #145, logLikelihood: -7459.183672
[04:58:48] [worker #1] Bootstrap tree #150, logLikelihood: -7306.324241
[05:15:55] [worker #0] Bootstrap tree #149, logLikelihood: -7054.186516
[05:25:50] [worker #3] Bootstrap tree #152, logLikelihood: -7738.716157
[05:25:53] [worker #1] Bootstrap tree #154, logLikelihood: -7553.560376
[05:25:57] [worker #2] Bootstrap tree #151, logLikelihood: -8285.440412
[05:26:13] [worker #0] Bootstrap tree #153, logLikelihood: -7721.097518
[05:43:16] [worker #3] Bootstrap tree #156, logLikelihood: -7468.706158
[05:43:16] [worker #2] Bootstrap tree #155, logLikelihood: -7598.914507
[05:43:19] [worker #1] Bootstrap tree #158, logLikelihood: -8117.870068
[05:59:41] [worker #0] Bootstrap tree #157, logLikelihood: -7666.456025
[06:00:19] [worker #2] Bootstrap tree #159, logLikelihood: -6850.690376
[06:00:20] [worker #3] Bootstrap tree #160, logLikelihood: -7267.149217
[06:15:32] [worker #1] Bootstrap tree #162, logLikelihood: -7350.354811
[06:15:42] [worker #0] Bootstrap tree #161, logLikelihood: -7369.751406
[06:16:23] [worker #3] Bootstrap tree #164, logLikelihood: -7817.280821
[06:16:25] [worker #2] Bootstrap tree #163, logLikelihood: -7553.544331
[06:16:30] [worker #1] Bootstrap tree #166, logLikelihood: -7381.198109
[06:16:41] [worker #0] Bootstrap tree #165, logLikelihood: -7402.231385
[06:17:28] [worker #3] Bootstrap tree #168, logLikelihood: -7438.194759
[06:17:28] [worker #2] Bootstrap tree #167, logLikelihood: -7412.106294
[06:17:33] [worker #1] Bootstrap tree #170, logLikelihood: -7805.979267
[06:17:40] [worker #0] Bootstrap tree #169, logLikelihood: -7452.090965
[06:18:32] [worker #2] Bootstrap tree #171, logLikelihood: -7564.687888
[06:18:37] [worker #0] Bootstrap tree #173, logLikelihood: -7862.562729
[06:19:06] [worker #3] Bootstrap tree #172, logLikelihood: -7206.813309
[06:19:14] [worker #1] Bootstrap tree #174, logLikelihood: -7352.918035
[06:19:33] [worker #2] Bootstrap tree #175, logLikelihood: -7907.325912
[06:19:36] [worker #0] Bootstrap tree #177, logLikelihood: -7422.487828
[06:20:10] [worker #3] Bootstrap tree #176, logLikelihood: -7450.139343
[06:20:11] [worker #1] Bootstrap tree #178, logLikelihood: -7812.243784
[06:20:33] [worker #2] Bootstrap tree #179, logLikelihood: -8064.676498
[06:20:53] [worker #0] Bootstrap tree #181, logLikelihood: -7715.742364
[06:21:14] [worker #3] Bootstrap tree #180, logLikelihood: -7112.842817
[06:21:19] [worker #1] Bootstrap tree #182, logLikelihood: -7770.659027
[06:21:35] [worker #2] Bootstrap tree #183, logLikelihood: -7184.407481
[06:26:56] [worker #1] Bootstrap tree #186, logLikelihood: -7475.399110
[06:26:59] [worker #3] Bootstrap tree #184, logLikelihood: -7523.042888
[06:43:16] [worker #2] Bootstrap tree #187, logLikelihood: -7367.683967
[06:43:16] [worker #0] Bootstrap tree #185, logLikelihood: -7574.457476
[06:43:50] [worker #3] Bootstrap tree #188, logLikelihood: -7425.936629
[06:43:54] [worker #1] Bootstrap tree #190, logLikelihood: -7414.938155
[06:44:09] [worker #2] Bootstrap tree #191, logLikelihood: -7377.510119
[06:44:29] [worker #0] Bootstrap tree #189, logLikelihood: -7727.489048
[06:44:54] [worker #3] Bootstrap tree #192, logLikelihood: -7664.057133
[06:44:55] [worker #1] Bootstrap tree #194, logLikelihood: -7196.417577
[06:45:13] [worker #2] Bootstrap tree #195, logLikelihood: -7066.487875
[06:45:52] [worker #0] Bootstrap tree #193, logLikelihood: -7492.235294
[06:46:02] [worker #3] Bootstrap tree #196, logLikelihood: -7351.831349
[06:46:06] [worker #1] Bootstrap tree #198, logLikelihood: -7693.155945
[06:46:31] [worker #2] Bootstrap tree #199, logLikelihood: -7246.015786
[06:47:05] [worker #3] Bootstrap tree #200, logLikelihood: -7611.722103
[06:47:06] [worker #0] Bootstrap tree #197, logLikelihood: -7109.115293
[06:48:06] [worker #1] Bootstrap tree #202, logLikelihood: -8499.918867
[06:48:06] [worker #2] Bootstrap tree #203, logLikelihood: -7405.315282
[06:48:17] [worker #0] Bootstrap tree #201, logLikelihood: -7642.148634
[06:48:21] [worker #3] Bootstrap tree #204, logLikelihood: -7650.889355
[06:49:14] [worker #2] Bootstrap tree #207, logLikelihood: -7074.848544
[06:49:28] [worker #1] Bootstrap tree #206, logLikelihood: -7245.632935
[06:49:30] [worker #3] Bootstrap tree #208, logLikelihood: -7840.068422
[06:50:00] [worker #0] Bootstrap tree #205, logLikelihood: -7327.107850
[06:50:27] [worker #1] Bootstrap tree #210, logLikelihood: -7604.370821
[06:50:39] [worker #3] Bootstrap tree #212, logLikelihood: -7467.388433
[06:50:45] [worker #2] Bootstrap tree #211, logLikelihood: -7849.213910
[06:51:12] [worker #0] Bootstrap tree #209, logLikelihood: -7561.573731
[06:51:29] [worker #1] Bootstrap tree #214, logLikelihood: -7418.259274
[06:51:40] [worker #3] Bootstrap tree #216, logLikelihood: -7398.503152
[06:51:55] [worker #2] Bootstrap tree #215, logLikelihood: -7147.690657
[06:52:18] [worker #0] Bootstrap tree #213, logLikelihood: -7200.685084
[06:52:40] [worker #3] Bootstrap tree #220, logLikelihood: -7881.761879
[06:52:45] [worker #1] Bootstrap tree #218, logLikelihood: -6633.508042
[06:52:56] [worker #2] Bootstrap tree #219, logLikelihood: -7222.376103
[06:53:35] [worker #0] Bootstrap tree #217, logLikelihood: -6959.820579
[06:53:50] [worker #1] Bootstrap tree #222, logLikelihood: -6774.476477
[06:53:53] [worker #3] Bootstrap tree #224, logLikelihood: -7480.494047
[06:54:06] [worker #2] Bootstrap tree #223, logLikelihood: -7568.955223
[06:54:29] [worker #0] Bootstrap tree #221, logLikelihood: -7447.488942
[06:54:55] [worker #1] Bootstrap tree #226, logLikelihood: -7689.076283
[06:55:14] [worker #2] Bootstrap tree #227, logLikelihood: -7558.315633
[06:55:40] [worker #0] Bootstrap tree #225, logLikelihood: -7747.802164
[06:56:11] [worker #1] Bootstrap tree #230, logLikelihood: -7809.219984
[06:56:11] [worker #3] Bootstrap tree #228, logLikelihood: -7199.361300
[06:56:17] [worker #2] Bootstrap tree #231, logLikelihood: -8086.757568
[06:56:44] [worker #0] Bootstrap tree #229, logLikelihood: -7495.559520
[06:57:10] [worker #3] Bootstrap tree #232, logLikelihood: -7509.385235
[06:57:25] [worker #2] Bootstrap tree #235, logLikelihood: -7813.467549
[06:57:46] [worker #1] Bootstrap tree #234, logLikelihood: -7849.481140
[06:57:56] [worker #0] Bootstrap tree #233, logLikelihood: -7897.364152
[06:58:15] [worker #3] Bootstrap tree #236, logLikelihood: -7982.295392
[06:58:52] [worker #2] Bootstrap tree #239, logLikelihood: -6806.950009
[06:58:55] [worker #1] Bootstrap tree #238, logLikelihood: -7309.504862
[06:59:14] [worker #3] Bootstrap tree #240, logLikelihood: -7244.689927
[06:59:52] [worker #0] Bootstrap tree #237, logLikelihood: -7718.568829
[07:16:30] [worker #2] Bootstrap tree #243, logLikelihood: -7808.587902
[07:16:44] [worker #3] Bootstrap tree #244, logLikelihood: -7586.314611
[07:17:13] [worker #1] Bootstrap tree #242, logLikelihood: -7618.599666
[07:17:19] [worker #2] Bootstrap tree #247, logLikelihood: -7718.571216
[07:17:23] [worker #0] Bootstrap tree #241, logLikelihood: -7574.983097
[07:27:39] [worker #3] Bootstrap tree #248, logLikelihood: -7490.118961
[07:28:04] [worker #1] Bootstrap tree #246, logLikelihood: -7008.303034
[07:28:12] [worker #0] Bootstrap tree #245, logLikelihood: -7529.818279
[07:44:34] [worker #1] Bootstrap tree #250, logLikelihood: -7199.249964
[07:59:47] [worker #0] Bootstrap tree #249, logLikelihood: -7953.692627
[08:18:25] [worker #3] Bootstrap tree #252, logLikelihood: -8118.940506
[08:18:29] [worker #2] Bootstrap tree #251, logLikelihood: -7223.074464
[08:18:34] [worker #0] Bootstrap tree #253, logLikelihood: -6650.343115
[08:18:37] [worker #1] Bootstrap tree #254, logLikelihood: -7676.488927
[08:19:27] [worker #3] Bootstrap tree #256, logLikelihood: -7216.027991
[08:19:28] [worker #0] Bootstrap tree #257, logLikelihood: -7356.320085
[08:19:30] [worker #1] Bootstrap tree #258, logLikelihood: -7384.474050
[08:19:31] [worker #2] Bootstrap tree #255, logLikelihood: -7254.422928
[08:30:05] [worker #2] Bootstrap tree #259, logLikelihood: -7492.110688
[08:30:09] [worker #1] Bootstrap tree #262, logLikelihood: -7607.456974
[08:30:09] [worker #3] Bootstrap tree #260, logLikelihood: -7148.620609
[08:30:25] [worker #0] Bootstrap tree #261, logLikelihood: -7334.242323
[08:47:03] [worker #2] Bootstrap tree #263, logLikelihood: -7708.109707
[08:47:03] [worker #3] Bootstrap tree #264, logLikelihood: -7331.641105
[08:47:09] [worker #1] Bootstrap tree #266, logLikelihood: -7312.920277
[08:47:22] [worker #0] Bootstrap tree #265, logLikelihood: -7577.669356
[09:03:10] [worker #1] Bootstrap tree #270, logLikelihood: -6946.011296
[09:03:18] [worker #3] Bootstrap tree #268, logLikelihood: -7519.033625
[09:19:18] [worker #0] Bootstrap tree #269, logLikelihood: -7059.928460
[09:19:44] [worker #2] Bootstrap tree #267, logLikelihood: -7086.241308
[09:20:09] [worker #3] Bootstrap tree #272, logLikelihood: -8246.604009
[09:20:12] [worker #0] Bootstrap tree #273, logLikelihood: -7793.193225
[09:20:17] [worker #1] Bootstrap tree #274, logLikelihood: -7837.318101
[09:24:07] [worker #2] Bootstrap tree #271, logLikelihood: -7913.543880
[09:24:17] [worker #3] Bootstrap tree #276, logLikelihood: -7294.900537
[09:24:22] [worker #0] Bootstrap tree #277, logLikelihood: -7308.356198
[09:24:23] [worker #1] Bootstrap tree #278, logLikelihood: -7920.312555
[09:29:56] [worker #2] Bootstrap tree #275, logLikelihood: -7346.310113
[09:30:14] [worker #3] Bootstrap tree #280, logLikelihood: -7750.722408
[09:30:31] [worker #0] Bootstrap tree #281, logLikelihood: -7863.516161
[09:30:36] [worker #1] Bootstrap tree #282, logLikelihood: -7646.954870
[09:30:59] [worker #2] Bootstrap tree #279, logLikelihood: -7658.174006
[09:48:24] [worker #0] Bootstrap tree #285, logLikelihood: -6763.755135
[09:48:26] [worker #3] Bootstrap tree #284, logLikelihood: -7403.635326
[09:48:44] [worker #1] Bootstrap tree #286, logLikelihood: -7136.530410
[09:48:57] [worker #2] Bootstrap tree #283, logLikelihood: -7677.670592
[10:04:22] [worker #0] Bootstrap tree #289, logLikelihood: -7286.720026
[10:04:23] [worker #3] Bootstrap tree #288, logLikelihood: -6437.000061
[10:04:45] [worker #1] Bootstrap tree #290, logLikelihood: -7538.218489
[10:20:36] [worker #2] Bootstrap tree #287, logLikelihood: -7170.532692
[10:20:51] [worker #0] Bootstrap tree #293, logLikelihood: -7607.567344
[10:20:54] [worker #3] Bootstrap tree #292, logLikelihood: -7670.024046
[10:21:21] [worker #1] Bootstrap tree #294, logLikelihood: -7397.473477
[10:21:31] [worker #2] Bootstrap tree #291, logLikelihood: -7723.419698
[10:21:41] [worker #0] Bootstrap tree #297, logLikelihood: -7226.699525
[10:30:39] [worker #3] Bootstrap tree #296, logLikelihood: -7539.797146
[10:31:07] [worker #2] Bootstrap tree #295, logLikelihood: -7981.708651
[10:31:10] [worker #1] Bootstrap tree #298, logLikelihood: -7550.537035
[10:49:56] [worker #3] Bootstrap tree #300, logLikelihood: -7806.752664
[11:06:16] [worker #2] Bootstrap tree #299, logLikelihood: -7629.763317
[11:16:59] [worker #3] Bootstrap tree #304, logLikelihood: -7280.026364
[11:17:10] [worker #1] Bootstrap tree #302, logLikelihood: -7320.198813
[11:17:19] [worker #2] Bootstrap tree #303, logLikelihood: -7500.556582
[11:17:19] [worker #0] Bootstrap tree #301, logLikelihood: -7358.907970
[11:17:56] [worker #3] Bootstrap tree #308, logLikelihood: -7650.479147
[11:18:07] [worker #0] Bootstrap tree #305, logLikelihood: -7536.866816
[11:18:16] [worker #2] Bootstrap tree #307, logLikelihood: -7525.729240
[11:18:34] [worker #1] Bootstrap tree #306, logLikelihood: -7711.710137
[11:18:49] [worker #3] Bootstrap tree #312, logLikelihood: -7665.383253
[11:19:08] [worker #0] Bootstrap tree #309, logLikelihood: -7017.260957
[11:19:15] [worker #2] Bootstrap tree #311, logLikelihood: -7399.001458
[11:19:39] [worker #1] Bootstrap tree #310, logLikelihood: -7000.606928
[11:19:46] [worker #3] Bootstrap tree #316, logLikelihood: -7333.252286
[11:20:07] [worker #0] Bootstrap tree #313, logLikelihood: -7061.145911
[11:20:09] [worker #2] Bootstrap tree #315, logLikelihood: -7754.504282
[11:20:43] [worker #3] Bootstrap tree #320, logLikelihood: -7435.264676
[11:21:05] [worker #0] Bootstrap tree #317, logLikelihood: -7075.765354
[11:21:16] [worker #1] Bootstrap tree #314, logLikelihood: -8011.843422
[11:21:37] [worker #2] Bootstrap tree #319, logLikelihood: -7568.133442
[11:21:41] [worker #3] Bootstrap tree #324, logLikelihood: -7309.060474
[11:22:00] [worker #0] Bootstrap tree #321, logLikelihood: -7220.095403
[11:22:16] [worker #1] Bootstrap tree #318, logLikelihood: -7401.292215
[11:22:38] [worker #3] Bootstrap tree #328, logLikelihood: -7667.552676
[11:23:06] [worker #0] Bootstrap tree #325, logLikelihood: -7491.919886
[11:23:12] [worker #2] Bootstrap tree #323, logLikelihood: -7216.715289
[11:23:19] [worker #1] Bootstrap tree #322, logLikelihood: -7870.963874
[11:23:26] [worker #3] Bootstrap tree #332, logLikelihood: -7504.596026
[11:24:11] [worker #1] Bootstrap tree #326, logLikelihood: -6818.869411
[11:24:17] [worker #2] Bootstrap tree #327, logLikelihood: -7328.378143
[11:24:20] [worker #3] Bootstrap tree #336, logLikelihood: -7437.289945
[11:24:24] [worker #0] Bootstrap tree #329, logLikelihood: -7523.749867
[11:25:06] [worker #1] Bootstrap tree #330, logLikelihood: -7670.266598
[11:25:19] [worker #2] Bootstrap tree #331, logLikelihood: -7917.649674
[11:25:28] [worker #0] Bootstrap tree #333, logLikelihood: -7739.790143
[11:26:05] [worker #3] Bootstrap tree #340, logLikelihood: -7543.714351
[11:26:06] [worker #1] Bootstrap tree #334, logLikelihood: -7389.817636
[11:26:17] [worker #2] Bootstrap tree #335, logLikelihood: -7328.347955
[11:26:35] [worker #0] Bootstrap tree #337, logLikelihood: -7362.041503
[11:26:58] [worker #3] Bootstrap tree #344, logLikelihood: -7248.511163
[11:27:05] [worker #1] Bootstrap tree #338, logLikelihood: -7183.840553
[11:27:28] [worker #2] Bootstrap tree #339, logLikelihood: -7235.680587
[11:27:35] [worker #0] Bootstrap tree #341, logLikelihood: -7098.108867
[11:28:00] [worker #3] Bootstrap tree #348, logLikelihood: -7901.180547
[11:28:06] [worker #1] Bootstrap tree #342, logLikelihood: -7784.854354
[11:43:55] [worker #2] Bootstrap tree #343, logLikelihood: -7323.689826
[11:44:00] [worker #0] Bootstrap tree #345, logLikelihood: -7473.263695
[11:44:30] [worker #1] Bootstrap tree #346, logLikelihood: -7637.673114
[11:44:59] [worker #2] Bootstrap tree #347, logLikelihood: -7813.779335
[11:45:07] [worker #0] Bootstrap tree #349, logLikelihood: -6653.555609
[11:45:20] [worker #1] Bootstrap tree #350, logLikelihood: -7055.465670
[11:46:12] [worker #1] Bootstrap tree #354, logLikelihood: -7786.249590
[11:46:19] [worker #3] Bootstrap tree #352, logLikelihood: -6871.100675
[11:46:22] [worker #0] Bootstrap tree #353, logLikelihood: -7420.468562
[11:46:22] [worker #2] Bootstrap tree #351, logLikelihood: -7735.091903
[11:47:11] [worker #3] Bootstrap tree #356, logLikelihood: -7720.748395
[11:47:13] [worker #1] Bootstrap tree #358, logLikelihood: -7068.305555
[11:47:21] [worker #0] Bootstrap tree #357, logLikelihood: -7807.307263
[11:47:24] [worker #2] Bootstrap tree #355, logLikelihood: -8106.620129
[11:48:03] [worker #1] Bootstrap tree #362, logLikelihood: -8474.461294
[11:48:04] [worker #3] Bootstrap tree #360, logLikelihood: -7101.067243
[11:48:21] [worker #0] Bootstrap tree #361, logLikelihood: -7385.955938
[11:48:27] [worker #2] Bootstrap tree #359, logLikelihood: -7956.210305
[11:48:52] [worker #1] Bootstrap tree #366, logLikelihood: -7727.619583
[11:49:03] [worker #3] Bootstrap tree #364, logLikelihood: -7581.776644
[11:49:30] [worker #2] Bootstrap tree #363, logLikelihood: -7516.425147
[11:49:45] [worker #1] Bootstrap tree #370, logLikelihood: -7956.210108
[11:49:56] [worker #0] Bootstrap tree #365, logLikelihood: -6955.385744
[11:50:02] [worker #3] Bootstrap tree #368, logLikelihood: -7970.723916
[11:50:30] [worker #2] Bootstrap tree #367, logLikelihood: -7405.878209
[11:51:02] [worker #3] Bootstrap tree #372, logLikelihood: -7496.918523
[11:51:13] [worker #0] Bootstrap tree #369, logLikelihood: -7446.343217
[11:51:23] [worker #2] Bootstrap tree #371, logLikelihood: -7724.307763
[11:51:24] [worker #1] Bootstrap tree #374, logLikelihood: -7469.070036
[11:52:01] [worker #0] Bootstrap tree #373, logLikelihood: -7416.248151
[11:52:02] [worker #3] Bootstrap tree #376, logLikelihood: -7111.968121
[11:52:17] [worker #2] Bootstrap tree #375, logLikelihood: -7237.459660
[11:52:31] [worker #1] Bootstrap tree #378, logLikelihood: -7538.296934
[11:52:53] [worker #0] Bootstrap tree #377, logLikelihood: -7429.848482
[11:52:57] [worker #3] Bootstrap tree #380, logLikelihood: -7016.305115
[11:53:30] [worker #1] Bootstrap tree #382, logLikelihood: -7015.375198
[11:53:45] [worker #2] Bootstrap tree #379, logLikelihood: -7678.185622
[11:53:57] [worker #0] Bootstrap tree #381, logLikelihood: -7998.822598
[11:54:18] [worker #3] Bootstrap tree #384, logLikelihood: -7515.551312
[11:54:44] [worker #2] Bootstrap tree #383, logLikelihood: -7615.898379
[11:54:59] [worker #0] Bootstrap tree #385, logLikelihood: -7087.092190
[11:55:16] [worker #1] Bootstrap tree #386, logLikelihood: -7506.456084
[11:55:21] [worker #3] Bootstrap tree #388, logLikelihood: -7531.972811
[11:55:34] [worker #2] Bootstrap tree #387, logLikelihood: -7921.664139
[12:12:35] [worker #0] Bootstrap tree #389, logLikelihood: -7589.016644
[12:13:05] [worker #3] Bootstrap tree #392, logLikelihood: -7764.316216
[12:29:45] [worker #1] Bootstrap tree #390, logLikelihood: -8016.367795
[12:29:45] [worker #2] Bootstrap tree #391, logLikelihood: -7492.864353
[12:30:36] [worker #3] Bootstrap tree #396, logLikelihood: -7767.350270
[12:30:39] [worker #1] Bootstrap tree #394, logLikelihood: -8022.430569
[12:30:44] [worker #2] Bootstrap tree #395, logLikelihood: -7488.367642
[12:30:46] [worker #0] Bootstrap tree #393, logLikelihood: -7308.752626
[12:47:37] [worker #2] Bootstrap tree #399, logLikelihood: -7986.490632
[12:47:39] [worker #1] Bootstrap tree #398, logLikelihood: -7612.728892
[12:47:41] [worker #3] Bootstrap tree #400, logLikelihood: -8393.517378
[12:47:46] [worker #0] Bootstrap tree #397, logLikelihood: -7187.172124
[12:48:48] [worker #1] Bootstrap tree #402, logLikelihood: -7535.271291
[12:48:50] [worker #3] Bootstrap tree #404, logLikelihood: -7193.954653
[12:48:52] [worker #0] Bootstrap tree #401, logLikelihood: -7207.000443
[12:49:17] [worker #2] Bootstrap tree #403, logLikelihood: -7364.641041
[12:49:53] [worker #0] Bootstrap tree #405, logLikelihood: -7501.882933
[12:50:00] [worker #1] Bootstrap tree #406, logLikelihood: -7682.250830
[12:50:35] [worker #3] Bootstrap tree #408, logLikelihood: -7691.056222
[12:50:48] [worker #2] Bootstrap tree #407, logLikelihood: -6892.747046
[12:51:15] [worker #1] Bootstrap tree #410, logLikelihood: -7539.930500
[12:51:26] [worker #0] Bootstrap tree #409, logLikelihood: -6937.063567
[12:51:34] [worker #3] Bootstrap tree #412, logLikelihood: -7408.154822
[12:51:41] [worker #2] Bootstrap tree #411, logLikelihood: -7773.178217
[12:52:05] [worker #1] Bootstrap tree #414, logLikelihood: -7421.146234
[12:52:27] [worker #3] Bootstrap tree #416, logLikelihood: -7141.429080
[12:52:30] [worker #0] Bootstrap tree #413, logLikelihood: -7695.141211
[12:52:55] [worker #2] Bootstrap tree #415, logLikelihood: -7701.315802
[12:53:06] [worker #1] Bootstrap tree #418, logLikelihood: -7571.824143
[12:53:23] [worker #0] Bootstrap tree #417, logLikelihood: -7868.117345
[12:53:25] [worker #3] Bootstrap tree #420, logLikelihood: -7131.890131
[12:53:53] [worker #2] Bootstrap tree #419, logLikelihood: -6838.871811
[12:54:04] [worker #1] Bootstrap tree #422, logLikelihood: -7187.765593
[12:54:12] [worker #0] Bootstrap tree #421, logLikelihood: -7694.178334
[12:54:27] [worker #3] Bootstrap tree #424, logLikelihood: -6712.394495
[12:54:49] [worker #2] Bootstrap tree #423, logLikelihood: -7272.698445
[12:54:58] [worker #1] Bootstrap tree #426, logLikelihood: -7412.997281
[12:55:08] [worker #0] Bootstrap tree #425, logLikelihood: -8167.090596
[12:55:21] [worker #3] Bootstrap tree #428, logLikelihood: -7723.979944
[12:55:49] [worker #2] Bootstrap tree #427, logLikelihood: -7662.453299
[12:55:59] [worker #1] Bootstrap tree #430, logLikelihood: -7891.343011
[12:56:13] [worker #0] Bootstrap tree #429, logLikelihood: -7354.127930
[12:56:24] [worker #3] Bootstrap tree #432, logLikelihood: -6798.650359
[12:56:53] [worker #2] Bootstrap tree #431, logLikelihood: -7150.329457
[12:56:59] [worker #1] Bootstrap tree #434, logLikelihood: -7328.581024
[12:57:07] [worker #0] Bootstrap tree #433, logLikelihood: -7389.218195
[12:57:18] [worker #3] Bootstrap tree #436, logLikelihood: -8205.952929
[12:57:54] [worker #2] Bootstrap tree #435, logLikelihood: -7645.683638
[12:58:02] [worker #0] Bootstrap tree #437, logLikelihood: -7416.449435
[12:58:19] [worker #3] Bootstrap tree #440, logLikelihood: -8324.334151
[12:58:21] [worker #1] Bootstrap tree #438, logLikelihood: -7435.649927
[12:58:54] [worker #2] Bootstrap tree #439, logLikelihood: -8089.957356
[12:59:01] [worker #0] Bootstrap tree #441, logLikelihood: -6671.265085
[12:59:14] [worker #3] Bootstrap tree #444, logLikelihood: -7753.697376
[12:59:48] [worker #1] Bootstrap tree #442, logLikelihood: -7953.910291
[13:00:06] [worker #0] Bootstrap tree #445, logLikelihood: -7185.375591
[13:00:12] [worker #3] Bootstrap tree #448, logLikelihood: -7530.448308
[13:00:27] [worker #2] Bootstrap tree #443, logLikelihood: -7414.896560
[13:16:33] [worker #1] Bootstrap tree #446, logLikelihood: -7129.478274
[13:16:40] [worker #0] Bootstrap tree #449, logLikelihood: -7018.862147
[13:17:20] [worker #2] Bootstrap tree #447, logLikelihood: -7613.197099
[13:17:34] [worker #1] Bootstrap tree #450, logLikelihood: -7599.764482
[13:18:36] [worker #0] Bootstrap tree #453, logLikelihood: -6889.803424
[13:18:39] [worker #3] Bootstrap tree #452, logLikelihood: -7362.476209
[13:18:39] [worker #2] Bootstrap tree #451, logLikelihood: -7542.322775
[13:19:24] [worker #1] Bootstrap tree #454, logLikelihood: -7762.473295
[13:19:35] [worker #3] Bootstrap tree #456, logLikelihood: -7559.215357
[13:19:37] [worker #0] Bootstrap tree #457, logLikelihood: -7577.460318
[13:19:38] [worker #2] Bootstrap tree #455, logLikelihood: -7802.904267
[13:20:23] [worker #1] Bootstrap tree #458, logLikelihood: -7176.315979
[13:20:33] [worker #0] Bootstrap tree #461, logLikelihood: -7407.608412
[13:20:39] [worker #2] Bootstrap tree #459, logLikelihood: -7862.835673
[13:20:57] [worker #3] Bootstrap tree #460, logLikelihood: -7518.583507
[13:21:19] [worker #1] Bootstrap tree #462, logLikelihood: -7466.267335
[13:21:39] [worker #2] Bootstrap tree #463, logLikelihood: -7957.017433
[13:21:50] [worker #0] Bootstrap tree #465, logLikelihood: -7739.119456
[13:22:00] [worker #3] Bootstrap tree #464, logLikelihood: -7601.898642
[13:22:27] [worker #1] Bootstrap tree #466, logLikelihood: -7120.928457
[13:22:59] [worker #0] Bootstrap tree #469, logLikelihood: -7483.474628
[13:23:07] [worker #3] Bootstrap tree #468, logLikelihood: -7949.665106
[13:23:34] [worker #2] Bootstrap tree #467, logLikelihood: -7473.894233
[13:26:00] [worker #0] Bootstrap tree #473, logLikelihood: -7493.395270
[13:26:00] [worker #1] Bootstrap tree #470, logLikelihood: -7363.694842
[13:26:02] [worker #3] Bootstrap tree #472, logLikelihood: -7506.908667
[13:26:32] [worker #2] Bootstrap tree #471, logLikelihood: -7324.465139
[13:27:00] [worker #0] Bootstrap tree #477, logLikelihood: -7669.971147
[13:27:02] [worker #3] Bootstrap tree #476, logLikelihood: -7794.495010
[13:27:07] [worker #1] Bootstrap tree #474, logLikelihood: -7229.220804
[13:27:32] [worker #2] Bootstrap tree #475, logLikelihood: -7590.606273
[13:27:47] [worker #0] Bootstrap tree #481, logLikelihood: -7773.965384
[13:28:00] [worker #1] Bootstrap tree #478, logLikelihood: -7457.954121
[13:28:29] [worker #2] Bootstrap tree #479, logLikelihood: -7670.868844
[13:28:29] [worker #3] Bootstrap tree #480, logLikelihood: -7744.207225
[13:28:46] [worker #0] Bootstrap tree #485, logLikelihood: -7317.588999
[13:28:56] [worker #1] Bootstrap tree #482, logLikelihood: -7290.723968
[13:29:26] [worker #2] Bootstrap tree #483, logLikelihood: -8041.760712
[13:29:27] [worker #3] Bootstrap tree #484, logLikelihood: -7802.603418
[13:29:45] [worker #1] Bootstrap tree #486, logLikelihood: -7371.612263
[13:29:49] [worker #0] Bootstrap tree #489, logLikelihood: -7558.283965
[13:30:37] [worker #3] Bootstrap tree #488, logLikelihood: -7510.549616
[13:30:38] [worker #2] Bootstrap tree #487, logLikelihood: -8142.074960
[13:30:43] [worker #1] Bootstrap tree #490, logLikelihood: -7654.031774
[13:30:58] [worker #0] Bootstrap tree #493, logLikelihood: -7555.093433
[13:31:36] [worker #2] Bootstrap tree #491, logLikelihood: -8223.748867
[13:31:42] [worker #3] Bootstrap tree #492, logLikelihood: -7540.278191
[13:31:49] [worker #1] Bootstrap tree #494, logLikelihood: -6758.097102
[13:31:53] [worker #0] Bootstrap tree #497, logLikelihood: -7997.924621
[13:32:39] [worker #2] Bootstrap tree #495, logLikelihood: -7508.427602
[13:32:43] [worker #1] Bootstrap tree #498, logLikelihood: -8293.879607
[13:32:54] [worker #3] Bootstrap tree #496, logLikelihood: -7326.619481
[13:33:39] [worker #2] Bootstrap tree #499, logLikelihood: -7982.854323
[13:33:54] [worker #3] Bootstrap tree #500, logLikelihood: -7722.009388
[13:34:48] [worker #1] Bootstrap tree #502, logLikelihood: -8398.990243
[13:34:52] [worker #0] Bootstrap tree #501, logLikelihood: -8078.531008
[13:34:54] [worker #3] Bootstrap tree #504, logLikelihood: -7699.497647
[13:35:00] [worker #2] Bootstrap tree #503, logLikelihood: -8092.054427
[13:35:48] [worker #3] Bootstrap tree #508, logLikelihood: -7430.508661
[13:35:49] [worker #2] Bootstrap tree #507, logLikelihood: -7216.631899
[13:35:51] [worker #0] Bootstrap tree #505, logLikelihood: -6969.181161
[13:35:57] [worker #1] Bootstrap tree #506, logLikelihood: -7119.230613
[13:54:27] [worker #2] Bootstrap tree #511, logLikelihood: -7443.153828
[13:54:30] [worker #1] Bootstrap tree #510, logLikelihood: -7456.501560
[13:54:35] [worker #0] Bootstrap tree #509, logLikelihood: -7250.880747
[13:54:43] [worker #3] Bootstrap tree #512, logLikelihood: -7758.413239
[13:55:26] [worker #2] Bootstrap tree #515, logLikelihood: -7991.421474
[13:55:35] [worker #0] Bootstrap tree #513, logLikelihood: -7328.453856
[13:55:44] [worker #1] Bootstrap tree #514, logLikelihood: -7646.941015
[13:55:56] [worker #3] Bootstrap tree #516, logLikelihood: -7653.336706
[13:56:41] [worker #2] Bootstrap tree #519, logLikelihood: -7595.164452
[13:56:42] [worker #0] Bootstrap tree #517, logLikelihood: -7022.439793
[13:56:51] [worker #1] Bootstrap tree #518, logLikelihood: -7508.222672
[13:57:08] [worker #3] Bootstrap tree #520, logLikelihood: -7536.201313
[13:57:44] [worker #2] Bootstrap tree #523, logLikelihood: -7110.194687
[13:57:47] [worker #0] Bootstrap tree #521, logLikelihood: -7220.827029
[13:58:09] [worker #1] Bootstrap tree #522, logLikelihood: -7711.099052
[13:58:20] [worker #3] Bootstrap tree #524, logLikelihood: -7485.291834
[13:58:50] [worker #0] Bootstrap tree #525, logLikelihood: -7822.674650
[13:58:59] [worker #2] Bootstrap tree #527, logLikelihood: -7288.509380
[13:59:17] [worker #1] Bootstrap tree #526, logLikelihood: -7146.060288
[13:59:30] [worker #3] Bootstrap tree #528, logLikelihood: -6948.746147
[13:59:57] [worker #0] Bootstrap tree #529, logLikelihood: -7731.058945
[14:00:14] [worker #2] Bootstrap tree #531, logLikelihood: -7551.882466
[14:00:26] [worker #1] Bootstrap tree #530, logLikelihood: -7825.245960
[14:00:42] [worker #3] Bootstrap tree #532, logLikelihood: -7631.666518
[14:01:24] [worker #0] Bootstrap tree #533, logLikelihood: -7215.163029
[14:01:37] [worker #1] Bootstrap tree #534, logLikelihood: -8409.427018
[14:01:43] [worker #2] Bootstrap tree #535, logLikelihood: -7738.337677
[14:01:50] [worker #3] Bootstrap tree #536, logLikelihood: -7535.144015
[14:02:55] [worker #3] Bootstrap tree #540, logLikelihood: -7391.712242
[14:03:20] [worker #0] Bootstrap tree #537, logLikelihood: -7851.408633
[14:03:25] [worker #1] Bootstrap tree #538, logLikelihood: -7246.662436
[14:03:46] [worker #2] Bootstrap tree #539, logLikelihood: -8563.581097
[14:04:34] [worker #0] Bootstrap tree #541, logLikelihood: -7423.724258
[14:04:38] [worker #1] Bootstrap tree #542, logLikelihood: -7359.410534
[14:04:49] [worker #2] Bootstrap tree #543, logLikelihood: -7687.897654
[14:04:52] [worker #3] Bootstrap tree #544, logLikelihood: -7651.908396
[14:05:42] [worker #1] Bootstrap tree #546, logLikelihood: -7444.539431
[14:06:00] [worker #3] Bootstrap tree #548, logLikelihood: -6821.478347
[14:06:03] [worker #2] Bootstrap tree #547, logLikelihood: -7651.545310
[14:06:16] [worker #0] Bootstrap tree #545, logLikelihood: -7394.292693
[14:06:57] [worker #1] Bootstrap tree #550, logLikelihood: -7009.758377
[14:07:25] [worker #0] Bootstrap tree #549, logLikelihood: -7793.540149
[14:08:38] [worker #3] Bootstrap tree #552, logLikelihood: -7421.839623
[14:08:38] [worker #0] Bootstrap tree #553, logLikelihood: -8093.519169
[14:08:40] [worker #2] Bootstrap tree #551, logLikelihood: -7216.281290
[14:08:46] [worker #1] Bootstrap tree #554, logLikelihood: -7960.490935
[14:09:46] [worker #2] Bootstrap tree #555, logLikelihood: -7637.826639
[14:09:52] [worker #3] Bootstrap tree #556, logLikelihood: -7234.314392
[14:09:57] [worker #1] Bootstrap tree #558, logLikelihood: -6988.561193
[14:10:19] [worker #0] Bootstrap tree #557, logLikelihood: -8106.561852
[14:10:53] [worker #3] Bootstrap tree #560, logLikelihood: -7696.443331
[14:10:57] [worker #2] Bootstrap tree #559, logLikelihood: -7461.102216
[14:11:12] [worker #1] Bootstrap tree #562, logLikelihood: -7488.868142
[14:11:30] [worker #0] Bootstrap tree #561, logLikelihood: -7681.876922
[14:12:10] [worker #3] Bootstrap tree #564, logLikelihood: -7747.527621
[14:12:28] [worker #1] Bootstrap tree #566, logLikelihood: -7200.212886
[14:12:32] [worker #2] Bootstrap tree #563, logLikelihood: -7598.718654
[14:12:41] [worker #0] Bootstrap tree #565, logLikelihood: -7379.342673
[14:13:27] [worker #3] Bootstrap tree #568, logLikelihood: -7268.837453
[14:13:38] [worker #2] Bootstrap tree #567, logLikelihood: -7826.075348
[14:13:48] [worker #1] Bootstrap tree #570, logLikelihood: -7094.955320
[14:13:53] [worker #0] Bootstrap tree #569, logLikelihood: -6756.531232
[14:14:43] [worker #3] Bootstrap tree #572, logLikelihood: -8142.394274
[14:14:45] [worker #2] Bootstrap tree #571, logLikelihood: -7224.701673
[14:14:51] [worker #1] Bootstrap tree #574, logLikelihood: -7955.948806
[14:15:13] [worker #0] Bootstrap tree #573, logLikelihood: -6974.195820
[14:15:51] [worker #2] Bootstrap tree #575, logLikelihood: -8061.257879
[14:16:03] [worker #1] Bootstrap tree #578, logLikelihood: -7899.572758
[14:16:06] [worker #3] Bootstrap tree #576, logLikelihood: -7803.795238
[14:16:31] [worker #0] Bootstrap tree #577, logLikelihood: -7340.957603
[14:17:04] [worker #2] Bootstrap tree #579, logLikelihood: -7383.270122
[14:17:23] [worker #3] Bootstrap tree #580, logLikelihood: -7344.806763
[14:17:40] [worker #0] Bootstrap tree #581, logLikelihood: -7415.560224
[14:17:56] [worker #1] Bootstrap tree #582, logLikelihood: -7279.958275
[14:18:16] [worker #2] Bootstrap tree #583, logLikelihood: -7607.179209
[14:18:40] [worker #3] Bootstrap tree #584, logLikelihood: -7426.241685
[14:18:49] [worker #0] Bootstrap tree #585, logLikelihood: -7566.230546
[14:19:05] [worker #1] Bootstrap tree #586, logLikelihood: -7493.960710
[14:19:24] [worker #2] Bootstrap tree #587, logLikelihood: -7280.968220
[14:19:52] [worker #3] Bootstrap tree #588, logLikelihood: -7606.466061
[14:20:05] [worker #0] Bootstrap tree #589, logLikelihood: -6832.120987
[14:20:10] [worker #1] Bootstrap tree #590, logLikelihood: -7319.247988
[14:20:41] [worker #2] Bootstrap tree #591, logLikelihood: -7422.349187
[14:21:15] [worker #0] Bootstrap tree #593, logLikelihood: -7111.341046
[14:21:27] [worker #1] Bootstrap tree #594, logLikelihood: -7727.803144
[14:21:46] [worker #3] Bootstrap tree #592, logLikelihood: -7621.992155
[14:22:04] [worker #2] Bootstrap tree #595, logLikelihood: -6652.830251
[14:22:25] [worker #0] Bootstrap tree #597, logLikelihood: -7902.765419
[14:22:54] [worker #1] Bootstrap tree #598, logLikelihood: -7713.565610
[14:23:05] [worker #3] Bootstrap tree #596, logLikelihood: -7497.095267
[14:23:13] [worker #2] Bootstrap tree #599, logLikelihood: -6643.772210
[14:24:18] [worker #3] Bootstrap tree #600, logLikelihood: -7658.456699
[14:25:26] [worker #0] Bootstrap tree #601, logLikelihood: -8035.179166
[14:25:39] [worker #3] Bootstrap tree #604, logLikelihood: -7333.409671
[14:25:43] [worker #1] Bootstrap tree #602, logLikelihood: -6930.383762
[14:25:56] [worker #2] Bootstrap tree #603, logLikelihood: -7763.498495
[14:26:50] [worker #3] Bootstrap tree #608, logLikelihood: -7928.475028
[14:26:50] [worker #0] Bootstrap tree #605, logLikelihood: -7738.102547
[14:26:51] [worker #1] Bootstrap tree #606, logLikelihood: -7818.736885
[14:27:13] [worker #2] Bootstrap tree #607, logLikelihood: -7943.880127
[14:27:59] [worker #3] Bootstrap tree #612, logLikelihood: -7744.562889
[14:28:00] [worker #0] Bootstrap tree #609, logLikelihood: -7283.928432
[14:28:08] [worker #1] Bootstrap tree #610, logLikelihood: -7272.222791
[14:28:36] [worker #2] Bootstrap tree #611, logLikelihood: -7174.242904
[14:29:03] [worker #0] Bootstrap tree #613, logLikelihood: -7721.225221
[14:29:07] [worker #3] Bootstrap tree #616, logLikelihood: -7898.491473
[14:29:23] [worker #1] Bootstrap tree #614, logLikelihood: -7319.971415
[14:30:01] [worker #2] Bootstrap tree #615, logLikelihood: -7720.424908
[14:30:18] [worker #3] Bootstrap tree #620, logLikelihood: -7232.287035
[14:30:22] [worker #0] Bootstrap tree #617, logLikelihood: -7282.646944
[14:31:16] [worker #1] Bootstrap tree #618, logLikelihood: -7227.994969
[14:31:19] [worker #2] Bootstrap tree #619, logLikelihood: -7440.597487
[14:31:35] [worker #3] Bootstrap tree #624, logLikelihood: -8005.889663
[14:31:44] [worker #0] Bootstrap tree #621, logLikelihood: -7769.880073
[14:32:29] [worker #2] Bootstrap tree #623, logLikelihood: -8020.040810
[14:32:29] [worker #1] Bootstrap tree #622, logLikelihood: -7534.802511
[14:32:41] [worker #3] Bootstrap tree #628, logLikelihood: -7367.720448
[14:32:53] [worker #0] Bootstrap tree #625, logLikelihood: -7723.134345
[14:33:34] [worker #2] Bootstrap tree #627, logLikelihood: -7422.375410
[14:33:37] [worker #1] Bootstrap tree #626, logLikelihood: -7975.707489
[14:33:39] [worker #3] Bootstrap tree #632, logLikelihood: -7740.568246
[14:34:05] [worker #0] Bootstrap tree #629, logLikelihood: -8037.742650
[14:34:43] [worker #3] Bootstrap tree #636, logLikelihood: -7235.919195
[14:34:43] [worker #2] Bootstrap tree #631, logLikelihood: -7684.942220
[14:34:56] [worker #1] Bootstrap tree #630, logLikelihood: -7707.936326
[14:35:17] [worker #0] Bootstrap tree #633, logLikelihood: -7463.660625
[14:35:55] [worker #3] Bootstrap tree #640, logLikelihood: -7759.606015
[14:35:55] [worker #2] Bootstrap tree #635, logLikelihood: -8133.363877
[14:36:13] [worker #1] Bootstrap tree #634, logLikelihood: -7576.181114
[14:36:18] [worker #0] Bootstrap tree #637, logLikelihood: -7399.608754
[14:36:57] [worker #3] Bootstrap tree #644, logLikelihood: -7096.991773
[14:37:20] [worker #2] Bootstrap tree #639, logLikelihood: -6704.129440
[14:37:26] [worker #0] Bootstrap tree #641, logLikelihood: -7375.104001
[14:37:36] [worker #1] Bootstrap tree #638, logLikelihood: -7261.726108
[14:38:33] [worker #2] Bootstrap tree #643, logLikelihood: -7534.425305
[14:38:36] [worker #0] Bootstrap tree #645, logLikelihood: -7487.298208
[14:38:54] [worker #3] Bootstrap tree #648, logLikelihood: -7679.159870
[14:39:18] [worker #1] Bootstrap tree #642, logLikelihood: -7584.712727
[14:39:41] [worker #2] Bootstrap tree #647, logLikelihood: -7377.674045
[14:39:54] [worker #0] Bootstrap tree #649, logLikelihood: -7904.106685
[14:40:38] [worker #1] Bootstrap tree #646, logLikelihood: -7624.743574
[14:41:54] [worker #1] Bootstrap tree #650, logLikelihood: -6867.480019
[14:43:07] [worker #1] Bootstrap tree #654, logLikelihood: -7376.462162
[14:43:07] [worker #2] Bootstrap tree #651, logLikelihood: -7357.231006
[14:43:08] [worker #3] Bootstrap tree #652, logLikelihood: -7794.998466
[14:43:24] [worker #0] Bootstrap tree #653, logLikelihood: -7321.766215
[14:44:11] [worker #3] Bootstrap tree #656, logLikelihood: -6994.353768
[14:44:13] [worker #1] Bootstrap tree #658, logLikelihood: -7109.991353
[14:44:19] [worker #2] Bootstrap tree #655, logLikelihood: -7678.241892
[14:44:37] [worker #0] Bootstrap tree #657, logLikelihood: -8340.399320
[14:45:20] [worker #1] Bootstrap tree #662, logLikelihood: -7666.912843
[14:45:37] [worker #2] Bootstrap tree #659, logLikelihood: -6735.299292
[14:45:38] [worker #3] Bootstrap tree #660, logLikelihood: -7787.779208
[14:45:54] [worker #0] Bootstrap tree #661, logLikelihood: -7136.456099
[14:46:26] [worker #1] Bootstrap tree #666, logLikelihood: -6948.089442
[14:46:49] [worker #2] Bootstrap tree #663, logLikelihood: -7601.962905
[14:47:13] [worker #0] Bootstrap tree #665, logLikelihood: -7949.189172
[14:47:40] [worker #3] Bootstrap tree #664, logLikelihood: -7555.117351
[14:47:41] [worker #1] Bootstrap tree #670, logLikelihood: -7943.283903
[14:48:01] [worker #2] Bootstrap tree #667, logLikelihood: -7596.701475
[14:48:35] [worker #0] Bootstrap tree #669, logLikelihood: -6798.487830
[14:48:53] [worker #3] Bootstrap tree #668, logLikelihood: -6834.394016
[14:49:15] [worker #2] Bootstrap tree #671, logLikelihood: -7202.667824
[14:49:15] [worker #1] Bootstrap tree #674, logLikelihood: -7019.454927
[14:49:46] [worker #0] Bootstrap tree #673, logLikelihood: -7199.612651
[14:50:15] [worker #3] Bootstrap tree #672, logLikelihood: -7026.503572
[14:50:53] [worker #0] Bootstrap tree #677, logLikelihood: -7308.988254
[14:50:56] [worker #2] Bootstrap tree #675, logLikelihood: -7440.638168
[14:51:23] [worker #1] Bootstrap tree #678, logLikelihood: -6762.440537
[14:51:29] [worker #3] Bootstrap tree #676, logLikelihood: -7234.684084
[14:52:04] [worker #0] Bootstrap tree #681, logLikelihood: -7428.540330
[14:52:06] [worker #2] Bootstrap tree #679, logLikelihood: -7397.610512
[14:52:41] [worker #3] Bootstrap tree #680, logLikelihood: -7636.489307
[14:52:43] [worker #1] Bootstrap tree #682, logLikelihood: -7483.683314
[14:53:24] [worker #0] Bootstrap tree #685, logLikelihood: -7372.567671
[14:53:50] [worker #3] Bootstrap tree #684, logLikelihood: -7071.000576
[14:53:53] [worker #2] Bootstrap tree #683, logLikelihood: -7496.995392
[14:53:57] [worker #1] Bootstrap tree #686, logLikelihood: -7693.449486
[14:54:38] [worker #0] Bootstrap tree #689, logLikelihood: -7738.816328
[14:55:06] [worker #3] Bootstrap tree #688, logLikelihood: -8431.693902
[14:55:06] [worker #2] Bootstrap tree #687, logLikelihood: -6609.446939
[14:55:50] [worker #1] Bootstrap tree #690, logLikelihood: -7819.593711
[14:55:51] [worker #0] Bootstrap tree #693, logLikelihood: -8000.622550
[14:56:32] [worker #3] Bootstrap tree #692, logLikelihood: -7721.362480
[14:57:02] [worker #2] Bootstrap tree #691, logLikelihood: -7793.066461
[14:57:10] [worker #1] Bootstrap tree #694, logLikelihood: -7615.769364
[14:57:30] [worker #3] Bootstrap tree #696, logLikelihood: -7388.320453
[14:57:33] [worker #0] Bootstrap tree #697, logLikelihood: -8390.592305
[14:58:29] [worker #1] Bootstrap tree #698, logLikelihood: -8270.942834
[14:58:34] [worker #2] Bootstrap tree #695, logLikelihood: -7904.178143
[14:58:47] [worker #3] Bootstrap tree #700, logLikelihood: -7577.664983
[14:59:41] [worker #2] Bootstrap tree #699, logLikelihood: -7198.374411
[15:00:50] [worker #3] Bootstrap tree #704, logLikelihood: -7440.231999
[15:00:52] [worker #0] Bootstrap tree #701, logLikelihood: -7781.545830
[15:01:05] [worker #1] Bootstrap tree #702, logLikelihood: -7537.069189
[15:01:19] [worker #2] Bootstrap tree #703, logLikelihood: -7813.328631
[15:01:48] [worker #3] Bootstrap tree #708, logLikelihood: -7179.117617
[15:02:15] [worker #1] Bootstrap tree #706, logLikelihood: -7391.506167
[15:02:34] [worker #2] Bootstrap tree #707, logLikelihood: -7378.416132
[15:02:59] [worker #3] Bootstrap tree #712, logLikelihood: -7468.836187
[15:03:40] [worker #1] Bootstrap tree #710, logLikelihood: -6908.115011
[15:03:44] [worker #2] Bootstrap tree #711, logLikelihood: -7459.549193
[15:04:02] [worker #0] Bootstrap tree #705, logLikelihood: -6934.598116
[15:04:06] [worker #3] Bootstrap tree #716, logLikelihood: -7891.565707
[15:04:49] [worker #1] Bootstrap tree #714, logLikelihood: -6717.809417
[15:04:59] [worker #2] Bootstrap tree #715, logLikelihood: -7663.074919
[15:05:27] [worker #0] Bootstrap tree #709, logLikelihood: -7586.590150
[15:05:46] [worker #3] Bootstrap tree #720, logLikelihood: -7989.818853
[15:05:53] [worker #1] Bootstrap tree #718, logLikelihood: -7417.036001
[15:06:05] [worker #2] Bootstrap tree #719, logLikelihood: -7250.474605
[15:06:39] [worker #0] Bootstrap tree #713, logLikelihood: -7511.338322
[15:07:02] [worker #3] Bootstrap tree #724, logLikelihood: -7240.792219
[15:07:10] [worker #1] Bootstrap tree #722, logLikelihood: -7193.085879
[15:07:18] [worker #2] Bootstrap tree #723, logLikelihood: -7856.588610
[15:07:56] [worker #0] Bootstrap tree #717, logLikelihood: -7635.286856
[15:08:18] [worker #3] Bootstrap tree #728, logLikelihood: -7961.846999
[15:08:24] [worker #1] Bootstrap tree #726, logLikelihood: -7307.285829
[15:08:27] [worker #2] Bootstrap tree #727, logLikelihood: -7751.642114
[15:08:58] [worker #0] Bootstrap tree #721, logLikelihood: -7049.813028
[15:09:36] [worker #2] Bootstrap tree #731, logLikelihood: -7241.100093
[15:09:46] [worker #1] Bootstrap tree #730, logLikelihood: -7384.485706
[15:09:48] [worker #3] Bootstrap tree #732, logLikelihood: -6994.000113
[15:10:10] [worker #0] Bootstrap tree #725, logLikelihood: -8012.510152
[15:10:58] [worker #2] Bootstrap tree #735, logLikelihood: -7569.582771
[15:11:00] [worker #1] Bootstrap tree #734, logLikelihood: -7609.776888
[15:11:16] [worker #3] Bootstrap tree #736, logLikelihood: -7618.940560
[15:11:28] [worker #0] Bootstrap tree #729, logLikelihood: -7430.683146
[15:12:18] [worker #2] Bootstrap tree #739, logLikelihood: -7402.986609
[15:12:25] [worker #1] Bootstrap tree #738, logLikelihood: -8549.230885
[15:12:39] [worker #3] Bootstrap tree #740, logLikelihood: -7253.280727
[15:12:53] [worker #0] Bootstrap tree #733, logLikelihood: -7127.313187
[15:13:34] [worker #2] Bootstrap tree #743, logLikelihood: -7463.288170
[15:13:35] [worker #1] Bootstrap tree #742, logLikelihood: -7281.014512
[15:13:52] [worker #3] Bootstrap tree #744, logLikelihood: -7926.652143
[15:14:01] [worker #0] Bootstrap tree #737, logLikelihood: -7443.120310
[15:14:55] [worker #2] Bootstrap tree #747, logLikelihood: -7635.041531
[15:14:56] [worker #1] Bootstrap tree #746, logLikelihood: -7228.876840
[15:15:13] [worker #0] Bootstrap tree #741, logLikelihood: -7771.625354
[15:15:15] [worker #3] Bootstrap tree #748, logLikelihood: -6853.924310
[15:16:06] [worker #1] Bootstrap tree #750, logLikelihood: -7504.079315
[15:17:19] [worker #0] Bootstrap tree #745, logLikelihood: -7332.478875
[15:18:28] [worker #0] Bootstrap tree #749, logLikelihood: -7614.934160
[15:19:35] [worker #3] Bootstrap tree #752, logLikelihood: -7965.322093
[15:19:54] [worker #2] Bootstrap tree #751, logLikelihood: -7506.543838
[15:20:31] [worker #1] Bootstrap tree #754, logLikelihood: -7299.378737
[15:20:37] [worker #0] Bootstrap tree #753, logLikelihood: -7873.747732
[15:21:05] [worker #3] Bootstrap tree #756, logLikelihood: -7549.369909
[15:21:06] [worker #2] Bootstrap tree #755, logLikelihood: -7907.635816
[15:21:28] [worker #1] Bootstrap tree #758, logLikelihood: -7796.720113
[15:21:47] [worker #0] Bootstrap tree #757, logLikelihood: -7543.821495
[15:22:07] [worker #3] Bootstrap tree #760, logLikelihood: -7033.770484
[15:22:21] [worker #2] Bootstrap tree #759, logLikelihood: -7502.681948
[15:22:35] [worker #1] Bootstrap tree #762, logLikelihood: -7782.076210
[15:22:57] [worker #0] Bootstrap tree #761, logLikelihood: -7621.075658
[15:23:05] [worker #3] Bootstrap tree #764, logLikelihood: -7296.919065
[15:23:33] [worker #2] Bootstrap tree #763, logLikelihood: -7263.307004
[15:23:46] [worker #1] Bootstrap tree #766, logLikelihood: -7225.770611
[15:24:01] [worker #0] Bootstrap tree #765, logLikelihood: -7519.969871
[15:24:21] [worker #3] Bootstrap tree #768, logLikelihood: -7829.209218
[15:24:53] [worker #2] Bootstrap tree #767, logLikelihood: -8103.349822
[15:25:10] [worker #1] Bootstrap tree #770, logLikelihood: -7648.891902
[15:25:16] [worker #0] Bootstrap tree #769, logLikelihood: -7752.560458
[15:25:28] [worker #3] Bootstrap tree #772, logLikelihood: -7295.583095
[15:26:03] [worker #1] Bootstrap tree #774, logLikelihood: -7211.734241
[15:26:14] [worker #2] Bootstrap tree #771, logLikelihood: -7658.934763
[15:26:46] [worker #3] Bootstrap tree #776, logLikelihood: -7019.278975
[15:27:00] [worker #0] Bootstrap tree #773, logLikelihood: -7704.812818
[15:27:18] [worker #1] Bootstrap tree #778, logLikelihood: -7268.566444
[15:27:32] [worker #2] Bootstrap tree #775, logLikelihood: -7372.328060
[15:27:58] [worker #3] Bootstrap tree #780, logLikelihood: -7062.436001
[15:28:18] [worker #0] Bootstrap tree #777, logLikelihood: -7211.063538
[15:28:29] [worker #1] Bootstrap tree #782, logLikelihood: -8055.290898
[15:28:42] [worker #2] Bootstrap tree #779, logLikelihood: -7635.597283
[15:29:12] [worker #3] Bootstrap tree #784, logLikelihood: -7208.598274
[15:29:25] [worker #0] Bootstrap tree #781, logLikelihood: -7259.644712
[15:29:43] [worker #1] Bootstrap tree #786, logLikelihood: -7706.807453
[15:29:54] [worker #2] Bootstrap tree #783, logLikelihood: -7349.251420
[15:30:22] [worker #3] Bootstrap tree #788, logLikelihood: -7855.141476
[15:30:47] [worker #0] Bootstrap tree #785, logLikelihood: -8115.323775
[15:30:52] [worker #2] Bootstrap tree #787, logLikelihood: -7693.091061
[15:30:57] [worker #1] Bootstrap tree #790, logLikelihood: -7369.787237
[15:31:40] [worker #3] Bootstrap tree #792, logLikelihood: -7752.576340
[15:32:00] [worker #0] Bootstrap tree #789, logLikelihood: -7782.354652
[15:32:07] [worker #1] Bootstrap tree #794, logLikelihood: -7855.492313
[15:32:45] [worker #2] Bootstrap tree #791, logLikelihood: -7548.929556
[15:33:00] [worker #3] Bootstrap tree #796, logLikelihood: -7780.772926
[15:33:22] [worker #0] Bootstrap tree #793, logLikelihood: -7112.559588
[15:33:49] [worker #1] Bootstrap tree #798, logLikelihood: -7453.957894
[15:33:54] [worker #2] Bootstrap tree #795, logLikelihood: -7151.970260
[15:34:06] [worker #3] Bootstrap tree #800, logLikelihood: -7653.406471
[15:34:24] [worker #0] Bootstrap tree #797, logLikelihood: -7711.891146
[15:34:53] [worker #2] Bootstrap tree #799, logLikelihood: -7514.195087
[15:36:03] [worker #0] Bootstrap tree #801, logLikelihood: -7595.070793
[15:36:09] [worker #3] Bootstrap tree #804, logLikelihood: -7798.140708
[15:36:09] [worker #2] Bootstrap tree #803, logLikelihood: -7422.698231
[15:36:11] [worker #1] Bootstrap tree #802, logLikelihood: -7858.853242
[15:37:04] [worker #0] Bootstrap tree #805, logLikelihood: -7821.360727
[15:37:17] [worker #3] Bootstrap tree #808, logLikelihood: -7961.456639
[15:37:18] [worker #2] Bootstrap tree #807, logLikelihood: -7341.495188
[15:37:28] [worker #1] Bootstrap tree #806, logLikelihood: -7583.954691
[15:38:31] [worker #0] Bootstrap tree #809, logLikelihood: -7517.790830
[15:38:41] [worker #2] Bootstrap tree #811, logLikelihood: -7415.245213
[15:38:41] [worker #1] Bootstrap tree #810, logLikelihood: -7855.102389
[15:38:46] [worker #3] Bootstrap tree #812, logLikelihood: -7259.985396
[15:39:28] [worker #0] Bootstrap tree #813, logLikelihood: -8478.966568
[15:39:47] [worker #1] Bootstrap tree #814, logLikelihood: -8009.886487
[15:39:53] [worker #2] Bootstrap tree #815, logLikelihood: -7493.359276
[15:40:04] [worker #3] Bootstrap tree #816, logLikelihood: -7324.123339
[15:40:33] [worker #0] Bootstrap tree #817, logLikelihood: -7076.735529
[15:41:08] [worker #2] Bootstrap tree #819, logLikelihood: -7572.388770
[15:41:25] [worker #1] Bootstrap tree #818, logLikelihood: -7373.327317
[15:41:48] [worker #3] Bootstrap tree #820, logLikelihood: -7332.392571
[15:41:51] [worker #0] Bootstrap tree #821, logLikelihood: -6971.944692
[15:42:24] [worker #2] Bootstrap tree #823, logLikelihood: -7333.437455
[15:42:32] [worker #1] Bootstrap tree #822, logLikelihood: -7681.887038
[15:42:57] [worker #0] Bootstrap tree #825, logLikelihood: -7947.067563
[15:42:57] [worker #3] Bootstrap tree #824, logLikelihood: -7291.835315
[15:43:35] [worker #2] Bootstrap tree #827, logLikelihood: -7253.893349
[15:43:36] [worker #1] Bootstrap tree #826, logLikelihood: -8066.364079
[15:43:53] [worker #3] Bootstrap tree #828, logLikelihood: -7516.415094
[15:44:06] [worker #0] Bootstrap tree #829, logLikelihood: -7080.808629
[15:44:49] [worker #1] Bootstrap tree #830, logLikelihood: -7069.211720
[15:44:51] [worker #2] Bootstrap tree #831, logLikelihood: -7683.634061
[15:45:02] [worker #3] Bootstrap tree #832, logLikelihood: -7632.880951
[15:45:17] [worker #0] Bootstrap tree #833, logLikelihood: -7354.991805
[15:45:54] [worker #1] Bootstrap tree #834, logLikelihood: -8020.955812
[15:45:56] [worker #2] Bootstrap tree #835, logLikelihood: -7450.877638
[15:46:25] [worker #3] Bootstrap tree #836, logLikelihood: -7512.468164
[15:46:28] [worker #0] Bootstrap tree #837, logLikelihood: -7771.075670
[15:47:18] [worker #2] Bootstrap tree #839, logLikelihood: -7729.342177
[15:47:27] [worker #0] Bootstrap tree #841, logLikelihood: -7540.699537
[15:47:29] [worker #1] Bootstrap tree #838, logLikelihood: -7730.468319
[15:47:42] [worker #3] Bootstrap tree #840, logLikelihood: -8071.299663
[15:48:30] [worker #2] Bootstrap tree #843, logLikelihood: -7260.769194
[15:48:43] [worker #3] Bootstrap tree #844, logLikelihood: -7196.479389
[15:48:48] [worker #0] Bootstrap tree #845, logLikelihood: -7902.402358
[15:49:13] [worker #1] Bootstrap tree #842, logLikelihood: -7149.003683
[15:49:32] [worker #2] Bootstrap tree #847, logLikelihood: -7433.064460
[15:49:54] [worker #0] Bootstrap tree #849, logLikelihood: -8037.084958
[15:50:26] [worker #1] Bootstrap tree #846, logLikelihood: -7535.508690
[15:51:10] [worker #3] Bootstrap tree #848, logLikelihood: -7628.145108
[15:51:16] [worker #1] Bootstrap tree #850, logLikelihood: -7826.536972
[15:52:19] [worker #3] Bootstrap tree #852, logLikelihood: -7959.480487
[15:52:26] [worker #1] Bootstrap tree #854, logLikelihood: -7307.865179
[15:52:28] [worker #0] Bootstrap tree #853, logLikelihood: -7843.226760
[15:52:30] [worker #2] Bootstrap tree #851, logLikelihood: -7099.891946
[15:53:22] [worker #3] Bootstrap tree #856, logLikelihood: -8048.428511
[15:53:40] [worker #0] Bootstrap tree #857, logLikelihood: -7724.192879
[15:53:43] [worker #1] Bootstrap tree #858, logLikelihood: -7762.598960
[15:53:48] [worker #2] Bootstrap tree #855, logLikelihood: -7284.065804
[15:54:26] [worker #3] Bootstrap tree #860, logLikelihood: -7841.662057
[15:54:51] [worker #0] Bootstrap tree #861, logLikelihood: -7125.734965
[15:54:53] [worker #1] Bootstrap tree #862, logLikelihood: -7801.656689
[15:55:07] [worker #2] Bootstrap tree #859, logLikelihood: -7452.825867
[15:55:29] [worker #3] Bootstrap tree #864, logLikelihood: -7558.756741
[15:55:50] [worker #0] Bootstrap tree #865, logLikelihood: -7589.227616
[15:56:02] [worker #1] Bootstrap tree #866, logLikelihood: -8059.181753
[15:56:20] [worker #2] Bootstrap tree #863, logLikelihood: -7752.833497
[15:56:35] [worker #3] Bootstrap tree #868, logLikelihood: -7721.853256
[15:57:10] [worker #0] Bootstrap tree #869, logLikelihood: -7492.341341
[15:57:14] [worker #1] Bootstrap tree #870, logLikelihood: -7416.440869
[15:57:22] [worker #2] Bootstrap tree #867, logLikelihood: -7808.973185
[15:57:45] [worker #3] Bootstrap tree #872, logLikelihood: -7641.792414
[15:58:27] [worker #0] Bootstrap tree #873, logLikelihood: -7696.862250
[15:58:32] [worker #2] Bootstrap tree #871, logLikelihood: -7533.961095
[15:58:42] [worker #1] Bootstrap tree #874, logLikelihood: -7863.877484
[15:59:11] [worker #3] Bootstrap tree #876, logLikelihood: -7414.549655
[16:16:00] [worker #0] Bootstrap tree #877, logLikelihood: -7227.012985
[16:16:09] [worker #2] Bootstrap tree #875, logLikelihood: -7480.667672
[16:16:14] [worker #1] Bootstrap tree #878, logLikelihood: -7712.429861
[16:16:55] [worker #3] Bootstrap tree #880, logLikelihood: -7074.215323
[16:17:11] [worker #0] Bootstrap tree #881, logLikelihood: -7318.606174
[16:17:17] [worker #2] Bootstrap tree #879, logLikelihood: -8270.736880
[16:17:41] [worker #1] Bootstrap tree #882, logLikelihood: -7067.672555
[16:17:54] [worker #3] Bootstrap tree #884, logLikelihood: -7607.079667
[16:18:12] [worker #0] Bootstrap tree #885, logLikelihood: -7288.054753
[16:18:21] [worker #2] Bootstrap tree #883, logLikelihood: -7571.135767
[16:18:53] [worker #1] Bootstrap tree #886, logLikelihood: -7519.044971
[16:19:20] [worker #0] Bootstrap tree #889, logLikelihood: -7713.915539
[16:19:23] [worker #3] Bootstrap tree #888, logLikelihood: -6956.860827
[16:19:30] [worker #2] Bootstrap tree #887, logLikelihood: -8364.662518
[16:32:14] [worker #1] Bootstrap tree #890, logLikelihood: -7800.306393
[16:32:34] [worker #0] Bootstrap tree #893, logLikelihood: -7077.996635
[16:32:42] [worker #3] Bootstrap tree #892, logLikelihood: -7539.949307
[16:33:31] [worker #2] Bootstrap tree #891, logLikelihood: -7666.912347
[16:33:44] [worker #3] Bootstrap tree #896, logLikelihood: -7628.213223
[16:33:56] [worker #0] Bootstrap tree #897, logLikelihood: -8131.310487
[16:33:56] [worker #1] Bootstrap tree #894, logLikelihood: -7539.116232
[16:34:57] [worker #2] Bootstrap tree #895, logLikelihood: -7293.509355
[16:34:58] [worker #3] Bootstrap tree #900, logLikelihood: -7940.722285
[16:35:02] [worker #1] Bootstrap tree #898, logLikelihood: -7684.311172
[16:36:12] [worker #2] Bootstrap tree #899, logLikelihood: -7753.725298
[16:37:22] [worker #0] Bootstrap tree #901, logLikelihood: -7212.833342
[16:37:47] [worker #1] Bootstrap tree #902, logLikelihood: -7595.162536
[16:37:49] [worker #3] Bootstrap tree #904, logLikelihood: -7184.397527
[16:37:52] [worker #2] Bootstrap tree #903, logLikelihood: -7023.280544
[16:38:31] [worker #0] Bootstrap tree #905, logLikelihood: -7246.967572
[16:38:51] [worker #1] Bootstrap tree #906, logLikelihood: -7214.608645
[16:39:04] [worker #2] Bootstrap tree #907, logLikelihood: -7572.272340
[16:39:47] [worker #3] Bootstrap tree #908, logLikelihood: -7940.521540
[16:39:52] [worker #0] Bootstrap tree #909, logLikelihood: -6693.042525
[16:40:02] [worker #1] Bootstrap tree #910, logLikelihood: -7379.877844
[16:40:34] [worker #2] Bootstrap tree #911, logLikelihood: -7957.732046
[16:40:54] [worker #3] Bootstrap tree #912, logLikelihood: -7704.334643
[16:41:20] [worker #1] Bootstrap tree #914, logLikelihood: -7723.782080
[16:41:42] [worker #0] Bootstrap tree #913, logLikelihood: -7282.057732
[16:41:51] [worker #2] Bootstrap tree #915, logLikelihood: -7679.164782
[16:42:11] [worker #3] Bootstrap tree #916, logLikelihood: -7342.172221
[16:42:36] [worker #1] Bootstrap tree #918, logLikelihood: -7610.710172
[16:42:42] [worker #0] Bootstrap tree #917, logLikelihood: -7133.020804
[16:43:00] [worker #2] Bootstrap tree #919, logLikelihood: -7665.671920
[16:43:25] [worker #3] Bootstrap tree #920, logLikelihood: -7222.990071
[16:43:32] [worker #1] Bootstrap tree #922, logLikelihood: -7743.378247
[16:43:57] [worker #0] Bootstrap tree #921, logLikelihood: -7833.091204
[16:44:18] [worker #2] Bootstrap tree #923, logLikelihood: -7672.956515
[16:44:54] [worker #3] Bootstrap tree #924, logLikelihood: -7568.248228
[16:45:01] [worker #0] Bootstrap tree #925, logLikelihood: -7836.625188
[16:45:23] [worker #2] Bootstrap tree #927, logLikelihood: -7854.752317
[16:45:24] [worker #1] Bootstrap tree #926, logLikelihood: -7143.595488
[16:45:58] [worker #3] Bootstrap tree #928, logLikelihood: -7315.193945
[16:46:18] [worker #0] Bootstrap tree #929, logLikelihood: -7376.109248
[16:46:30] [worker #2] Bootstrap tree #931, logLikelihood: -7884.752232
[16:46:39] [worker #1] Bootstrap tree #930, logLikelihood: -7463.528656
[16:47:07] [worker #3] Bootstrap tree #932, logLikelihood: -8267.743212
[16:47:28] [worker #0] Bootstrap tree #933, logLikelihood: -7662.816212
[16:47:37] [worker #2] Bootstrap tree #935, logLikelihood: -7784.595558
[16:48:03] [worker #1] Bootstrap tree #934, logLikelihood: -7586.561611
[16:48:23] [worker #3] Bootstrap tree #936, logLikelihood: -7037.510848
[16:48:31] [worker #0] Bootstrap tree #937, logLikelihood: -7218.716734
[16:48:55] [worker #2] Bootstrap tree #939, logLikelihood: -8085.047339
[16:49:06] [worker #1] Bootstrap tree #938, logLikelihood: -7445.431640
[16:49:20] [worker #3] Bootstrap tree #940, logLikelihood: -7793.295220
[16:49:46] [worker #0] Bootstrap tree #941, logLikelihood: -7481.879334
[16:50:13] [worker #2] Bootstrap tree #943, logLikelihood: -7231.908481
[16:50:31] [worker #1] Bootstrap tree #942, logLikelihood: -7931.976107
[16:50:54] [worker #0] Bootstrap tree #945, logLikelihood: -7484.206638
[16:50:57] [worker #3] Bootstrap tree #944, logLikelihood: -7651.431027
[16:51:21] [worker #2] Bootstrap tree #947, logLikelihood: -7974.576540
[16:51:39] [worker #1] Bootstrap tree #946, logLikelihood: -7019.254304
[16:52:11] [worker #0] Bootstrap tree #949, logLikelihood: -8054.594260
[17:09:52] [worker #3] Bootstrap tree #948, logLikelihood: -8036.650425
[17:10:01] [worker #1] Bootstrap tree #950, logLikelihood: -7368.774507
[17:26:54] [worker #3] Bootstrap tree #952, logLikelihood: -7823.005780
[17:26:56] [worker #1] Bootstrap tree #954, logLikelihood: -6934.432224
[17:26:56] [worker #0] Bootstrap tree #953, logLikelihood: -7227.867161
[17:27:01] [worker #2] Bootstrap tree #951, logLikelihood: -7600.397578
[17:27:47] [worker #1] Bootstrap tree #958, logLikelihood: -7033.233081
[17:27:57] [worker #3] Bootstrap tree #956, logLikelihood: -8082.616812
[17:32:50] [worker #2] Bootstrap tree #955, logLikelihood: -7102.351929
[17:33:15] [worker #0] Bootstrap tree #957, logLikelihood: -7103.400162
[17:33:17] [worker #1] Bootstrap tree #962, logLikelihood: -7245.705880
[17:33:35] [worker #3] Bootstrap tree #960, logLikelihood: -7740.172802
[17:50:33] [worker #0] Bootstrap tree #961, logLikelihood: -8167.845001
[17:50:35] [worker #1] Bootstrap tree #966, logLikelihood: -7669.262521
[18:06:39] [worker #2] Bootstrap tree #959, logLikelihood: -7554.963779
[18:07:08] [worker #3] Bootstrap tree #964, logLikelihood: -7744.818807
[18:07:26] [worker #0] Bootstrap tree #965, logLikelihood: -7538.652387
[18:07:34] [worker #1] Bootstrap tree #970, logLikelihood: -7403.023204
[18:07:44] [worker #2] Bootstrap tree #963, logLikelihood: -6873.946502
[18:25:43] [worker #3] Bootstrap tree #968, logLikelihood: -7522.252201
[18:25:55] [worker #0] Bootstrap tree #969, logLikelihood: -7875.408301
[18:25:57] [worker #1] Bootstrap tree #974, logLikelihood: -7453.236370
[18:26:47] [worker #3] Bootstrap tree #972, logLikelihood: -7205.470951
[18:26:53] [worker #0] Bootstrap tree #973, logLikelihood: -7517.251804
[18:27:01] [worker #1] Bootstrap tree #978, logLikelihood: -7547.070459
[18:27:05] [worker #2] Bootstrap tree #967, logLikelihood: -8137.681622
[18:27:44] [worker #3] Bootstrap tree #976, logLikelihood: -7822.416003
[18:28:05] [worker #2] Bootstrap tree #971, logLikelihood: -8187.875032
[18:28:07] [worker #1] Bootstrap tree #982, logLikelihood: -7280.464516
[18:28:23] [worker #0] Bootstrap tree #977, logLikelihood: -7810.074152
[18:29:05] [worker #2] Bootstrap tree #975, logLikelihood: -8058.170046
[18:29:11] [worker #3] Bootstrap tree #980, logLikelihood: -7429.766951
[18:29:14] [worker #1] Bootstrap tree #986, logLikelihood: -7451.537227
[18:29:25] [worker #0] Bootstrap tree #981, logLikelihood: -7091.908859
[18:30:07] [worker #2] Bootstrap tree #979, logLikelihood: -7554.196157
[18:30:09] [worker #1] Bootstrap tree #990, logLikelihood: -7912.953094
[18:30:15] [worker #3] Bootstrap tree #984, logLikelihood: -6989.640348
[18:30:30] [worker #0] Bootstrap tree #985, logLikelihood: -7646.220205
[18:31:14] [worker #1] Bootstrap tree #994, logLikelihood: -7250.386171
[18:31:14] [worker #2] Bootstrap tree #983, logLikelihood: -7324.893923
[18:31:27] [worker #3] Bootstrap tree #988, logLikelihood: -7227.627244
[18:31:41] [worker #0] Bootstrap tree #989, logLikelihood: -8121.387118
[18:32:16] [worker #1] Bootstrap tree #998, logLikelihood: -7713.041916
[18:32:30] [worker #2] Bootstrap tree #987, logLikelihood: -7456.426258
[18:32:43] [worker #0] Bootstrap tree #993, logLikelihood: -7602.641235
[18:50:12] [worker #3] Bootstrap tree #992, logLikelihood: -7390.243292
[18:50:46] [worker #2] Bootstrap tree #991, logLikelihood: -7269.028225
[18:51:02] [worker #3] Bootstrap tree #996, logLikelihood: -7547.159238
[18:51:36] [worker #0] Bootstrap tree #997, logLikelihood: -7348.876788
[18:51:48] [worker #2] Bootstrap tree #995, logLikelihood: -7915.869308
[18:52:06] [worker #3] Bootstrap tree #1000, logLikelihood: -7389.175986
[18:52:46] [worker #2] Bootstrap tree #999, logLikelihood: -7952.133910

Optimized model parameters:

   Partition 0: noname
   Rate heterogeneity: GAMMA (4 cats, mean),  alpha: 0.533235 (ML),  weights&rates: (0.250000,0.039701) (0.250000,0.273060) (0.250000,0.843022) (0.250000,2.844217) 
   Base frequencies (model): 0.047072 0.050910 0.074214 0.047860 0.025022 0.033304 0.054587 0.076373 0.019964 0.067134 0.071498 0.056785 0.018151 0.030496 0.050656 0.088409 0.074339 0.018524 0.031474 0.063229 
   Substitution rates (model): 0.138659 0.053367 0.584852 0.026447 0.353754 1.484235 1.132313 0.214758 0.149927 0.023117 0.474334 0.058745 0.080491 0.659311 3.011345 5.418298 0.195966 0.018289 3.532005 0.161001 0.006772 0.167207 3.292717 0.124898 1.190624 1.879570 0.246117 0.296046 15.300097 0.890162 0.016055 0.154027 0.950138 0.183077 1.369429 0.099855 0.103964 7.737393 0.000013 0.530643 0.061652 0.322525 1.387096 0.218572 0.000836 2.646848 0.005252 0.000836 0.036442 3.881311 2.140332 0.000536 0.373102 0.010258 0.014132 0.145469 5.370511 1.934833 0.887571 0.014086 0.005731 0.290043 0.041763 0.000001 0.188539 0.338372 0.135481 0.000015 0.525399 0.297124 0.002547 0.000000 0.116941 0.021845 0.001112 0.005614 0.000004 0.111457 0.104054 0.000000 0.336263 0.011975 0.094107 0.601692 0.054905 1.195629 0.108051 5.330313 0.028840 1.020367 2.559587 0.190259 0.032681 0.712770 0.487822 0.602341 0.044021 0.072206 0.406698 1.593099 0.256492 0.014211 0.016500 3.881489 0.313974 0.001004 0.319559 0.307140 0.280125 0.155245 0.104093 0.285048 0.058775 0.000016 0.006516 0.264149 0.001500 0.001237 0.038632 1.585647 0.018808 0.196486 0.074815 0.337230 0.243190 0.321612 0.347303 0.001274 0.119029 0.924467 0.580704 0.368714 0.022373 6.448954 0.098631 3.512072 0.227708 9.017954 1.463357 0.080543 0.290381 2.904052 0.032132 0.273934 14.394052 0.129224 6.746936 2.986800 0.634309 0.570767 0.044926 0.431278 0.340058 0.890599 1.331292 0.319896 0.195751 0.283808 1.526964 0.000050 0.012416 0.073128 0.279911 0.056869 0.007027 2.031511 0.070460 0.874272 4.904842 0.007132 0.996686 0.000135 0.814753 5.393924 0.592588 2.087385 0.542251 0.000431 0.000182 0.058972 2.206860 0.099836 0.392552 0.088256 0.207066 0.124898 0.654109 0.427755 0.256900 0.167582 


Final LogLikelihood: -7705.409395

AIC score: 15722.818790 / AICc score: 15861.583662 / BIC score: 16383.386863
Free parameters (model + branch lengths): 156

WARNING: Best ML tree contains 12 near-zero branches!

Best ML tree with collapsed near-zero branches saved to: /Users/lachlanblack/Documents/GitHub/EspY3-protein-evolution/new_wd/raxml/newtree_aa2.raxml.bestTreeCollapsed
Best ML tree saved to: /Users/lachlanblack/Documents/GitHub/EspY3-protein-evolution/new_wd/raxml/newtree_aa2.raxml.bestTree
All ML trees saved to: /Users/lachlanblack/Documents/GitHub/EspY3-protein-evolution/new_wd/raxml/newtree_aa2.raxml.mlTrees
Best ML tree with Felsenstein bootstrap (FBP) support values saved to: /Users/lachlanblack/Documents/GitHub/EspY3-protein-evolution/new_wd/raxml/newtree_aa2.raxml.support
Optimized model saved to: /Users/lachlanblack/Documents/GitHub/EspY3-protein-evolution/new_wd/raxml/newtree_aa2.raxml.bestModel
Bootstrap trees saved to: /Users/lachlanblack/Documents/GitHub/EspY3-protein-evolution/new_wd/raxml/newtree_aa2.raxml.bootstraps

Execution log saved to: /Users/lachlanblack/Documents/GitHub/EspY3-protein-evolution/new_wd/raxml/newtree_aa2.raxml.log

Analysis started: 21-Dec-2025 21:42:10 / finished: 22-Dec-2025 16:34:56

Elapsed time: 67966.812 seconds

