
RAxML-NG v. 1.2.2 released on 30.04.2024 by The Exelixis Lab.
Developed by: Alexey M. Kozlov and Alexandros Stamatakis.
Contributors: Diego Darriba, Tomas Flouri, Benoit Morel, Sarah Lutteropp, Ben Bettisworth, Julia Haag, Anastasis Togkousidis.
Latest version: https://github.com/amkozlov/raxml-ng
Questions/problems/suggestions? Please visit: https://groups.google.com/forum/#!forum/raxml

System: Apple M2, 8 cores, 8 GB RAM

RAxML-NG was called at 21-Dec-2025 13:56:01 as follows:

raxml-ng --all --msa trimal/trimal.auto1.fasta --model FLU+G4 --prefix raxml/newtree_aa --bs-trees 1000 --threads 8 --seed 2

Analysis options:
  run mode: ML tree search + bootstrapping (Felsenstein Bootstrap)
  start tree(s): random (10) + parsimony (10)
  bootstrap replicates: parsimony (1000)
  random seed: 2
  tip-inner: OFF
  pattern compression: ON
  per-rate scalers: OFF
  site repeats: ON
  logLH epsilon: general: 10.000000, brlen-triplet: 1000.000000
  fast spr radius: AUTO
  spr subtree cutoff: 1.000000
  fast CLV updates: ON
  branch lengths: proportional (ML estimate, algorithm: NR-FAST)
  SIMD kernels: SSE3
  parallelization: coarse-grained (auto), PTHREADS (8 threads), thread pinning: OFF

[00:00:00] Reading alignment from file: trimal/trimal.auto1.fasta
[00:00:00] Loaded alignment with 79 taxa and 510 sites

WARNING: Sequences PHL26444.1 and EJV4778219.1 are exactly identical!
WARNING: Sequences PHL26444.1 and ELT8056872.1 are exactly identical!
WARNING: Sequences EEW4813662.1 and HBK9204701.1 are exactly identical!
WARNING: Duplicate sequences found: 3

NOTE: Reduced alignment (with duplicates and gap-only sites/taxa removed) 
NOTE: was saved to: /Users/lachlanblack/Documents/GitHub/EspY3-protein-evolution/new_wd/raxml/newtree_aa.raxml.reduced.phy

Alignment comprises 1 partitions and 475 patterns

Partition 0: noname
Model: FLU+G4m
Alignment sites / patterns: 510 / 475
Gaps: 3.52 %
Invariant sites: 15.29 %


NOTE: Binary MSA file created: raxml/newtree_aa.raxml.rba

Parallelization scheme autoconfig: 4 worker(s) x 2 thread(s)

[00:00:00] Generating 10 random starting tree(s) with 79 taxa
[00:00:00] Generating 10 parsimony starting tree(s) with 79 taxa
Parallel parsimony with 8 threads
Parallel reduction/worker buffer size: 1 KB  / 0 KB

[00:00:00] Data distribution: max. partitions/sites/weight per thread: 1 / 238 / 19040
[00:00:00] Data distribution: max. searches per worker: 255

Starting ML tree search with 20 distinct starting trees

[00:01:41] [worker #2] ML tree search #3, logLikelihood: -7722.597554
[00:01:59] [worker #1] ML tree search #2, logLikelihood: -7705.409395
[00:01:59] [worker #3] ML tree search #4, logLikelihood: -7721.707956
[00:02:27] [worker #0] ML tree search #1, logLikelihood: -7733.012366
[00:03:27] [worker #2] ML tree search #7, logLikelihood: -7730.984680
[00:04:13] [worker #1] ML tree search #6, logLikelihood: -7719.665588
[00:04:32] [worker #3] ML tree search #8, logLikelihood: -7707.208252
[00:04:53] [worker #0] ML tree search #5, logLikelihood: -7797.047376
[00:04:57] [worker #2] ML tree search #11, logLikelihood: -7705.898995
[00:05:58] [worker #3] ML tree search #12, logLikelihood: -7726.091334
[00:05:59] [worker #1] ML tree search #10, logLikelihood: -7730.613856
[00:06:11] [worker #2] ML tree search #15, logLikelihood: -7729.164404
[00:06:45] [worker #0] ML tree search #9, logLikelihood: -7727.969617
[00:07:21] [worker #1] ML tree search #14, logLikelihood: -7752.497470
[00:07:32] [worker #3] ML tree search #16, logLikelihood: -7720.270925
[00:07:40] [worker #2] ML tree search #19, logLikelihood: -7718.343046
[00:08:08] [worker #0] ML tree search #13, logLikelihood: -7720.918367
[00:08:53] [worker #1] ML tree search #18, logLikelihood: -7706.528790
[00:08:57] [worker #3] ML tree search #20, logLikelihood: -7714.000727
[00:09:31] [worker #0] ML tree search #17, logLikelihood: -7714.108101

[00:09:31] ML tree search completed, best tree logLH: -7705.409395

[00:09:31] Starting bootstrapping analysis with 1000 replicates.

[00:10:26] [worker #2] Bootstrap tree #3, logLikelihood: -7297.921000
[00:10:30] [worker #0] Bootstrap tree #1, logLikelihood: -7706.693057
[00:10:30] [worker #3] Bootstrap tree #4, logLikelihood: -7468.222332
[00:10:33] [worker #1] Bootstrap tree #2, logLikelihood: -7523.738000
[00:11:32] [worker #2] Bootstrap tree #7, logLikelihood: -7292.696557
[00:11:34] [worker #3] Bootstrap tree #8, logLikelihood: -7019.805376
[00:26:19] [worker #0] Bootstrap tree #5, logLikelihood: -7461.150133
[00:26:21] [worker #1] Bootstrap tree #6, logLikelihood: -7148.304129
[00:27:18] [worker #0] Bootstrap tree #9, logLikelihood: -7390.844810
[00:27:21] [worker #1] Bootstrap tree #10, logLikelihood: -8188.955775
[00:27:22] [worker #3] Bootstrap tree #12, logLikelihood: -7201.953689
[00:27:53] [worker #2] Bootstrap tree #11, logLikelihood: -7169.338851
[00:28:23] [worker #0] Bootstrap tree #13, logLikelihood: -7061.996515
[00:28:36] [worker #3] Bootstrap tree #16, logLikelihood: -7272.779701
[00:28:39] [worker #1] Bootstrap tree #14, logLikelihood: -7263.655431
[00:28:59] [worker #2] Bootstrap tree #15, logLikelihood: -8097.836624
[00:29:34] [worker #0] Bootstrap tree #17, logLikelihood: -7356.040142
[00:29:36] [worker #3] Bootstrap tree #20, logLikelihood: -7093.070567
[00:29:40] [worker #1] Bootstrap tree #18, logLikelihood: -7043.228541
[00:30:03] [worker #2] Bootstrap tree #19, logLikelihood: -7614.420213
[00:30:45] [worker #3] Bootstrap tree #24, logLikelihood: -7548.843140
[00:30:46] [worker #0] Bootstrap tree #21, logLikelihood: -7925.149167
[00:31:06] [worker #1] Bootstrap tree #22, logLikelihood: -7343.525271
[00:31:26] [worker #2] Bootstrap tree #23, logLikelihood: -7284.867815
[00:31:57] [worker #3] Bootstrap tree #28, logLikelihood: -7693.870703
[00:31:59] [worker #0] Bootstrap tree #25, logLikelihood: -7658.259299
[00:32:38] [worker #2] Bootstrap tree #27, logLikelihood: -7668.293740
[00:32:46] [worker #1] Bootstrap tree #26, logLikelihood: -8042.599557
[00:33:07] [worker #3] Bootstrap tree #32, logLikelihood: -7639.445761
[00:33:11] [worker #0] Bootstrap tree #29, logLikelihood: -8506.470908
[00:33:52] [worker #2] Bootstrap tree #31, logLikelihood: -8357.227933
[00:34:06] [worker #1] Bootstrap tree #30, logLikelihood: -6977.778147
[00:34:19] [worker #3] Bootstrap tree #36, logLikelihood: -7761.234145
[00:34:22] [worker #0] Bootstrap tree #33, logLikelihood: -7841.624368
[00:34:58] [worker #2] Bootstrap tree #35, logLikelihood: -7517.648556
[00:35:18] [worker #0] Bootstrap tree #37, logLikelihood: -7552.657788
[00:35:20] [worker #1] Bootstrap tree #34, logLikelihood: -7407.706976
[00:35:40] [worker #3] Bootstrap tree #40, logLikelihood: -7604.291611
[00:36:19] [worker #2] Bootstrap tree #39, logLikelihood: -8135.123495
[00:36:28] [worker #0] Bootstrap tree #41, logLikelihood: -7306.633297
[00:51:28] [worker #1] Bootstrap tree #38, logLikelihood: -7952.880633
[00:51:46] [worker #3] Bootstrap tree #44, logLikelihood: -7980.189089
[01:02:12] [worker #1] Bootstrap tree #42, logLikelihood: -8084.841899
[01:02:16] [worker #2] Bootstrap tree #43, logLikelihood: -7429.307980
[01:02:31] [worker #0] Bootstrap tree #45, logLikelihood: -7767.509637
[01:02:54] [worker #3] Bootstrap tree #48, logLikelihood: -7919.493664
[01:03:17] [worker #2] Bootstrap tree #47, logLikelihood: -7412.005075
[01:03:17] [worker #1] Bootstrap tree #46, logLikelihood: -8068.360933
[01:03:35] [worker #0] Bootstrap tree #49, logLikelihood: -8003.517355
[01:04:12] [worker #1] Bootstrap tree #50, logLikelihood: -8308.462416
[01:05:08] [worker #1] Bootstrap tree #54, logLikelihood: -7045.457196
[01:05:16] [worker #0] Bootstrap tree #53, logLikelihood: -7737.511227
[01:05:59] [worker #3] Bootstrap tree #52, logLikelihood: -7742.160892
[01:06:02] [worker #1] Bootstrap tree #58, logLikelihood: -7372.866815
[01:06:07] [worker #0] Bootstrap tree #57, logLikelihood: -7694.487892
[01:06:15] [worker #2] Bootstrap tree #51, logLikelihood: -7736.058113
[01:06:46] [worker #1] Bootstrap tree #62, logLikelihood: -7229.535064
[01:06:53] [worker #3] Bootstrap tree #56, logLikelihood: -7875.389019
[01:07:04] [worker #0] Bootstrap tree #61, logLikelihood: -7861.089881
[01:07:14] [worker #2] Bootstrap tree #55, logLikelihood: -7996.012365
[01:07:51] [worker #1] Bootstrap tree #66, logLikelihood: -7899.177844
[01:07:57] [worker #3] Bootstrap tree #60, logLikelihood: -7028.131428
[01:08:11] [worker #2] Bootstrap tree #59, logLikelihood: -7849.767944
[01:08:11] [worker #0] Bootstrap tree #65, logLikelihood: -7403.731815
[01:08:50] [worker #1] Bootstrap tree #70, logLikelihood: -8074.405346
[01:08:59] [worker #3] Bootstrap tree #64, logLikelihood: -7809.244739
[01:09:02] [worker #2] Bootstrap tree #63, logLikelihood: -8608.098693
[01:09:12] [worker #0] Bootstrap tree #69, logLikelihood: -7595.647470
[01:09:54] [worker #2] Bootstrap tree #67, logLikelihood: -7562.262732
[01:09:55] [worker #3] Bootstrap tree #68, logLikelihood: -8262.460945
[01:10:00] [worker #1] Bootstrap tree #74, logLikelihood: -7292.745645
[01:10:09] [worker #0] Bootstrap tree #73, logLikelihood: -7490.463255
[01:10:52] [worker #3] Bootstrap tree #72, logLikelihood: -7411.512075
[01:10:56] [worker #2] Bootstrap tree #71, logLikelihood: -7895.499467
[01:11:03] [worker #1] Bootstrap tree #78, logLikelihood: -7602.421787
[01:11:15] [worker #0] Bootstrap tree #77, logLikelihood: -7150.979271
[01:11:57] [worker #3] Bootstrap tree #76, logLikelihood: -7531.042456
[01:11:59] [worker #1] Bootstrap tree #82, logLikelihood: -7620.506785
[01:12:02] [worker #2] Bootstrap tree #75, logLikelihood: -7580.651509
[01:12:14] [worker #0] Bootstrap tree #81, logLikelihood: -7644.498036
[01:28:00] [worker #1] Bootstrap tree #86, logLikelihood: -7110.281320
[01:28:02] [worker #3] Bootstrap tree #80, logLikelihood: -7151.799341
[01:28:09] [worker #2] Bootstrap tree #79, logLikelihood: -7841.901678
[01:43:31] [worker #0] Bootstrap tree #85, logLikelihood: -7375.888269
[01:44:06] [worker #1] Bootstrap tree #90, logLikelihood: -6766.520274
[01:44:10] [worker #3] Bootstrap tree #84, logLikelihood: -7017.190864
[01:44:10] [worker #2] Bootstrap tree #83, logLikelihood: -7729.540161
[01:44:45] [worker #0] Bootstrap tree #89, logLikelihood: -7514.411456
[01:45:06] [worker #3] Bootstrap tree #88, logLikelihood: -7388.226648
[01:45:17] [worker #1] Bootstrap tree #94, logLikelihood: -7048.525513
[01:45:18] [worker #2] Bootstrap tree #87, logLikelihood: -7493.921906
[01:45:56] [worker #0] Bootstrap tree #93, logLikelihood: -7597.477651
[01:46:03] [worker #3] Bootstrap tree #92, logLikelihood: -7329.153148
[01:46:26] [worker #1] Bootstrap tree #98, logLikelihood: -7270.264709
[01:46:31] [worker #2] Bootstrap tree #91, logLikelihood: -7851.166353
[01:47:10] [worker #0] Bootstrap tree #97, logLikelihood: -7410.136400
[01:47:14] [worker #3] Bootstrap tree #96, logLikelihood: -7756.463603
[01:47:34] [worker #2] Bootstrap tree #95, logLikelihood: -7065.440581
[01:48:31] [worker #3] Bootstrap tree #100, logLikelihood: -7507.768696
[01:48:52] [worker #2] Bootstrap tree #99, logLikelihood: -7398.260598
[01:49:55] [worker #3] Bootstrap tree #104, logLikelihood: -7277.493517
[01:50:01] [worker #0] Bootstrap tree #101, logLikelihood: -7777.116681
[01:50:02] [worker #1] Bootstrap tree #102, logLikelihood: -7016.462674
[01:50:18] [worker #2] Bootstrap tree #103, logLikelihood: -7202.611671
[01:50:48] [worker #3] Bootstrap tree #108, logLikelihood: -7608.893912
[01:51:09] [worker #1] Bootstrap tree #106, logLikelihood: -7703.772865
[01:51:13] [worker #0] Bootstrap tree #105, logLikelihood: -8143.289434
[01:51:22] [worker #2] Bootstrap tree #107, logLikelihood: -7511.451057
[01:52:00] [worker #3] Bootstrap tree #112, logLikelihood: -7969.449313
[01:52:10] [worker #1] Bootstrap tree #110, logLikelihood: -7476.964089
[01:52:19] [worker #0] Bootstrap tree #109, logLikelihood: -7544.477016
[01:52:52] [worker #2] Bootstrap tree #111, logLikelihood: -7672.570598
[01:53:18] [worker #1] Bootstrap tree #114, logLikelihood: -7944.054421
[01:53:18] [worker #3] Bootstrap tree #116, logLikelihood: -7924.363139
[01:53:25] [worker #0] Bootstrap tree #113, logLikelihood: -7505.686697
[01:53:51] [worker #2] Bootstrap tree #115, logLikelihood: -7387.045132
[01:54:22] [worker #1] Bootstrap tree #118, logLikelihood: -7418.362007
[01:54:23] [worker #3] Bootstrap tree #120, logLikelihood: -6836.907064
[01:54:31] [worker #0] Bootstrap tree #117, logLikelihood: -7479.539602
[01:54:49] [worker #2] Bootstrap tree #119, logLikelihood: -7630.710391
[01:55:19] [worker #3] Bootstrap tree #124, logLikelihood: -7303.179987
[01:55:34] [worker #0] Bootstrap tree #121, logLikelihood: -7572.883007
[01:55:41] [worker #1] Bootstrap tree #122, logLikelihood: -7733.653968
[01:55:41] [worker #2] Bootstrap tree #123, logLikelihood: -8137.406043
[01:56:20] [worker #3] Bootstrap tree #128, logLikelihood: -7186.165557
[01:56:29] [worker #0] Bootstrap tree #125, logLikelihood: -7339.033611
[01:56:38] [worker #2] Bootstrap tree #127, logLikelihood: -6840.544466
[01:56:42] [worker #1] Bootstrap tree #126, logLikelihood: -7405.750630
[01:57:17] [worker #3] Bootstrap tree #132, logLikelihood: -8254.275413
[01:57:30] [worker #0] Bootstrap tree #129, logLikelihood: -7669.500844
[01:57:31] [worker #2] Bootstrap tree #131, logLikelihood: -7743.153146
[01:57:38] [worker #1] Bootstrap tree #130, logLikelihood: -7114.198776
[01:58:20] [worker #3] Bootstrap tree #136, logLikelihood: -7356.751821
[01:58:33] [worker #2] Bootstrap tree #135, logLikelihood: -7239.724630
[01:58:35] [worker #0] Bootstrap tree #133, logLikelihood: -7387.932086
[01:58:36] [worker #1] Bootstrap tree #134, logLikelihood: -7296.631729
[01:59:08] [worker #3] Bootstrap tree #140, logLikelihood: -7281.597387
[01:59:34] [worker #1] Bootstrap tree #138, logLikelihood: -7203.583312
[01:59:38] [worker #0] Bootstrap tree #137, logLikelihood: -7494.979290
[01:59:39] [worker #2] Bootstrap tree #139, logLikelihood: -8301.861592
[02:00:09] [worker #3] Bootstrap tree #144, logLikelihood: -7627.674819
[02:00:31] [worker #1] Bootstrap tree #142, logLikelihood: -7615.779710
[02:00:37] [worker #2] Bootstrap tree #143, logLikelihood: -7628.585270
[02:00:39] [worker #0] Bootstrap tree #141, logLikelihood: -7777.027581
[02:01:10] [worker #3] Bootstrap tree #148, logLikelihood: -6989.485583
[02:01:38] [worker #1] Bootstrap tree #146, logLikelihood: -7714.860918
[02:01:43] [worker #2] Bootstrap tree #147, logLikelihood: -6723.533958
[02:02:40] [worker #0] Bootstrap tree #145, logLikelihood: -7459.183672
[02:07:16] [worker #1] Bootstrap tree #150, logLikelihood: -7306.324241
[02:08:05] [worker #0] Bootstrap tree #149, logLikelihood: -7054.186516
[02:17:22] [worker #3] Bootstrap tree #152, logLikelihood: -7738.716157
[02:17:27] [worker #1] Bootstrap tree #154, logLikelihood: -7553.560376
[02:17:30] [worker #2] Bootstrap tree #151, logLikelihood: -8285.440412
[02:17:50] [worker #0] Bootstrap tree #153, logLikelihood: -7721.097518
[02:22:45] [worker #3] Bootstrap tree #156, logLikelihood: -7468.706158
[02:22:46] [worker #2] Bootstrap tree #155, logLikelihood: -7598.914507
[02:22:51] [worker #1] Bootstrap tree #158, logLikelihood: -8117.870068
[02:23:08] [worker #0] Bootstrap tree #157, logLikelihood: -7666.456025
[02:23:52] [worker #2] Bootstrap tree #159, logLikelihood: -6850.690376
[02:23:53] [worker #3] Bootstrap tree #160, logLikelihood: -7267.149217
[02:24:00] [worker #1] Bootstrap tree #162, logLikelihood: -7350.354811
[02:24:09] [worker #0] Bootstrap tree #161, logLikelihood: -7369.751406
[02:24:57] [worker #3] Bootstrap tree #164, logLikelihood: -7817.280821
[02:25:01] [worker #2] Bootstrap tree #163, logLikelihood: -7553.544331
[02:25:08] [worker #1] Bootstrap tree #166, logLikelihood: -7381.198109
[02:25:18] [worker #0] Bootstrap tree #165, logLikelihood: -7402.231385
[02:26:09] [worker #3] Bootstrap tree #168, logLikelihood: -7438.194759
[02:26:10] [worker #2] Bootstrap tree #167, logLikelihood: -7412.106294
[02:26:16] [worker #1] Bootstrap tree #170, logLikelihood: -7805.979267
[02:26:23] [worker #0] Bootstrap tree #169, logLikelihood: -7452.090965
[02:27:21] [worker #2] Bootstrap tree #171, logLikelihood: -7564.687888
[02:27:25] [worker #0] Bootstrap tree #173, logLikelihood: -7862.562729
[02:27:58] [worker #3] Bootstrap tree #172, logLikelihood: -7206.813309
[02:28:08] [worker #1] Bootstrap tree #174, logLikelihood: -7352.918035
[02:28:29] [worker #2] Bootstrap tree #175, logLikelihood: -7907.325912
[02:28:30] [worker #0] Bootstrap tree #177, logLikelihood: -7422.487828
[02:29:09] [worker #3] Bootstrap tree #176, logLikelihood: -7450.139343
[02:29:11] [worker #1] Bootstrap tree #178, logLikelihood: -7812.243784
[02:29:34] [worker #2] Bootstrap tree #179, logLikelihood: -8064.757212
[02:29:54] [worker #0] Bootstrap tree #181, logLikelihood: -7715.742364
[02:30:18] [worker #3] Bootstrap tree #180, logLikelihood: -7112.842817
[02:30:24] [worker #1] Bootstrap tree #182, logLikelihood: -7770.659027
[02:30:41] [worker #2] Bootstrap tree #183, logLikelihood: -7184.407481
[02:31:19] [worker #1] Bootstrap tree #186, logLikelihood: -7475.399110
[02:31:22] [worker #3] Bootstrap tree #184, logLikelihood: -7523.042888
[02:31:52] [worker #0] Bootstrap tree #185, logLikelihood: -7574.457476
[02:31:56] [worker #2] Bootstrap tree #187, logLikelihood: -7367.683967
[02:32:34] [worker #3] Bootstrap tree #188, logLikelihood: -7425.936629
[02:32:38] [worker #1] Bootstrap tree #190, logLikelihood: -7414.938155
[02:33:01] [worker #2] Bootstrap tree #191, logLikelihood: -7377.510119
[02:33:20] [worker #0] Bootstrap tree #189, logLikelihood: -7727.489048
[02:33:46] [worker #3] Bootstrap tree #192, logLikelihood: -7664.057133
[02:33:49] [worker #1] Bootstrap tree #194, logLikelihood: -7196.417577
[02:34:14] [worker #2] Bootstrap tree #195, logLikelihood: -7066.487875
[02:34:52] [worker #0] Bootstrap tree #193, logLikelihood: -7492.235294
[02:35:03] [worker #3] Bootstrap tree #196, logLikelihood: -7351.831349
[02:35:08] [worker #1] Bootstrap tree #198, logLikelihood: -7693.155945
[02:35:41] [worker #2] Bootstrap tree #199, logLikelihood: -7246.015786
[02:36:14] [worker #3] Bootstrap tree #200, logLikelihood: -7611.722103
[02:36:18] [worker #0] Bootstrap tree #197, logLikelihood: -7109.115293
[02:37:22] [worker #2] Bootstrap tree #203, logLikelihood: -7405.315282
[02:37:23] [worker #1] Bootstrap tree #202, logLikelihood: -8499.918867
[02:37:35] [worker #0] Bootstrap tree #201, logLikelihood: -7642.148634
[02:37:40] [worker #3] Bootstrap tree #204, logLikelihood: -7650.889355
[02:38:36] [worker #2] Bootstrap tree #207, logLikelihood: -7074.848544
[02:38:53] [worker #1] Bootstrap tree #206, logLikelihood: -7245.632935
[02:38:55] [worker #3] Bootstrap tree #208, logLikelihood: -7840.068422
[02:39:27] [worker #0] Bootstrap tree #205, logLikelihood: -7327.107850
[02:39:57] [worker #1] Bootstrap tree #210, logLikelihood: -7604.370821
[02:40:10] [worker #3] Bootstrap tree #212, logLikelihood: -7467.388433
[02:40:15] [worker #2] Bootstrap tree #211, logLikelihood: -7849.213910
[02:40:45] [worker #0] Bootstrap tree #209, logLikelihood: -7561.573731
[02:41:03] [worker #1] Bootstrap tree #214, logLikelihood: -7418.259274
[02:41:17] [worker #3] Bootstrap tree #216, logLikelihood: -7398.503152
[02:41:32] [worker #2] Bootstrap tree #215, logLikelihood: -7147.690657
[02:41:58] [worker #0] Bootstrap tree #213, logLikelihood: -7200.685084
[02:42:22] [worker #3] Bootstrap tree #220, logLikelihood: -7881.761879
[02:42:27] [worker #1] Bootstrap tree #218, logLikelihood: -6633.508042
[02:42:39] [worker #2] Bootstrap tree #219, logLikelihood: -7222.376103
[02:43:24] [worker #0] Bootstrap tree #217, logLikelihood: -6959.820579
[02:43:39] [worker #1] Bootstrap tree #222, logLikelihood: -6774.476477
[02:43:43] [worker #3] Bootstrap tree #224, logLikelihood: -7480.494047
[02:43:56] [worker #2] Bootstrap tree #223, logLikelihood: -7568.955223
[02:44:23] [worker #0] Bootstrap tree #221, logLikelihood: -7447.488942
[02:44:51] [worker #1] Bootstrap tree #226, logLikelihood: -7689.076283
[02:45:12] [worker #2] Bootstrap tree #227, logLikelihood: -7558.315633
[02:45:43] [worker #0] Bootstrap tree #225, logLikelihood: -7747.802164
[02:46:16] [worker #3] Bootstrap tree #228, logLikelihood: -7199.361300
[02:46:17] [worker #1] Bootstrap tree #230, logLikelihood: -7809.219984
[02:46:22] [worker #2] Bootstrap tree #231, logLikelihood: -8086.757568
[02:46:52] [worker #0] Bootstrap tree #229, logLikelihood: -7495.559520
[02:47:19] [worker #3] Bootstrap tree #232, logLikelihood: -7509.385235
[02:47:36] [worker #2] Bootstrap tree #235, logLikelihood: -7813.467549
[02:48:01] [worker #1] Bootstrap tree #234, logLikelihood: -7849.481140
[02:48:11] [worker #0] Bootstrap tree #233, logLikelihood: -7897.364152
[02:48:29] [worker #3] Bootstrap tree #236, logLikelihood: -7982.295392
[02:49:09] [worker #2] Bootstrap tree #239, logLikelihood: -6806.950009
[02:49:16] [worker #1] Bootstrap tree #238, logLikelihood: -7309.504862
[02:49:32] [worker #3] Bootstrap tree #240, logLikelihood: -7244.689927
[02:50:18] [worker #0] Bootstrap tree #237, logLikelihood: -7718.568829
[02:50:18] [worker #2] Bootstrap tree #243, logLikelihood: -7808.587902
[02:50:38] [worker #3] Bootstrap tree #244, logLikelihood: -7586.314611
[02:51:18] [worker #1] Bootstrap tree #242, logLikelihood: -7618.599666
[02:51:24] [worker #2] Bootstrap tree #247, logLikelihood: -7718.571216
[02:51:30] [worker #0] Bootstrap tree #241, logLikelihood: -7574.983097
[02:52:01] [worker #3] Bootstrap tree #248, logLikelihood: -7490.118961
[02:52:36] [worker #1] Bootstrap tree #246, logLikelihood: -7008.303034
[02:52:46] [worker #0] Bootstrap tree #245, logLikelihood: -7529.818279
[02:53:45] [worker #1] Bootstrap tree #250, logLikelihood: -7199.249964
[02:53:54] [worker #0] Bootstrap tree #249, logLikelihood: -7953.692627
[02:55:01] [worker #3] Bootstrap tree #252, logLikelihood: -8118.940506
[02:55:08] [worker #2] Bootstrap tree #251, logLikelihood: -7223.074464
[02:55:15] [worker #0] Bootstrap tree #253, logLikelihood: -6650.343115
[02:55:18] [worker #1] Bootstrap tree #254, logLikelihood: -7676.488927
[02:56:20] [worker #3] Bootstrap tree #256, logLikelihood: -7216.027991
[02:56:23] [worker #0] Bootstrap tree #257, logLikelihood: -7356.320085
[02:56:25] [worker #1] Bootstrap tree #258, logLikelihood: -7384.474050
[02:56:25] [worker #2] Bootstrap tree #255, logLikelihood: -7254.422928
[02:57:37] [worker #2] Bootstrap tree #259, logLikelihood: -7492.110688
[02:57:42] [worker #1] Bootstrap tree #262, logLikelihood: -7607.456974
[02:57:43] [worker #3] Bootstrap tree #260, logLikelihood: -7148.620609
[02:58:03] [worker #0] Bootstrap tree #261, logLikelihood: -7334.242323
[02:58:56] [worker #3] Bootstrap tree #264, logLikelihood: -7331.641105
[02:58:57] [worker #2] Bootstrap tree #263, logLikelihood: -7708.109707
[02:59:04] [worker #1] Bootstrap tree #266, logLikelihood: -7312.920277
[02:59:20] [worker #0] Bootstrap tree #265, logLikelihood: -7577.669356
[03:00:18] [worker #1] Bootstrap tree #270, logLikelihood: -6946.011296
[03:00:27] [worker #3] Bootstrap tree #268, logLikelihood: -7519.033625
[03:00:33] [worker #0] Bootstrap tree #269, logLikelihood: -7059.928460
[03:01:10] [worker #2] Bootstrap tree #267, logLikelihood: -7086.241308
[03:01:40] [worker #3] Bootstrap tree #272, logLikelihood: -8246.604009
[03:01:42] [worker #0] Bootstrap tree #273, logLikelihood: -7793.193225
[03:01:50] [worker #1] Bootstrap tree #274, logLikelihood: -7837.318101
[03:02:39] [worker #2] Bootstrap tree #271, logLikelihood: -7913.543880
[03:02:53] [worker #3] Bootstrap tree #276, logLikelihood: -7294.900537
[03:02:59] [worker #0] Bootstrap tree #277, logLikelihood: -7308.356198
[03:03:03] [worker #1] Bootstrap tree #278, logLikelihood: -7920.312555
[03:03:44] [worker #2] Bootstrap tree #275, logLikelihood: -7346.310113
[03:04:06] [worker #3] Bootstrap tree #280, logLikelihood: -7750.722408
[03:04:11] [worker #0] Bootstrap tree #281, logLikelihood: -7863.516161
[03:04:20] [worker #1] Bootstrap tree #282, logLikelihood: -7646.954870
[03:04:47] [worker #2] Bootstrap tree #279, logLikelihood: -7658.174006
[03:05:29] [worker #3] Bootstrap tree #284, logLikelihood: -7403.635326
[03:05:29] [worker #0] Bootstrap tree #285, logLikelihood: -6763.755135
[03:05:58] [worker #1] Bootstrap tree #286, logLikelihood: -7136.530410
[03:06:08] [worker #2] Bootstrap tree #283, logLikelihood: -7677.670592
[03:06:44] [worker #3] Bootstrap tree #288, logLikelihood: -6437.000061
[03:06:46] [worker #0] Bootstrap tree #289, logLikelihood: -7286.720026
[03:07:18] [worker #1] Bootstrap tree #290, logLikelihood: -7538.218489
[03:07:31] [worker #2] Bootstrap tree #287, logLikelihood: -7170.532692
[03:07:55] [worker #3] Bootstrap tree #292, logLikelihood: -7670.024046
[03:07:56] [worker #0] Bootstrap tree #293, logLikelihood: -7607.567344
[03:08:34] [worker #1] Bootstrap tree #294, logLikelihood: -7397.473477
[03:08:42] [worker #2] Bootstrap tree #291, logLikelihood: -7723.419698
[03:08:57] [worker #0] Bootstrap tree #297, logLikelihood: -7226.699525
[03:09:08] [worker #3] Bootstrap tree #296, logLikelihood: -7539.797146
[03:09:46] [worker #2] Bootstrap tree #295, logLikelihood: -7981.708651
[03:09:55] [worker #1] Bootstrap tree #298, logLikelihood: -7550.537035
[03:10:50] [worker #3] Bootstrap tree #300, logLikelihood: -7806.752664
[03:11:11] [worker #2] Bootstrap tree #299, logLikelihood: -7629.763317
[03:12:15] [worker #3] Bootstrap tree #304, logLikelihood: -7280.026364
[03:12:26] [worker #1] Bootstrap tree #302, logLikelihood: -7320.198813
[03:12:36] [worker #2] Bootstrap tree #303, logLikelihood: -7500.556582
[03:12:38] [worker #0] Bootstrap tree #301, logLikelihood: -7358.907970
[03:13:26] [worker #3] Bootstrap tree #308, logLikelihood: -7650.479147
[03:13:45] [worker #0] Bootstrap tree #305, logLikelihood: -7536.866816
[03:13:52] [worker #2] Bootstrap tree #307, logLikelihood: -7525.729240
[03:14:19] [worker #1] Bootstrap tree #306, logLikelihood: -7711.710137
[03:14:35] [worker #3] Bootstrap tree #312, logLikelihood: -7665.383253
[03:15:04] [worker #0] Bootstrap tree #309, logLikelihood: -7017.260957
[03:15:11] [worker #2] Bootstrap tree #311, logLikelihood: -7399.001458
[03:15:42] [worker #1] Bootstrap tree #310, logLikelihood: -7000.606928
[03:15:50] [worker #3] Bootstrap tree #316, logLikelihood: -7333.252286
[03:16:19] [worker #0] Bootstrap tree #313, logLikelihood: -7061.145911
[03:16:21] [worker #2] Bootstrap tree #315, logLikelihood: -7754.504282
[03:17:05] [worker #3] Bootstrap tree #320, logLikelihood: -7435.264676
[03:17:36] [worker #0] Bootstrap tree #317, logLikelihood: -7075.765354
[03:17:49] [worker #1] Bootstrap tree #314, logLikelihood: -8011.843422
[03:18:17] [worker #2] Bootstrap tree #319, logLikelihood: -7568.133442
[03:18:21] [worker #3] Bootstrap tree #324, logLikelihood: -7309.060474
[03:18:48] [worker #0] Bootstrap tree #321, logLikelihood: -7220.095403
[03:19:07] [worker #1] Bootstrap tree #318, logLikelihood: -7401.292215
[03:19:36] [worker #3] Bootstrap tree #328, logLikelihood: -7667.552676
[03:20:11] [worker #0] Bootstrap tree #325, logLikelihood: -7491.919886
[03:20:18] [worker #2] Bootstrap tree #323, logLikelihood: -7216.715289
[03:20:27] [worker #1] Bootstrap tree #322, logLikelihood: -7870.963874
[03:20:36] [worker #3] Bootstrap tree #332, logLikelihood: -7504.596026
[03:21:32] [worker #1] Bootstrap tree #326, logLikelihood: -6818.869411
[03:21:39] [worker #2] Bootstrap tree #327, logLikelihood: -7328.378143
[03:21:45] [worker #3] Bootstrap tree #336, logLikelihood: -7437.289945
[03:21:48] [worker #0] Bootstrap tree #329, logLikelihood: -7523.749867
[03:22:41] [worker #1] Bootstrap tree #330, logLikelihood: -7670.266598
[03:22:58] [worker #2] Bootstrap tree #331, logLikelihood: -7917.649674
[03:23:08] [worker #0] Bootstrap tree #333, logLikelihood: -7739.790143
[03:23:54] [worker #1] Bootstrap tree #334, logLikelihood: -7389.817636
[03:23:56] [worker #3] Bootstrap tree #340, logLikelihood: -7543.714351
[03:24:10] [worker #2] Bootstrap tree #335, logLikelihood: -7328.347955
[03:24:33] [worker #0] Bootstrap tree #337, logLikelihood: -7362.041503
[03:25:02] [worker #3] Bootstrap tree #344, logLikelihood: -7248.511163
[03:25:07] [worker #1] Bootstrap tree #338, logLikelihood: -7183.840553
[03:25:35] [worker #2] Bootstrap tree #339, logLikelihood: -7235.680587
[03:25:47] [worker #0] Bootstrap tree #341, logLikelihood: -7098.108867
[03:26:18] [worker #3] Bootstrap tree #348, logLikelihood: -7901.180547
[03:26:23] [worker #1] Bootstrap tree #342, logLikelihood: -7784.854354
[03:26:45] [worker #2] Bootstrap tree #343, logLikelihood: -7323.689826
[03:26:58] [worker #0] Bootstrap tree #345, logLikelihood: -7473.263695
[03:27:31] [worker #1] Bootstrap tree #346, logLikelihood: -7637.673114
[03:28:00] [worker #2] Bootstrap tree #347, logLikelihood: -7813.779335
[03:28:13] [worker #0] Bootstrap tree #349, logLikelihood: -6653.555609
[03:28:25] [worker #1] Bootstrap tree #350, logLikelihood: -7055.465670
[03:29:31] [worker #1] Bootstrap tree #354, logLikelihood: -7786.249590
[03:29:39] [worker #3] Bootstrap tree #352, logLikelihood: -6871.100675
[03:29:42] [worker #0] Bootstrap tree #353, logLikelihood: -7420.468562
[03:29:43] [worker #2] Bootstrap tree #351, logLikelihood: -7735.091903
[03:30:47] [worker #3] Bootstrap tree #356, logLikelihood: -7720.748395
[03:30:52] [worker #1] Bootstrap tree #358, logLikelihood: -7068.305555
[03:30:59] [worker #0] Bootstrap tree #357, logLikelihood: -7807.307263
[03:31:01] [worker #2] Bootstrap tree #355, logLikelihood: -8106.620129
[03:31:58] [worker #3] Bootstrap tree #360, logLikelihood: -7101.067243
[03:31:58] [worker #1] Bootstrap tree #362, logLikelihood: -8474.461294
[03:32:20] [worker #0] Bootstrap tree #361, logLikelihood: -7385.955938
[03:32:26] [worker #2] Bootstrap tree #359, logLikelihood: -7956.210305
[03:33:05] [worker #1] Bootstrap tree #366, logLikelihood: -7727.619583
[03:33:17] [worker #3] Bootstrap tree #364, logLikelihood: -7581.776644
[03:33:49] [worker #2] Bootstrap tree #363, logLikelihood: -7516.425147
[03:34:13] [worker #1] Bootstrap tree #370, logLikelihood: -7956.210108
[03:34:36] [worker #0] Bootstrap tree #365, logLikelihood: -6955.385744
[03:34:53] [worker #3] Bootstrap tree #368, logLikelihood: -7970.723916
[03:35:20] [worker #2] Bootstrap tree #367, logLikelihood: -7405.878209
[03:36:07] [worker #3] Bootstrap tree #372, logLikelihood: -7496.918523
[03:36:18] [worker #0] Bootstrap tree #369, logLikelihood: -7446.343217
[03:36:28] [worker #2] Bootstrap tree #371, logLikelihood: -7724.307763
[03:36:35] [worker #1] Bootstrap tree #374, logLikelihood: -7469.070036
[03:37:16] [worker #0] Bootstrap tree #373, logLikelihood: -7416.248151
[03:37:21] [worker #3] Bootstrap tree #376, logLikelihood: -7111.968121
[03:37:36] [worker #2] Bootstrap tree #375, logLikelihood: -7237.459660
[03:37:57] [worker #1] Bootstrap tree #378, logLikelihood: -7538.296934
[03:38:20] [worker #0] Bootstrap tree #377, logLikelihood: -7429.848482
[03:38:30] [worker #3] Bootstrap tree #380, logLikelihood: -7016.305115
[03:39:10] [worker #1] Bootstrap tree #382, logLikelihood: -7015.375198
[03:39:25] [worker #2] Bootstrap tree #379, logLikelihood: -7678.185622
[03:39:41] [worker #0] Bootstrap tree #381, logLikelihood: -7998.822598
[03:40:13] [worker #3] Bootstrap tree #384, logLikelihood: -7515.551312
[03:40:40] [worker #2] Bootstrap tree #383, logLikelihood: -7615.898379
[03:40:58] [worker #0] Bootstrap tree #385, logLikelihood: -7087.092190
[03:41:23] [worker #1] Bootstrap tree #386, logLikelihood: -7506.456084
[03:41:31] [worker #3] Bootstrap tree #388, logLikelihood: -7531.972811
[03:41:42] [worker #2] Bootstrap tree #387, logLikelihood: -7921.664139
[03:42:06] [worker #0] Bootstrap tree #389, logLikelihood: -7589.016644
[03:42:48] [worker #3] Bootstrap tree #392, logLikelihood: -7764.316216
[03:43:01] [worker #2] Bootstrap tree #391, logLikelihood: -7492.864353
[03:43:02] [worker #1] Bootstrap tree #390, logLikelihood: -8016.367795
[03:44:04] [worker #1] Bootstrap tree #394, logLikelihood: -8022.430569
[03:44:04] [worker #3] Bootstrap tree #396, logLikelihood: -7767.350270
[03:44:07] [worker #2] Bootstrap tree #395, logLikelihood: -7488.367642
[03:44:08] [worker #0] Bootstrap tree #393, logLikelihood: -7308.752626
[03:45:14] [worker #2] Bootstrap tree #399, logLikelihood: -7986.490632
[03:45:18] [worker #1] Bootstrap tree #398, logLikelihood: -7612.728892
[03:45:22] [worker #0] Bootstrap tree #397, logLikelihood: -7187.172124
[03:45:26] [worker #3] Bootstrap tree #400, logLikelihood: -8393.517378
[03:46:27] [worker #1] Bootstrap tree #402, logLikelihood: -7535.271291
[03:46:28] [worker #3] Bootstrap tree #404, logLikelihood: -7193.954653
[03:46:30] [worker #0] Bootstrap tree #401, logLikelihood: -7207.000443
[03:46:54] [worker #2] Bootstrap tree #403, logLikelihood: -7364.641041
[03:47:27] [worker #0] Bootstrap tree #405, logLikelihood: -7501.882933
[03:47:33] [worker #1] Bootstrap tree #406, logLikelihood: -7682.250830
[03:47:47] [worker #3] Bootstrap tree #408, logLikelihood: -7691.056222
[03:47:56] [worker #2] Bootstrap tree #407, logLikelihood: -6892.747046
[03:48:25] [worker #1] Bootstrap tree #410, logLikelihood: -7539.930500
[03:48:35] [worker #0] Bootstrap tree #409, logLikelihood: -6937.063567
[03:48:44] [worker #3] Bootstrap tree #412, logLikelihood: -7408.154822
[03:48:50] [worker #2] Bootstrap tree #411, logLikelihood: -7773.178217
[03:49:16] [worker #1] Bootstrap tree #414, logLikelihood: -7421.146234
[03:49:39] [worker #3] Bootstrap tree #416, logLikelihood: -7141.429080
[03:49:42] [worker #0] Bootstrap tree #413, logLikelihood: -7695.141211
[03:50:06] [worker #2] Bootstrap tree #415, logLikelihood: -7701.315802
[03:50:19] [worker #1] Bootstrap tree #418, logLikelihood: -7571.824143
[03:50:39] [worker #0] Bootstrap tree #417, logLikelihood: -7868.117345
[03:50:40] [worker #3] Bootstrap tree #420, logLikelihood: -7131.890131
[03:51:09] [worker #2] Bootstrap tree #419, logLikelihood: -6838.871811
[03:51:22] [worker #1] Bootstrap tree #422, logLikelihood: -7187.765593
[03:51:33] [worker #0] Bootstrap tree #421, logLikelihood: -7694.178334
[03:51:48] [worker #3] Bootstrap tree #424, logLikelihood: -6712.394495
[03:52:09] [worker #2] Bootstrap tree #423, logLikelihood: -7272.698445
[03:52:20] [worker #1] Bootstrap tree #426, logLikelihood: -7412.997281
[03:52:34] [worker #0] Bootstrap tree #425, logLikelihood: -8167.090596
[03:52:45] [worker #3] Bootstrap tree #428, logLikelihood: -7723.979944
[03:53:13] [worker #2] Bootstrap tree #427, logLikelihood: -7662.453299
[03:53:24] [worker #1] Bootstrap tree #430, logLikelihood: -7891.343011
[03:53:42] [worker #0] Bootstrap tree #429, logLikelihood: -7354.127930
[03:53:51] [worker #3] Bootstrap tree #432, logLikelihood: -6798.650359
[03:54:20] [worker #2] Bootstrap tree #431, logLikelihood: -7150.329457
[03:54:28] [worker #1] Bootstrap tree #434, logLikelihood: -7328.581024
[03:54:40] [worker #0] Bootstrap tree #433, logLikelihood: -7389.218195
[03:54:49] [worker #3] Bootstrap tree #436, logLikelihood: -8205.952929
[03:55:25] [worker #2] Bootstrap tree #435, logLikelihood: -7645.683638
[03:55:40] [worker #0] Bootstrap tree #437, logLikelihood: -7416.449435
[04:11:45] [worker #3] Bootstrap tree #440, logLikelihood: -8324.334151
[04:11:46] [worker #1] Bootstrap tree #438, logLikelihood: -7435.649927
[04:12:17] [worker #2] Bootstrap tree #439, logLikelihood: -8089.957356
[04:12:32] [worker #0] Bootstrap tree #441, logLikelihood: -6671.265085
[04:12:43] [worker #3] Bootstrap tree #444, logLikelihood: -7753.697376
[04:13:21] [worker #1] Bootstrap tree #442, logLikelihood: -7953.910291
[04:13:44] [worker #0] Bootstrap tree #445, logLikelihood: -7185.375591
[04:13:47] [worker #3] Bootstrap tree #448, logLikelihood: -7530.448308
[04:14:01] [worker #2] Bootstrap tree #443, logLikelihood: -7414.896560
[04:14:34] [worker #1] Bootstrap tree #446, logLikelihood: -7129.478274
[04:14:43] [worker #0] Bootstrap tree #449, logLikelihood: -7018.862147
[04:15:17] [worker #2] Bootstrap tree #447, logLikelihood: -7613.197099
[04:15:38] [worker #1] Bootstrap tree #450, logLikelihood: -7599.764482
[04:16:42] [worker #0] Bootstrap tree #453, logLikelihood: -6889.803424
[04:16:46] [worker #3] Bootstrap tree #452, logLikelihood: -7362.476209
[04:16:48] [worker #2] Bootstrap tree #451, logLikelihood: -7542.322775
[04:17:34] [worker #1] Bootstrap tree #454, logLikelihood: -7762.473295
[04:17:46] [worker #3] Bootstrap tree #456, logLikelihood: -7559.215357
[04:17:48] [worker #0] Bootstrap tree #457, logLikelihood: -7577.460318
[04:17:51] [worker #2] Bootstrap tree #455, logLikelihood: -7802.904267
[04:18:37] [worker #1] Bootstrap tree #458, logLikelihood: -7176.315979
[04:18:49] [worker #0] Bootstrap tree #461, logLikelihood: -7407.608412
[04:18:55] [worker #2] Bootstrap tree #459, logLikelihood: -7862.835673
[04:19:12] [worker #3] Bootstrap tree #460, logLikelihood: -7518.583507
[04:19:35] [worker #1] Bootstrap tree #462, logLikelihood: -7466.267335
[04:19:58] [worker #2] Bootstrap tree #463, logLikelihood: -7957.017433
[04:20:10] [worker #0] Bootstrap tree #465, logLikelihood: -7739.119456
[04:20:17] [worker #3] Bootstrap tree #464, logLikelihood: -7601.898642
[04:20:44] [worker #1] Bootstrap tree #466, logLikelihood: -7120.928457
[04:21:19] [worker #0] Bootstrap tree #469, logLikelihood: -7483.474628
[04:21:24] [worker #3] Bootstrap tree #468, logLikelihood: -7949.665106
[04:21:51] [worker #2] Bootstrap tree #467, logLikelihood: -7473.894233
[04:22:28] [worker #1] Bootstrap tree #470, logLikelihood: -7363.694842
[04:22:30] [worker #3] Bootstrap tree #472, logLikelihood: -7506.908667
[04:22:31] [worker #0] Bootstrap tree #473, logLikelihood: -7493.395270
[04:23:06] [worker #2] Bootstrap tree #471, logLikelihood: -7324.465139
[04:23:41] [worker #0] Bootstrap tree #477, logLikelihood: -7669.971147
[04:23:41] [worker #3] Bootstrap tree #476, logLikelihood: -7794.495010
[04:23:45] [worker #1] Bootstrap tree #474, logLikelihood: -7229.220804
[04:24:16] [worker #2] Bootstrap tree #475, logLikelihood: -7590.606273
[04:24:36] [worker #0] Bootstrap tree #481, logLikelihood: -7773.965384
[04:24:48] [worker #1] Bootstrap tree #478, logLikelihood: -7457.954121
[04:25:24] [worker #3] Bootstrap tree #480, logLikelihood: -7744.207225
[04:25:26] [worker #2] Bootstrap tree #479, logLikelihood: -7670.868844
[04:25:47] [worker #0] Bootstrap tree #485, logLikelihood: -7317.588999
[04:25:57] [worker #1] Bootstrap tree #482, logLikelihood: -7290.723968
[04:26:33] [worker #3] Bootstrap tree #484, logLikelihood: -7802.603418
[04:26:35] [worker #2] Bootstrap tree #483, logLikelihood: -8041.760712
[04:26:56] [worker #1] Bootstrap tree #486, logLikelihood: -7371.612263
[04:27:04] [worker #0] Bootstrap tree #489, logLikelihood: -7558.283965
[04:27:57] [worker #3] Bootstrap tree #488, logLikelihood: -7510.549616
[04:28:01] [worker #2] Bootstrap tree #487, logLikelihood: -8142.074960
[04:28:07] [worker #1] Bootstrap tree #490, logLikelihood: -7654.031774
[04:28:25] [worker #0] Bootstrap tree #493, logLikelihood: -7555.093433
[04:29:07] [worker #2] Bootstrap tree #491, logLikelihood: -8223.748867
[04:29:15] [worker #3] Bootstrap tree #492, logLikelihood: -7540.278191
[04:29:24] [worker #1] Bootstrap tree #494, logLikelihood: -6758.097102
[04:29:31] [worker #0] Bootstrap tree #497, logLikelihood: -7997.924621
[04:30:21] [worker #2] Bootstrap tree #495, logLikelihood: -7508.427602
[04:30:27] [worker #1] Bootstrap tree #498, logLikelihood: -8293.879607
[04:30:39] [worker #3] Bootstrap tree #496, logLikelihood: -7326.619481
[04:31:27] [worker #2] Bootstrap tree #499, logLikelihood: -7982.854323
[04:31:46] [worker #3] Bootstrap tree #500, logLikelihood: -7722.009388
[04:32:51] [worker #1] Bootstrap tree #502, logLikelihood: -8398.990243
[04:32:54] [worker #0] Bootstrap tree #501, logLikelihood: -8078.531008
[04:32:55] [worker #3] Bootstrap tree #504, logLikelihood: -7699.497647
[04:33:03] [worker #2] Bootstrap tree #503, logLikelihood: -8092.054427
[04:46:41] [worker #3] Bootstrap tree #508, logLikelihood: -7430.508661
[04:46:42] [worker #2] Bootstrap tree #507, logLikelihood: -7216.631899
[04:46:45] [worker #0] Bootstrap tree #505, logLikelihood: -6969.181161
[04:46:52] [worker #1] Bootstrap tree #506, logLikelihood: -7119.230613
[04:47:41] [worker #2] Bootstrap tree #511, logLikelihood: -7443.153828
[04:47:47] [worker #1] Bootstrap tree #510, logLikelihood: -7456.501560
[04:47:48] [worker #0] Bootstrap tree #509, logLikelihood: -7250.880747
[04:47:59] [worker #3] Bootstrap tree #512, logLikelihood: -7758.413239
[04:48:31] [worker #2] Bootstrap tree #515, logLikelihood: -7991.421474
[04:48:39] [worker #0] Bootstrap tree #513, logLikelihood: -7328.453856
[04:48:51] [worker #1] Bootstrap tree #514, logLikelihood: -7646.941015
[04:48:59] [worker #3] Bootstrap tree #516, logLikelihood: -7653.336706
[04:49:34] [worker #2] Bootstrap tree #519, logLikelihood: -7595.164452
[04:49:35] [worker #0] Bootstrap tree #517, logLikelihood: -7022.439793
[04:49:47] [worker #1] Bootstrap tree #518, logLikelihood: -7508.222672
