
RAxML-NG v. 1.2.2 released on 30.04.2024 by The Exelixis Lab.
Developed by: Alexey M. Kozlov and Alexandros Stamatakis.
Contributors: Diego Darriba, Tomas Flouri, Benoit Morel, Sarah Lutteropp, Ben Bettisworth, Julia Haag, Anastasis Togkousidis.
Latest version: https://github.com/amkozlov/raxml-ng
Questions/problems/suggestions? Please visit: https://groups.google.com/forum/#!forum/raxml

System: Apple M2, 8 cores, 8 GB RAM

RAxML-NG was called at 14-Nov-2025 20:09:21 as follows:

raxml-ng --search --msa trimal/trimal.fasta --model BLOSUM62+G4 --prefix raxml/newtree --threads auto

Analysis options:
  run mode: ML tree search
  start tree(s): random (10) + parsimony (10)
  random seed: 1763150961
  tip-inner: OFF
  pattern compression: ON
  per-rate scalers: OFF
  site repeats: ON
  logLH epsilon: general: 10.000000, brlen-triplet: 1000.000000
  fast spr radius: AUTO
  spr subtree cutoff: 1.000000
  fast CLV updates: ON
  branch lengths: proportional (ML estimate, algorithm: NR-FAST)
  SIMD kernels: SSE3
  parallelization: coarse-grained (auto), PTHREADS (auto)

[00:00:00] Reading alignment from file: trimal/trimal.fasta
[00:00:00] Loaded alignment with 92 taxa and 510 sites

WARNING: Sequences PHL26444.1 and ELT8056872.1 are exactly identical!
WARNING: Sequences PHL26444.1 and EGD7494482.1 are exactly identical!
WARNING: Sequences PHL26444.1 and EFW0658533.1 are exactly identical!
WARNING: Sequences EOY4627736.1 and ENB6026857.1 are exactly identical!
WARNING: Sequences EEW4813662.1 and HBK9204701.1 are exactly identical!
WARNING: Sequences ENJ2135865.1 and MCI7296858.1 are exactly identical!
WARNING: Duplicate sequences found: 6

NOTE: Reduced alignment (with duplicates and gap-only sites/taxa removed) 
NOTE: was saved to: /Users/lachlanblack/Documents/GitHub/EspY3-protein-evolution/fresh_wd/raxml/newtree.raxml.reduced.phy

Alignment comprises 1 partitions and 410 patterns

Partition 0: noname
Model: BLOSUM62+G4m
Alignment sites / patterns: 510 / 410
Gaps: 2.66 %
Invariant sites: 29.61 %


NOTE: Binary MSA file created: raxml/newtree.raxml.rba

Parallelization scheme autoconfig: 4 worker(s) x 2 thread(s)

[00:00:00] Generating 10 random starting tree(s) with 92 taxa
[00:00:00] Generating 10 parsimony starting tree(s) with 92 taxa
Parallel parsimony with 8 threads
Parallel reduction/worker buffer size: 1 KB  / 0 KB

[00:00:00] Data distribution: max. partitions/sites/weight per thread: 1 / 205 / 16400
[00:00:00] Data distribution: max. searches per worker: 5

Starting ML tree search with 20 distinct starting trees

[00:00:00 -26859.766505] Initial branch length optimization
[00:00:00 -19130.664441] Model parameter optimization (eps = 10.000000)
[00:00:01 -17818.666698] AUTODETECT spr round 1 (radius: 5)
[00:00:06 -11440.308367] AUTODETECT spr round 2 (radius: 10)
[00:00:13 -8890.541442] AUTODETECT spr round 3 (radius: 15)
[00:00:23 -8109.561589] AUTODETECT spr round 4 (radius: 20)
[00:00:32 -8109.071430] AUTODETECT spr round 5 (radius: 25)
[00:00:37 -8108.995903] SPR radius for FAST iterations: 20 (autodetect)
[00:00:37 -8108.995903] Model parameter optimization (eps = 3.000000)
[00:00:38 -8075.196143] FAST spr round 1 (radius: 20)
[00:00:44 -7644.838459] FAST spr round 2 (radius: 20)
[00:00:51 -7473.915262] FAST spr round 3 (radius: 20)
[00:00:56 -7319.504025] FAST spr round 4 (radius: 20)
[00:01:02 -7267.709510] FAST spr round 5 (radius: 20)
[00:01:07 -7259.993656] Model parameter optimization (eps = 1.000000)
[00:01:08 -7254.195281] SLOW spr round 1 (radius: 5)
[00:01:23 -6773.364893] SLOW spr round 2 (radius: 5)
[00:01:36 -6770.202947] SLOW spr round 3 (radius: 10)
[00:01:43 -6770.202908] SLOW spr round 4 (radius: 15)
[00:01:59 -6770.202904] SLOW spr round 5 (radius: 20)
[00:02:12 -6770.202902] SLOW spr round 6 (radius: 25)
[00:02:20] [worker #1] ML tree search #2, logLikelihood: -6762.309313
[00:02:21 -6770.202899] Model parameter optimization (eps = 0.100000)

[00:02:23] [worker #0] ML tree search #1, logLikelihood: -6766.150339

[00:02:23 -28087.961142] Initial branch length optimization
[00:02:23 -19561.032224] Model parameter optimization (eps = 10.000000)
[00:02:25 -18203.530863] AUTODETECT spr round 1 (radius: 5)
[00:02:29] [worker #3] ML tree search #4, logLikelihood: -6762.196001
[00:02:30 -11629.873669] AUTODETECT spr round 2 (radius: 10)
[00:02:40 -8555.353848] AUTODETECT spr round 3 (radius: 15)
[00:02:48 -8478.936112] AUTODETECT spr round 4 (radius: 20)
[00:02:53] [worker #2] ML tree search #3, logLikelihood: -6787.931094
[00:02:56 -8443.928850] AUTODETECT spr round 5 (radius: 25)
[00:03:02 -8442.316523] SPR radius for FAST iterations: 25 (autodetect)
[00:03:02 -8442.316523] Model parameter optimization (eps = 3.000000)
[00:03:04 -8331.667067] FAST spr round 1 (radius: 25)
[00:03:10 -7897.217634] FAST spr round 2 (radius: 25)
[00:03:18 -7219.532504] FAST spr round 3 (radius: 25)
[00:03:25 -6769.184419] FAST spr round 4 (radius: 25)
[00:03:30 -6766.244503] Model parameter optimization (eps = 1.000000)
[00:03:31 -6758.806593] SLOW spr round 1 (radius: 5)
[00:03:42 -6758.348046] SLOW spr round 2 (radius: 10)
[00:03:49 -6758.347697] SLOW spr round 3 (radius: 15)
[00:04:04 -6758.347684] SLOW spr round 4 (radius: 20)
[00:04:19 -6758.347680] SLOW spr round 5 (radius: 25)
[00:04:29 -6758.347677] Model parameter optimization (eps = 0.100000)

[00:04:30] [worker #0] ML tree search #5, logLikelihood: -6757.868656

[00:04:30 -28003.710386] Initial branch length optimization
[00:04:30 -19732.911604] Model parameter optimization (eps = 10.000000)
[00:04:32 -18335.474384] AUTODETECT spr round 1 (radius: 5)
[00:04:37 -11883.452284] AUTODETECT spr round 2 (radius: 10)
[00:04:45 -8901.813817] AUTODETECT spr round 3 (radius: 15)
[00:04:56 -7794.992739] AUTODETECT spr round 4 (radius: 20)
[00:05:03 -7794.655182] AUTODETECT spr round 5 (radius: 25)
[00:05:08 -7794.573676] SPR radius for FAST iterations: 20 (autodetect)
[00:05:08 -7794.573676] Model parameter optimization (eps = 3.000000)
[00:05:08 -7760.422198] FAST spr round 1 (radius: 20)
[00:05:09] [worker #3] ML tree search #8, logLikelihood: -6792.131548
[00:05:11] [worker #2] ML tree search #7, logLikelihood: -6784.790371
[00:05:14 -7308.978344] FAST spr round 2 (radius: 20)

RAxML-NG v. 1.2.2 released on 30.04.2024 by The Exelixis Lab.
Developed by: Alexey M. Kozlov and Alexandros Stamatakis.
Contributors: Diego Darriba, Tomas Flouri, Benoit Morel, Sarah Lutteropp, Ben Bettisworth, Julia Haag, Anastasis Togkousidis.
Latest version: https://github.com/amkozlov/raxml-ng
Questions/problems/suggestions? Please visit: https://groups.google.com/forum/#!forum/raxml

System: Apple M2, 8 cores, 8 GB RAM

RAxML-NG was called at 14-Nov-2025 20:25:17 as follows:

raxml-ng --all --msa trimal/trimal.fasta --model LG+G --prefix raxml/newtree --bs-trees 100 --threads 8 --seed 2

Analysis options:
  run mode: ML tree search + bootstrapping (Felsenstein Bootstrap)
  start tree(s): random (10) + parsimony (10)
  bootstrap replicates: parsimony (100)
  random seed: 2
  tip-inner: OFF
  pattern compression: ON
  per-rate scalers: OFF
  site repeats: ON
  logLH epsilon: general: 10.000000, brlen-triplet: 1000.000000
  fast spr radius: AUTO
  spr subtree cutoff: 1.000000
  fast CLV updates: ON
  branch lengths: proportional (ML estimate, algorithm: NR-FAST)
  SIMD kernels: SSE3
  parallelization: coarse-grained (auto), PTHREADS (8 threads), thread pinning: OFF

WARNING: The model you specified on the command line (LG+G) will be ignored 
         since the binary MSA file already contains a model definition.
         If you want to change the model, please re-run RAxML-NG 
         with the original PHYLIP/FASTA alignment and --redo option.

[00:00:00] Loading binary alignment from file: raxml/newtree.raxml.rba
[00:00:00] Alignment comprises 92 taxa, 1 partitions and 410 patterns

Partition 0: noname
Model: BLOSUM62+G4m
Alignment sites / patterns: 510 / 410
Gaps: 2.66 %
Invariant sites: 29.61 %


Parallelization scheme autoconfig: 4 worker(s) x 2 thread(s)

Parallel reduction/worker buffer size: 1 KB  / 0 KB

[00:00:00] NOTE: Resuming execution from checkpoint (logLH: -7308.98, ML trees: 7, bootstraps: 0)
[00:00:00] Data distribution: max. partitions/sites/weight per thread: 1 / 205 / 16400
[00:00:00] Data distribution: max. searches per worker: 29

Starting ML tree search with 20 distinct starting trees

[00:00:11] [worker #1] ML tree search #6, logLikelihood: -6767.388200
[00:01:25] [worker #0] ML tree search #9, logLikelihood: -6768.183043
[00:01:38] [worker #3] ML tree search #12, logLikelihood: -6765.986604
[00:01:42] [worker #1] ML tree search #13, logLikelihood: -6756.964927
[00:01:49] [worker #2] ML tree search #11, logLikelihood: -6762.978732
[00:03:09] [worker #2] ML tree search #14, logLikelihood: -6764.355333
[00:03:10] [worker #3] ML tree search #15, logLikelihood: -6773.653671
[00:03:25] [worker #0] ML tree search #10, logLikelihood: -6765.991011
[00:03:51] [worker #1] ML tree search #17, logLikelihood: -6790.532671
[00:04:43] [worker #3] ML tree search #19, logLikelihood: -6778.491960
[00:04:45] [worker #2] ML tree search #18, logLikelihood: -6767.885115
[00:04:56] [worker #0] ML tree search #16, logLikelihood: -6773.446668
[00:08:26] [worker #0] ML tree search #20, logLikelihood: -6763.600023

[00:08:26] ML tree search completed, best tree logLH: -6756.964927

[00:08:26] Starting bootstrapping analysis with 100 replicates.

[00:09:22] [worker #3] Bootstrap tree #4, logLikelihood: -6715.340722
[00:09:30] [worker #2] Bootstrap tree #3, logLikelihood: -6272.078521
[00:09:31] [worker #0] Bootstrap tree #1, logLikelihood: -7046.629870
[00:09:34] [worker #1] Bootstrap tree #2, logLikelihood: -6595.679787
[00:10:30] [worker #3] Bootstrap tree #8, logLikelihood: -5995.993606
[00:10:40] [worker #2] Bootstrap tree #7, logLikelihood: -6435.505986
[00:10:43] [worker #0] Bootstrap tree #5, logLikelihood: -6394.519829
[00:10:45] [worker #1] Bootstrap tree #6, logLikelihood: -6046.849980
[00:11:32] [worker #3] Bootstrap tree #12, logLikelihood: -6319.952581
[00:11:43] [worker #2] Bootstrap tree #11, logLikelihood: -6211.593466
[00:11:44] [worker #1] Bootstrap tree #10, logLikelihood: -7383.626604
[00:11:54] [worker #0] Bootstrap tree #9, logLikelihood: -5968.951960
[00:12:37] [worker #3] Bootstrap tree #16, logLikelihood: -6448.652308
[00:12:47] [worker #2] Bootstrap tree #15, logLikelihood: -6754.995716
[00:12:56] [worker #1] Bootstrap tree #14, logLikelihood: -6004.481470
[00:13:01] [worker #0] Bootstrap tree #13, logLikelihood: -5940.207155
[00:13:36] [worker #3] Bootstrap tree #20, logLikelihood: -6134.280273
[00:14:04] [worker #2] Bootstrap tree #19, logLikelihood: -6981.147865
[00:14:09] [worker #0] Bootstrap tree #17, logLikelihood: -6571.283725
[00:14:49] [worker #3] Bootstrap tree #24, logLikelihood: -6629.551232
[00:14:50] [worker #1] Bootstrap tree #18, logLikelihood: -5966.439025
[00:15:17] [worker #2] Bootstrap tree #23, logLikelihood: -6226.425204
[00:15:21] [worker #0] Bootstrap tree #21, logLikelihood: -6662.755146
[00:15:58] [worker #3] Bootstrap tree #28, logLikelihood: -6780.069706
[00:16:28] [worker #2] Bootstrap tree #27, logLikelihood: -6407.800596
[00:16:28] [worker #0] Bootstrap tree #25, logLikelihood: -6416.867553
[00:16:32] [worker #1] Bootstrap tree #22, logLikelihood: -6537.916415
[00:17:08] [worker #3] Bootstrap tree #32, logLikelihood: -6551.496191
[00:17:20] [worker #2] Bootstrap tree #31, logLikelihood: -7059.927415
[00:17:28] [worker #0] Bootstrap tree #29, logLikelihood: -7278.372816
[00:17:37] [worker #1] Bootstrap tree #26, logLikelihood: -7052.357507
[00:18:08] [worker #3] Bootstrap tree #36, logLikelihood: -6768.681184
[00:18:26] [worker #2] Bootstrap tree #35, logLikelihood: -6624.449304
[00:18:34] [worker #0] Bootstrap tree #33, logLikelihood: -7037.628074
[00:19:19] [worker #3] Bootstrap tree #40, logLikelihood: -6628.664416
[00:19:22] [worker #1] Bootstrap tree #30, logLikelihood: -5871.649611
[00:19:28] [worker #2] Bootstrap tree #39, logLikelihood: -6949.617950
[00:19:43] [worker #0] Bootstrap tree #37, logLikelihood: -6616.792484
[00:20:26] [worker #1] Bootstrap tree #34, logLikelihood: -6298.782457
[00:20:31] [worker #3] Bootstrap tree #44, logLikelihood: -7223.292668
[00:20:49] [worker #0] Bootstrap tree #41, logLikelihood: -6654.040005
[00:20:50] [worker #2] Bootstrap tree #43, logLikelihood: -6543.406912
[00:21:33] [worker #1] Bootstrap tree #38, logLikelihood: -6932.484646
[00:21:46] [worker #3] Bootstrap tree #48, logLikelihood: -6618.321157
[00:22:03] [worker #2] Bootstrap tree #47, logLikelihood: -6489.239084
[00:22:28] [worker #1] Bootstrap tree #42, logLikelihood: -7113.155277
[00:22:30] [worker #0] Bootstrap tree #45, logLikelihood: -7050.106771
[00:23:39] [worker #1] Bootstrap tree #46, logLikelihood: -7180.654663
[00:23:55] [worker #0] Bootstrap tree #49, logLikelihood: -7056.621501
[00:25:16] [worker #1] Bootstrap tree #50, logLikelihood: -7428.809407
[00:26:15] [worker #1] Bootstrap tree #54, logLikelihood: -6063.414319
[00:26:22] [worker #0] Bootstrap tree #53, logLikelihood: -6654.713135
[00:26:38] [worker #2] Bootstrap tree #51, logLikelihood: -6893.118878
[00:26:55] [worker #3] Bootstrap tree #52, logLikelihood: -6698.285674
[00:27:20] [worker #1] Bootstrap tree #58, logLikelihood: -6474.110653
[00:27:29] [worker #0] Bootstrap tree #57, logLikelihood: -6650.544125
[00:28:10] [worker #3] Bootstrap tree #56, logLikelihood: -6767.977307
[00:28:40] [worker #1] Bootstrap tree #62, logLikelihood: -6190.055792
[00:28:44] [worker #2] Bootstrap tree #55, logLikelihood: -6985.184995
[00:28:46] [worker #0] Bootstrap tree #61, logLikelihood: -6566.650412
[00:29:17] [worker #3] Bootstrap tree #60, logLikelihood: -5596.704371
[00:29:57] [worker #1] Bootstrap tree #66, logLikelihood: -6643.770423
[00:30:27] [worker #2] Bootstrap tree #59, logLikelihood: -7063.448313
[00:30:27] [worker #0] Bootstrap tree #65, logLikelihood: -6240.763743
[00:30:34] [worker #3] Bootstrap tree #64, logLikelihood: -6745.331844
[00:31:04] [worker #1] Bootstrap tree #70, logLikelihood: -7211.628050
[00:31:37] [worker #2] Bootstrap tree #63, logLikelihood: -7110.449872
[00:31:41] [worker #0] Bootstrap tree #69, logLikelihood: -6705.377244
[00:31:49] [worker #3] Bootstrap tree #68, logLikelihood: -7067.229681
[00:32:35] [worker #1] Bootstrap tree #74, logLikelihood: -6339.899117
[00:32:54] [worker #3] Bootstrap tree #72, logLikelihood: -6445.278039
[00:32:56] [worker #2] Bootstrap tree #67, logLikelihood: -6665.441393
[00:32:59] [worker #0] Bootstrap tree #73, logLikelihood: -6799.534974
[00:33:59] [worker #1] Bootstrap tree #78, logLikelihood: -6334.738422
[00:34:06] [worker #3] Bootstrap tree #76, logLikelihood: -6167.909643
[00:34:12] [worker #2] Bootstrap tree #71, logLikelihood: -6733.760686
[00:34:14] [worker #0] Bootstrap tree #77, logLikelihood: -6375.911314
[00:35:15] [worker #3] Bootstrap tree #80, logLikelihood: -6300.002515
[00:35:23] [worker #0] Bootstrap tree #81, logLikelihood: -6804.723910
[00:35:25] [worker #1] Bootstrap tree #82, logLikelihood: -6347.994858
[00:35:26] [worker #2] Bootstrap tree #75, logLikelihood: -6332.208000
[00:36:17] [worker #1] Bootstrap tree #86, logLikelihood: -6317.050254
[00:36:23] [worker #3] Bootstrap tree #84, logLikelihood: -5807.926678
[00:36:43] [worker #0] Bootstrap tree #85, logLikelihood: -6794.179867
[00:36:49] [worker #2] Bootstrap tree #79, logLikelihood: -6963.937595
[00:37:20] [worker #1] Bootstrap tree #90, logLikelihood: -5755.623686
[00:37:31] [worker #3] Bootstrap tree #88, logLikelihood: -6514.741960
[00:37:50] [worker #0] Bootstrap tree #89, logLikelihood: -6594.244691
[00:37:53] [worker #2] Bootstrap tree #83, logLikelihood: -6982.712607
[00:38:33] [worker #1] Bootstrap tree #94, logLikelihood: -6051.227558
[00:38:43] [worker #3] Bootstrap tree #92, logLikelihood: -6515.630024
[00:39:03] [worker #0] Bootstrap tree #93, logLikelihood: -6552.791244
[00:39:06] [worker #2] Bootstrap tree #87, logLikelihood: -6350.516813
[00:39:48] [worker #3] Bootstrap tree #96, logLikelihood: -6487.491395
[00:40:13] [worker #0] Bootstrap tree #97, logLikelihood: -6418.365248
[00:40:15] [worker #2] Bootstrap tree #91, logLikelihood: -6901.249174
[00:40:37] [worker #1] Bootstrap tree #98, logLikelihood: -6575.762686
[00:41:33] [worker #2] Bootstrap tree #95, logLikelihood: -6272.980227
[00:41:39] [worker #3] Bootstrap tree #100, logLikelihood: -6495.093546
[00:42:48] [worker #2] Bootstrap tree #99, logLikelihood: -6320.194108

Optimized model parameters:

   Partition 0: noname
   Rate heterogeneity: GAMMA (4 cats, mean),  alpha: 0.359510 (ML),  weights&rates: (0.250000,0.011332) (0.250000,0.150932) (0.250000,0.683468) (0.250000,3.154268) 
   Base frequencies (model): 0.074000 0.052000 0.045000 0.054000 0.025000 0.034000 0.054000 0.074000 0.026000 0.068000 0.099000 0.058000 0.025000 0.047000 0.039000 0.057000 0.051000 0.013000 0.032000 0.073000 
   Substitution rates (model): 0.735790 0.485391 0.543162 1.459995 1.199706 1.170949 1.955884 0.716241 0.605899 0.800017 1.295201 1.253758 0.492965 1.173276 4.325093 1.729178 0.465839 0.718207 2.187775 1.297447 0.500964 0.227827 3.020834 1.360574 0.418763 1.456141 0.232036 0.622712 5.411115 0.983693 0.371645 0.448134 1.122783 0.914666 0.426382 0.720517 0.438388 3.180100 0.397359 1.839216 1.240489 1.355872 2.414501 0.283017 0.211888 1.593137 0.648441 0.354861 0.494887 2.904102 1.898174 0.191482 0.538223 0.312859 0.240837 1.190946 3.761625 0.798473 0.778143 0.418556 0.218132 1.032448 0.222622 0.281731 0.730628 1.582754 0.934188 0.145345 0.261422 0.258129 0.329802 0.140749 0.418203 0.354058 0.774894 0.831843 0.285079 0.767689 0.441337 0.356008 1.197188 1.119831 0.527664 0.470238 1.116352 5.528919 0.609846 2.435341 0.236202 0.580737 3.945278 2.494896 0.144357 0.858571 1.934871 1.277480 0.758654 0.958990 0.530786 0.423580 1.626891 0.186848 0.372625 2.802427 0.555415 0.291409 0.926564 1.769893 1.071097 0.407636 0.596719 0.524254 0.539859 0.189296 0.217721 0.752042 0.459436 0.368166 0.504087 1.509326 0.641436 0.508359 0.308056 0.253341 0.252718 0.348072 1.022507 0.984312 0.714534 0.527007 1.117030 0.585407 0.301249 4.218954 0.201556 3.890964 0.406194 3.364798 1.517359 0.388355 0.357544 1.179091 0.341986 0.674617 8.311839 0.445570 6.030559 2.064840 0.374556 0.352969 0.915260 0.691475 0.811246 2.231406 1.073061 0.266925 1.047383 1.752166 1.303875 0.332243 0.717993 0.498138 1.773855 0.454124 0.918723 1.488548 0.888101 0.951682 2.575851 0.233598 0.540028 0.488206 2.074325 6.747260 0.838120 1.169130 1.005452 0.252215 0.369405 0.496908 5.151556 0.387926 0.796752 0.561925 0.513128 0.801010 2.253074 4.054419 0.266509 1.000000 


Final LogLikelihood: -6756.964927

AIC score: 13877.929854 / AICc score: 14081.636276 / BIC score: 14648.592606
Free parameters (model + branch lengths): 182

WARNING: Best ML tree contains 14 near-zero branches!

Best ML tree with collapsed near-zero branches saved to: /Users/lachlanblack/Documents/GitHub/EspY3-protein-evolution/fresh_wd/raxml/newtree.raxml.bestTreeCollapsed
Best ML tree saved to: /Users/lachlanblack/Documents/GitHub/EspY3-protein-evolution/fresh_wd/raxml/newtree.raxml.bestTree
All ML trees saved to: /Users/lachlanblack/Documents/GitHub/EspY3-protein-evolution/fresh_wd/raxml/newtree.raxml.mlTrees
Best ML tree with Felsenstein bootstrap (FBP) support values saved to: /Users/lachlanblack/Documents/GitHub/EspY3-protein-evolution/fresh_wd/raxml/newtree.raxml.support
Optimized model saved to: /Users/lachlanblack/Documents/GitHub/EspY3-protein-evolution/fresh_wd/raxml/newtree.raxml.bestModel
Bootstrap trees saved to: /Users/lachlanblack/Documents/GitHub/EspY3-protein-evolution/fresh_wd/raxml/newtree.raxml.bootstraps

Execution log saved to: /Users/lachlanblack/Documents/GitHub/EspY3-protein-evolution/fresh_wd/raxml/newtree.raxml.log

Analysis started: 14-Nov-2025 20:25:17 / finished: 14-Nov-2025 21:08:06

Elapsed time: 2568.263 seconds (this run) / 2882.398 seconds (total with restarts)

