
RAxML-NG v. 1.2.2 released on 30.04.2024 by The Exelixis Lab.
Developed by: Alexey M. Kozlov and Alexandros Stamatakis.
Contributors: Diego Darriba, Tomas Flouri, Benoit Morel, Sarah Lutteropp, Ben Bettisworth, Julia Haag, Anastasis Togkousidis.
Latest version: https://github.com/amkozlov/raxml-ng
Questions/problems/suggestions? Please visit: https://groups.google.com/forum/#!forum/raxml

System: Apple M2, 8 cores, 8 GB RAM

RAxML-NG was called at 11-Nov-2025 16:46:32 as follows:

raxml-ng --bootstrap --msa ../../new_tree_wd/trimal/seqdump.cdhit95.trimalgo.fasta --model BLOSUM62+G4 --bs-trees 100 ../../new_tree_wd/raxml/new_tree_bs --threads auto

Analysis options:
  run mode: Bootstrapping
  start tree(s): 
  bootstrap replicates: parsimony (100)
  random seed: 1762879592
  tip-inner: OFF
  pattern compression: ON
  per-rate scalers: OFF
  site repeats: ON
  logLH epsilon: general: 0.100000, brlen-triplet: 1000.000000
  fast spr radius: AUTO
  spr subtree cutoff: 1.000000
  fast CLV updates: ON
  branch lengths: proportional (ML estimate, algorithm: NR-FAST)
  SIMD kernels: SSE3
  parallelization: coarse-grained (auto), PTHREADS (auto)

[00:00:00] Reading alignment from file: ../../new_tree_wd/trimal/seqdump.cdhit95.trimalgo.fasta
[00:00:00] Loaded alignment with 30 taxa and 523 sites

Alignment comprises 1 partitions and 460 patterns

Partition 0: noname
Model: BLOSUM62+G4m
Alignment sites / patterns: 523 / 460
Gaps: 12.11 %
Invariant sites: 25.62 %


NOTE: Binary MSA file created: ../../new_tree_wd/trimal/seqdump.cdhit95.trimalgo.fasta.raxml.rba

Parallelization scheme autoconfig: 4 worker(s) x 2 thread(s)

Parallel reduction/worker buffer size: 1 KB  / 0 KB

[00:00:00] Data distribution: max. partitions/sites/weight per thread: 1 / 230 / 18400
[00:00:00] Data distribution: max. searches per worker: 25
[00:00:00] Starting bootstrapping analysis with 100 replicates.

[00:00:12] [worker #2] Bootstrap tree #3, logLikelihood: -6345.384052
[00:00:13] [worker #0] Bootstrap tree #1, logLikelihood: -5859.698325
[00:00:13] [worker #1] Bootstrap tree #2, logLikelihood: -6172.660682
[00:00:14] [worker #3] Bootstrap tree #4, logLikelihood: -6215.541032
[00:00:25] [worker #2] Bootstrap tree #7, logLikelihood: -6562.893513
[00:00:28] [worker #1] Bootstrap tree #6, logLikelihood: -6247.272962
[00:00:29] [worker #3] Bootstrap tree #8, logLikelihood: -6037.416165
[00:00:31] [worker #0] Bootstrap tree #5, logLikelihood: -6693.997480
[00:00:36] [worker #2] Bootstrap tree #11, logLikelihood: -6061.252803
[00:00:47] [worker #0] Bootstrap tree #9, logLikelihood: -6074.266020
[00:00:48] [worker #2] Bootstrap tree #15, logLikelihood: -6503.175148
[00:00:49] [worker #3] Bootstrap tree #12, logLikelihood: -6832.266954
[00:00:53] [worker #1] Bootstrap tree #10, logLikelihood: -6356.813601
[00:00:59] [worker #0] Bootstrap tree #13, logLikelihood: -6567.034804
[00:01:05] [worker #2] Bootstrap tree #19, logLikelihood: -5995.982849
[00:01:05] [worker #1] Bootstrap tree #14, logLikelihood: -6119.080957
[00:01:06] [worker #3] Bootstrap tree #16, logLikelihood: -6186.933436
[00:01:14] [worker #2] Bootstrap tree #23, logLikelihood: -6216.154689
[00:01:19] [worker #3] Bootstrap tree #20, logLikelihood: -6609.994979
[00:01:21] [worker #0] Bootstrap tree #17, logLikelihood: -6462.348688
[00:01:30] [worker #1] Bootstrap tree #18, logLikelihood: -6258.248976
[00:01:42] [worker #1] Bootstrap tree #22, logLikelihood: -6430.904735
[00:01:44] [worker #0] Bootstrap tree #21, logLikelihood: -6070.037556
[00:01:46] [worker #3] Bootstrap tree #24, logLikelihood: -6202.477334
[00:01:48] [worker #2] Bootstrap tree #27, logLikelihood: -6153.629704
[00:01:56] [worker #0] Bootstrap tree #25, logLikelihood: -6531.822505
[00:02:01] [worker #2] Bootstrap tree #31, logLikelihood: -6580.937074
[00:02:03] [worker #3] Bootstrap tree #28, logLikelihood: -6816.949546
[00:02:03] [worker #1] Bootstrap tree #26, logLikelihood: -6486.397156
[00:02:16] [worker #3] Bootstrap tree #32, logLikelihood: -6052.975099
[00:02:16] [worker #0] Bootstrap tree #29, logLikelihood: -6382.767005
[00:02:19] [worker #2] Bootstrap tree #35, logLikelihood: -6297.008043
[00:02:20] [worker #1] Bootstrap tree #30, logLikelihood: -6071.296905
[00:02:34] [worker #2] Bootstrap tree #39, logLikelihood: -6207.853727
[00:02:35] [worker #1] Bootstrap tree #34, logLikelihood: -6079.040321
[00:02:37] [worker #3] Bootstrap tree #36, logLikelihood: -6007.862873
[00:02:39] [worker #0] Bootstrap tree #33, logLikelihood: -5886.723397
[00:02:47] [worker #2] Bootstrap tree #43, logLikelihood: -5936.073975
[00:02:48] [worker #1] Bootstrap tree #38, logLikelihood: -6125.725617
[00:02:50] [worker #0] Bootstrap tree #37, logLikelihood: -5702.364161
[00:02:51] [worker #3] Bootstrap tree #40, logLikelihood: -6080.309588
[00:02:59] [worker #2] Bootstrap tree #47, logLikelihood: -6498.822215
[00:03:00] [worker #1] Bootstrap tree #42, logLikelihood: -6457.739772
[00:03:02] [worker #0] Bootstrap tree #41, logLikelihood: -6229.269795
[00:03:12] [worker #3] Bootstrap tree #44, logLikelihood: -6497.338089
[00:03:14] [worker #1] Bootstrap tree #46, logLikelihood: -6263.676545
[00:03:17] [worker #0] Bootstrap tree #45, logLikelihood: -6188.123098
[00:03:25] [worker #3] Bootstrap tree #48, logLikelihood: -6448.420757
[00:03:31] [worker #0] Bootstrap tree #49, logLikelihood: -6316.029447
[00:03:40] [worker #1] Bootstrap tree #50, logLikelihood: -6232.267077
[00:03:52] [worker #3] Bootstrap tree #52, logLikelihood: -6118.816367
[00:03:56] [worker #1] Bootstrap tree #54, logLikelihood: -6525.089644
[00:03:56] [worker #0] Bootstrap tree #53, logLikelihood: -6074.785054
[00:04:04] [worker #2] Bootstrap tree #51, logLikelihood: -6228.680878
[00:04:04] [worker #3] Bootstrap tree #56, logLikelihood: -6387.620464
[00:04:09] [worker #1] Bootstrap tree #58, logLikelihood: -6394.972019
[00:04:10] [worker #0] Bootstrap tree #57, logLikelihood: -6170.801910
[00:04:17] [worker #3] Bootstrap tree #60, logLikelihood: -6286.940912
[00:04:19] [worker #2] Bootstrap tree #55, logLikelihood: -6739.709136
[00:04:22] [worker #0] Bootstrap tree #61, logLikelihood: -6249.727250
[00:04:25] [worker #1] Bootstrap tree #62, logLikelihood: -6455.077043
[00:04:31] [worker #0] Bootstrap tree #65, logLikelihood: -6139.994668
[00:04:38] [worker #2] Bootstrap tree #59, logLikelihood: -6487.432140
[00:04:42] [worker #1] Bootstrap tree #66, logLikelihood: -6379.769916
[00:04:44] [worker #3] Bootstrap tree #64, logLikelihood: -6546.734513
[00:04:49] [worker #0] Bootstrap tree #69, logLikelihood: -5907.458991
[00:04:53] [worker #2] Bootstrap tree #63, logLikelihood: -6337.391797
[00:04:55] [worker #3] Bootstrap tree #68, logLikelihood: -6720.196204
[00:05:00] [worker #1] Bootstrap tree #70, logLikelihood: -6185.141540
[00:05:05] [worker #2] Bootstrap tree #67, logLikelihood: -6135.648414
[00:05:05] [worker #0] Bootstrap tree #73, logLikelihood: -6627.511424
[00:05:10] [worker #3] Bootstrap tree #72, logLikelihood: -6069.193448
[00:05:15] [worker #1] Bootstrap tree #74, logLikelihood: -5859.002724
[00:05:19] [worker #2] Bootstrap tree #71, logLikelihood: -6644.894114
[00:05:19] [worker #0] Bootstrap tree #77, logLikelihood: -6308.963008
[00:05:23] [worker #3] Bootstrap tree #76, logLikelihood: -6380.176792
[00:05:30] [worker #1] Bootstrap tree #78, logLikelihood: -6348.104111
[00:05:32] [worker #2] Bootstrap tree #75, logLikelihood: -6213.643932
[00:05:42] [worker #1] Bootstrap tree #82, logLikelihood: -6704.652375
[00:05:42] [worker #0] Bootstrap tree #81, logLikelihood: -5897.839207
[00:05:43] [worker #3] Bootstrap tree #80, logLikelihood: -6428.533139
[00:05:47] [worker #2] Bootstrap tree #79, logLikelihood: -6448.858199
[00:05:54] [worker #3] Bootstrap tree #84, logLikelihood: -6742.704055
[00:05:55] [worker #1] Bootstrap tree #86, logLikelihood: -6544.415295
[00:05:58] [worker #0] Bootstrap tree #85, logLikelihood: -6060.055935
[00:06:00] [worker #2] Bootstrap tree #83, logLikelihood: -6456.514160
[00:06:06] [worker #3] Bootstrap tree #88, logLikelihood: -6318.989340
[00:06:14] [worker #1] Bootstrap tree #90, logLikelihood: -6411.536114
[00:06:16] [worker #0] Bootstrap tree #89, logLikelihood: -6680.256501
[00:06:21] [worker #2] Bootstrap tree #87, logLikelihood: -6582.040682
[00:06:26] [worker #3] Bootstrap tree #92, logLikelihood: -6499.686849
[00:06:29] [worker #1] Bootstrap tree #94, logLikelihood: -6341.011871
[00:06:33] [worker #2] Bootstrap tree #91, logLikelihood: -5952.594543
[00:06:34] [worker #0] Bootstrap tree #93, logLikelihood: -6607.703070
[00:06:45] [worker #1] Bootstrap tree #98, logLikelihood: -5943.776581
[00:06:49] [worker #3] Bootstrap tree #96, logLikelihood: -6127.541966
[00:06:57] [worker #0] Bootstrap tree #97, logLikelihood: -6246.223786
[00:06:59] [worker #2] Bootstrap tree #95, logLikelihood: -6059.665493
[00:07:04] [worker #3] Bootstrap tree #100, logLikelihood: -6283.345533
[00:07:13] [worker #2] Bootstrap tree #99, logLikelihood: -6276.109134

Bootstrap trees saved to: /Users/lachlanblack/Documents/GitHub/EspY3-protein-evolution/new_tree_wd/trimal/seqdump.cdhit95.trimalgo.fasta.raxml.bootstraps

Execution log saved to: /Users/lachlanblack/Documents/GitHub/EspY3-protein-evolution/new_tree_wd/trimal/seqdump.cdhit95.trimalgo.fasta.raxml.log

Analysis started: 11-Nov-2025 16:46:32 / finished: 11-Nov-2025 16:53:46

Elapsed time: 433.680 seconds

