
RAxML-NG v. 1.2.2 released on 30.04.2024 by The Exelixis Lab.
Developed by: Alexey M. Kozlov and Alexandros Stamatakis.
Contributors: Diego Darriba, Tomas Flouri, Benoit Morel, Sarah Lutteropp, Ben Bettisworth, Julia Haag, Anastasis Togkousidis.
Latest version: https://github.com/amkozlov/raxml-ng
Questions/problems/suggestions? Please visit: https://groups.google.com/forum/#!forum/raxml

System: Apple M2, 8 cores, 8 GB RAM

RAxML-NG was called at 13-Nov-2025 19:30:58 as follows:

raxml-ng --bootstrap --msa ../../new_tree_wd/trimal/seqdump.cdhit99.trimalgo.fasta --model BLOSUM62+G4 --bs-trees 100 --prefix ../../new_tree_wd/raxml/99_id/new_tree99_bs --threads auto

Analysis options:
  run mode: Bootstrapping
  start tree(s): 
  bootstrap replicates: parsimony (100)
  random seed: 1763062258
  tip-inner: OFF
  pattern compression: ON
  per-rate scalers: OFF
  site repeats: ON
  logLH epsilon: general: 0.100000, brlen-triplet: 1000.000000
  fast spr radius: AUTO
  spr subtree cutoff: 1.000000
  fast CLV updates: ON
  branch lengths: proportional (ML estimate, algorithm: NR-FAST)
  SIMD kernels: SSE3
  parallelization: coarse-grained (auto), PTHREADS (auto)

[00:00:00] Reading alignment from file: ../../new_tree_wd/trimal/seqdump.cdhit99.trimalgo.fasta
[00:00:00] Loaded alignment with 196 taxa and 522 sites

WARNING: Sequences WP_416522310.1 and WP_099145166.1 are exactly identical!
WARNING: Sequences WP_416522310.1 and WP_136747802.1 are exactly identical!
WARNING: Sequences WP_416522310.1 and ELT8056872.1 are exactly identical!
WARNING: Sequences WP_139618436.1 and HXK9204701.1 are exactly identical!
WARNING: Sequences HGW4900886.1 and EHA6966945.1 are exactly identical!
WARNING: Duplicate sequences found: 5

NOTE: Reduced alignment (with duplicates and gap-only sites/taxa removed) 
NOTE: was saved to: /Users/lachlanblack/Documents/GitHub/EspY3-protein-evolution/new_tree_wd/raxml/99_id/new_tree99_bs.raxml.reduced.phy

Alignment comprises 1 partitions and 512 patterns

Partition 0: noname
Model: BLOSUM62+G4m
Alignment sites / patterns: 522 / 512
Gaps: 12.18 %
Invariant sites: 17.82 %


NOTE: Binary MSA file created: ../../new_tree_wd/raxml/99_id/new_tree99_bs.raxml.rba

Parallelization scheme autoconfig: 4 worker(s) x 2 thread(s)

Parallel reduction/worker buffer size: 1 KB  / 0 KB

[00:00:00] Data distribution: max. partitions/sites/weight per thread: 1 / 256 / 20480
[00:00:00] Data distribution: max. searches per worker: 25
[00:00:00] Starting bootstrapping analysis with 100 replicates.

[00:07:18] [worker #3] Bootstrap tree #4, logLikelihood: -10767.051395
[00:08:37] [worker #2] Bootstrap tree #3, logLikelihood: -10948.556488
[00:12:24] [worker #1] Bootstrap tree #2, logLikelihood: -11912.714480
[00:14:52] [worker #3] Bootstrap tree #8, logLikelihood: -11615.568917
[00:17:39] [worker #2] Bootstrap tree #7, logLikelihood: -10506.771316
[00:20:25] [worker #1] Bootstrap tree #6, logLikelihood: -10381.341619
[00:20:50] [worker #3] Bootstrap tree #12, logLikelihood: -11647.098918
[00:22:36] [worker #0] Bootstrap tree #1, logLikelihood: -10614.743069
[00:28:04] [worker #3] Bootstrap tree #16, logLikelihood: -11025.358243
[00:28:44] [worker #0] Bootstrap tree #5, logLikelihood: -10958.150060

RAxML-NG v. 1.2.2 released on 30.04.2024 by The Exelixis Lab.
Developed by: Alexey M. Kozlov and Alexandros Stamatakis.
Contributors: Diego Darriba, Tomas Flouri, Benoit Morel, Sarah Lutteropp, Ben Bettisworth, Julia Haag, Anastasis Togkousidis.
Latest version: https://github.com/amkozlov/raxml-ng
Questions/problems/suggestions? Please visit: https://groups.google.com/forum/#!forum/raxml

System: Apple M2, 8 cores, 8 GB RAM

RAxML-NG was called at 13-Nov-2025 20:03:55 as follows:

raxml-ng --bootstrap --msa ../../new_tree_wd/trimal/seqdump.cdhit99.trimalgo.fasta --model BLOSUM62+G4 --bs-trees 100 --prefix ../../new_tree_wd/raxml/99_id/new_tree99_bs --threads 8

Analysis options:
  run mode: Bootstrapping
  start tree(s): 
  bootstrap replicates: parsimony (100)
  random seed: 1763064235
  tip-inner: OFF
  pattern compression: ON
  per-rate scalers: OFF
  site repeats: ON
  logLH epsilon: general: 0.100000, brlen-triplet: 1000.000000
  fast spr radius: AUTO
  spr subtree cutoff: 1.000000
  fast CLV updates: ON
  branch lengths: proportional (ML estimate, algorithm: NR-FAST)
  SIMD kernels: SSE3
  parallelization: coarse-grained (auto), PTHREADS (8 threads), thread pinning: OFF

WARNING: The model you specified on the command line (BLOSUM62+G4) will be ignored 
         since the binary MSA file already contains a model definition.
         If you want to change the model, please re-run RAxML-NG 
         with the original PHYLIP/FASTA alignment and --redo option.

[00:00:00] Loading binary alignment from file: ../../new_tree_wd/raxml/99_id/new_tree99_bs.raxml.rba
[00:00:00] Alignment comprises 196 taxa, 1 partitions and 512 patterns

Partition 0: noname
Model: BLOSUM62+G4m
Alignment sites / patterns: 522 / 512
Gaps: 12.18 %
Invariant sites: 17.82 %


Parallelization scheme autoconfig: 4 worker(s) x 2 thread(s)

Parallel reduction/worker buffer size: 1 KB  / 0 KB

[00:00:00] NOTE: Resuming execution from checkpoint (logLH: -11770.44, ML trees: 0, bootstraps: 10)
[00:00:00] Data distribution: max. partitions/sites/weight per thread: 1 / 256 / 20480
[00:00:00] Data distribution: max. searches per worker: 23
[00:00:00] Continuing bootstrapping analysis with 100 replicates.

[00:06:26] [worker #0] Bootstrap tree #9, logLikelihood: -11367.899504
[00:06:57] [worker #1] Bootstrap tree #10, logLikelihood: -10693.420153
[00:08:03] [worker #3] Bootstrap tree #20, logLikelihood: -11645.652476
[00:09:08] [worker #2] Bootstrap tree #11, logLikelihood: -10182.656387
[00:14:37] [worker #1] Bootstrap tree #14, logLikelihood: -10922.165693
[00:15:58] [worker #3] Bootstrap tree #17, logLikelihood: -9588.223283
[00:19:37] [worker #2] Bootstrap tree #15, logLikelihood: -10866.939648
[00:21:42] [worker #3] Bootstrap tree #22, logLikelihood: -10683.740255
[00:22:43] [worker #0] Bootstrap tree #13, logLikelihood: -10924.069240
[00:25:33] [worker #1] Bootstrap tree #19, logLikelihood: -11253.919256
[00:28:40] [worker #2] Bootstrap tree #21, logLikelihood: -11153.858703
[00:29:16] [worker #0] Bootstrap tree #18, logLikelihood: -10303.055596
[00:31:21] [worker #3] Bootstrap tree #26, logLikelihood: -10349.589887
[00:32:45] [worker #1] Bootstrap tree #24, logLikelihood: -11001.839332
[00:36:20] [worker #0] Bootstrap tree #23, logLikelihood: -10594.578437
[00:39:54] [worker #2] Bootstrap tree #25, logLikelihood: -10896.783546
[00:41:00] [worker #3] Bootstrap tree #30, logLikelihood: -11480.931388
[00:44:03] [worker #1] Bootstrap tree #28, logLikelihood: -11872.832680
[00:46:57] [worker #0] Bootstrap tree #27, logLikelihood: -10806.266431
[00:47:11] [worker #2] Bootstrap tree #29, logLikelihood: -10738.254531
[00:50:15] [worker #3] Bootstrap tree #34, logLikelihood: -11235.878164
[00:51:48] [worker #1] Bootstrap tree #32, logLikelihood: -11020.571022
[00:52:34] [worker #0] Bootstrap tree #31, logLikelihood: -11222.126513
[00:53:02] [worker #2] Bootstrap tree #33, logLikelihood: -10682.898397
[00:56:34] [worker #3] Bootstrap tree #38, logLikelihood: -11389.123792
[00:59:10] [worker #1] Bootstrap tree #36, logLikelihood: -11332.988494
[01:03:02] [worker #2] Bootstrap tree #37, logLikelihood: -10752.516214
[01:03:57] [worker #1] Bootstrap tree #40, logLikelihood: -11350.001951
[01:05:27] [worker #0] Bootstrap tree #35, logLikelihood: -10413.672685
[01:05:46] [worker #3] Bootstrap tree #42, logLikelihood: -10657.673965
[01:11:54] [worker #2] Bootstrap tree #41, logLikelihood: -10911.403471
[01:13:37] [worker #1] Bootstrap tree #44, logLikelihood: -10756.910389
[01:18:27] [worker #2] Bootstrap tree #45, logLikelihood: -11843.564266
[01:20:03] [worker #0] Bootstrap tree #39, logLikelihood: -10873.998617
[01:20:54] [worker #3] Bootstrap tree #46, logLikelihood: -10648.452706
[01:21:21] [worker #1] Bootstrap tree #48, logLikelihood: -10622.464253
[01:26:43] [worker #2] Bootstrap tree #49, logLikelihood: -10611.973773
[01:29:41] [worker #3] Bootstrap tree #50, logLikelihood: -10641.356788
[01:36:31] [worker #0] Bootstrap tree #43, logLikelihood: -11321.848218
[02:02:15] [worker #0] Bootstrap tree #47, logLikelihood: -11495.978580
[02:08:42] [worker #0] Bootstrap tree #51, logLikelihood: -11870.369198
[02:10:04] [worker #2] Bootstrap tree #53, logLikelihood: -10905.614320
[02:11:14] [worker #1] Bootstrap tree #52, logLikelihood: -11544.136067
[02:15:42] [worker #3] Bootstrap tree #54, logLikelihood: -11347.914784
[02:20:03] [worker #1] Bootstrap tree #56, logLikelihood: -11821.234144
[02:21:31] [worker #2] Bootstrap tree #57, logLikelihood: -11909.316783
[02:21:35] [worker #0] Bootstrap tree #55, logLikelihood: -10203.777587
[02:25:17] [worker #3] Bootstrap tree #58, logLikelihood: -10683.404433
[02:27:04] [worker #1] Bootstrap tree #60, logLikelihood: -11180.171864
[02:31:18] [worker #2] Bootstrap tree #61, logLikelihood: -11660.920142
[02:32:01] [worker #1] Bootstrap tree #64, logLikelihood: -11344.793723
[02:35:08] [worker #0] Bootstrap tree #59, logLikelihood: -11282.254204
[02:39:49] [worker #2] Bootstrap tree #65, logLikelihood: -10307.903491
[02:41:02] [worker #3] Bootstrap tree #62, logLikelihood: -11131.414419
[02:41:34] [worker #0] Bootstrap tree #63, logLikelihood: -11292.644223
[02:42:46] [worker #1] Bootstrap tree #68, logLikelihood: -10556.576825
[02:49:36] [worker #3] Bootstrap tree #66, logLikelihood: -11108.124138
[02:49:41] [worker #1] Bootstrap tree #72, logLikelihood: -11062.138054
[02:54:18] [worker #0] Bootstrap tree #67, logLikelihood: -12104.369797
[02:55:44] [worker #2] Bootstrap tree #69, logLikelihood: -10470.283055
[02:57:39] [worker #1] Bootstrap tree #76, logLikelihood: -10960.490897
[03:00:42] [worker #2] Bootstrap tree #73, logLikelihood: -11322.700563
[03:01:56] [worker #3] Bootstrap tree #70, logLikelihood: -11258.733666
[03:08:11] [worker #0] Bootstrap tree #71, logLikelihood: -10524.210231
[03:10:05] [worker #3] Bootstrap tree #74, logLikelihood: -12212.632566
[03:10:38] [worker #1] Bootstrap tree #80, logLikelihood: -10979.083173
[03:11:47] [worker #2] Bootstrap tree #77, logLikelihood: -11121.977940
[03:17:32] [worker #0] Bootstrap tree #75, logLikelihood: -11050.085333
[03:18:05] [worker #3] Bootstrap tree #78, logLikelihood: -11077.534149
[03:19:44] [worker #2] Bootstrap tree #81, logLikelihood: -10700.831425
[03:20:21] [worker #1] Bootstrap tree #84, logLikelihood: -11340.837754
[03:26:29] [worker #2] Bootstrap tree #85, logLikelihood: -11363.502826
[03:31:05] [worker #1] Bootstrap tree #88, logLikelihood: -11465.868658
[03:33:39] [worker #0] Bootstrap tree #79, logLikelihood: -10992.218295
[03:34:00] [worker #3] Bootstrap tree #82, logLikelihood: -10793.510745
[03:34:01] [worker #2] Bootstrap tree #89, logLikelihood: -10667.206387
[03:39:21] [worker #3] Bootstrap tree #86, logLikelihood: -11442.014682
[03:42:56] [worker #1] Bootstrap tree #92, logLikelihood: -10558.961365
[03:44:25] [worker #3] Bootstrap tree #90, logLikelihood: -10988.490305
[03:45:55] [worker #0] Bootstrap tree #83, logLikelihood: -11133.487385
[03:47:09] [worker #2] Bootstrap tree #93, logLikelihood: -10704.295056
[03:51:07] [worker #0] Bootstrap tree #87, logLikelihood: -11319.897838
[03:52:10] [worker #1] Bootstrap tree #96, logLikelihood: -11321.553324
[03:54:57] [worker #3] Bootstrap tree #94, logLikelihood: -11143.009375
[03:58:08] [worker #2] Bootstrap tree #97, logLikelihood: -11335.540852
[03:59:01] [worker #1] Bootstrap tree #100, logLikelihood: -11778.372543
[04:00:27] [worker #0] Bootstrap tree #91, logLikelihood: -11036.297120
[04:02:05] [worker #3] Bootstrap tree #98, logLikelihood: -11563.853086
[04:09:09] [worker #0] Bootstrap tree #95, logLikelihood: -11410.438957
[04:21:06] [worker #0] Bootstrap tree #99, logLikelihood: -10358.070824

Bootstrap trees saved to: /Users/lachlanblack/Documents/GitHub/EspY3-protein-evolution/new_tree_wd/raxml/99_id/new_tree99_bs.raxml.bootstraps

Execution log saved to: /Users/lachlanblack/Documents/GitHub/EspY3-protein-evolution/new_tree_wd/raxml/99_id/new_tree99_bs.raxml.log

Analysis started: 13-Nov-2025 20:03:55 / finished: 14-Nov-2025 00:25:01

Elapsed time: 15666.644 seconds (this run) / 17392.671 seconds (total with restarts)

