
RAxML-NG v. 1.2.2 released on 30.04.2024 by The Exelixis Lab.
Developed by: Alexey M. Kozlov and Alexandros Stamatakis.
Contributors: Diego Darriba, Tomas Flouri, Benoit Morel, Sarah Lutteropp, Ben Bettisworth, Julia Haag, Anastasis Togkousidis.
Latest version: https://github.com/amkozlov/raxml-ng
Questions/problems/suggestions? Please visit: https://groups.google.com/forum/#!forum/raxml

System: Apple M2, 8 cores, 8 GB RAM

RAxML-NG was called at 11-Nov-2025 17:08:46 as follows:

raxml-ng --support --tree ../../new_tree_wd/raxml/new_tree.raxml.bestTree --bs-trees ../../new_tree_wd/raxml/new_tree_bs.raxml.bootstraps --prefix ../../new_tree_wd/raxml/new_tree_support

Analysis options:
  run mode: Compute bipartition support (Felsenstein Bootstrap)
  start tree(s): user
  random seed: 1762880926
  SIMD kernels: SSE3
  parallelization: coarse-grained (auto), PTHREADS (auto)

Reading reference tree from file: ../../new_tree_wd/raxml/new_tree.raxml.bestTree
Reference tree size: 30

Reading bootstrap trees from file: ../../new_tree_wd/raxml/new_tree_bs.raxml.bootstraps
Loaded 100 trees with 30 taxa.

Best ML tree with Felsenstein bootstrap (FBP) support values saved to: /Users/lachlanblack/Documents/GitHub/EspY3-protein-evolution/new_tree_wd/raxml/new_tree_support.raxml.support

Execution log saved to: /Users/lachlanblack/Documents/GitHub/EspY3-protein-evolution/new_tree_wd/raxml/new_tree_support.raxml.log

Analysis started: 11-Nov-2025 17:08:46 / finished: 11-Nov-2025 17:08:46

Elapsed time: 0.005 seconds

