
RAxML-NG v. 1.2.2 released on 30.04.2024 by The Exelixis Lab.
Developed by: Alexey M. Kozlov and Alexandros Stamatakis.
Contributors: Diego Darriba, Tomas Flouri, Benoit Morel, Sarah Lutteropp, Ben Bettisworth, Julia Haag, Anastasis Togkousidis.
Latest version: https://github.com/amkozlov/raxml-ng
Questions/problems/suggestions? Please visit: https://groups.google.com/forum/#!forum/raxml

System: Apple M2, 8 cores, 8 GB RAM

RAxML-NG was called at 25-Nov-2025 19:14:41 as follows:

raxml-ng --check --msa nt_tree/nt_aligned.fasta --model GTR+G4 --prefix T1

Analysis options:
  run mode: Alignment validation
  start tree(s): 
  random seed: 1764098081
  SIMD kernels: SSE3
  parallelization: coarse-grained (auto), PTHREADS (auto)

[00:00:00] Reading alignment from file: nt_tree/nt_aligned.fasta
[00:00:00] Loaded alignment with 91 taxa and 1629 sites

Alignment comprises 1 partitions and 1629 sites

Partition 0: noname
Model: GTR+FO+G4m
Alignment sites: 1629
Gaps: 5.45 %
Invariant sites: 0.92 %



Alignment can be successfully read by RAxML-NG.


Execution log saved to: /Users/lachlanblack/Documents/GitHub/EspY3-protein-evolution/fresh_wd/T1.raxml.log

Analysis started: 25-Nov-2025 19:14:41 / finished: 25-Nov-2025 19:14:41

Elapsed time: 0.006 seconds

